Sun Feb  5 01:47:49 UTC 2017 Executing 005-setuprunner...
Sun Feb  5 01:47:50 UTC 2017 Executed  005-setuprunner... 1s {0}
Sun Feb  5 01:47:50 UTC 2017 Executing 010-clonearena...
Sun Feb  5 01:47:50 UTC 2017 Executed  010-clonearena... 0s {0}
Sun Feb  5 01:47:50 UTC 2017 Executing 015-configureselinux...
Sun Feb  5 01:47:54 UTC 2017 Executed  015-configureselinux... 4s {0}
Sun Feb  5 01:47:54 UTC 2017 Executing 020-configurednf...
Sun Feb  5 01:47:56 UTC 2017 Executed  020-configurednf... 2s {0}
Sun Feb  5 01:47:56 UTC 2017 Executing 025-updatednf...
Sun Feb  5 01:50:24 UTC 2017 Executed  025-updatednf... 2m 28s {0}
Sun Feb  5 01:50:24 UTC 2017 Executing 030-installdnf...
Sun Feb  5 01:55:39 UTC 2017 Executed  030-installdnf... 5m 15s {0}
Sun Feb  5 01:55:39 UTC 2017 Executing 035-installdmd...
Sun Feb  5 01:56:09 UTC 2017 Executed  035-installdmd... 30s {0}
Sun Feb  5 01:56:09 UTC 2017 Executing 040-installnpm...
Sun Feb  5 01:56:22 UTC 2017 Executed  040-installnpm... 13s {0}
Sun Feb  5 01:56:22 UTC 2017 Executing 045-installpython...
Sun Feb  5 01:56:56 UTC 2017 Executed  045-installpython... 34s {0}
Sun Feb  5 01:56:56 UTC 2017 Executing 050-installoctave...
Sun Feb  5 01:57:07 UTC 2017 Executed  050-installoctave... 11s {0}
Sun Feb  5 01:57:07 UTC 2017 Executing 055-patchmathics...
Sun Feb  5 01:57:07 UTC 2017 Executed  055-patchmathics... 0s {0}
Sun Feb  5 01:57:07 UTC 2017 Executing 060-isntallhaskell...
Sun Feb  5 01:57:30 UTC 2017 Executed  060-isntallhaskell... 23s {0}
Sun Feb  5 01:57:30 UTC 2017 Executing 065-installpowershell...
Sun Feb  5 01:57:41 UTC 2017 Executed  065-installpowershell... 11s {0}
Sun Feb  5 01:57:41 UTC 2017 Executing 070-setlimits...
Sun Feb  5 01:57:41 UTC 2017 Executed  070-setlimits... 0s {0}
Sun Feb  5 01:57:41 UTC 2017 Executing 075-installnode...
Sun Feb  5 01:57:42 UTC 2017 Executed  075-installnode... 1s {0}
/opt /TioSetup/arena
Sun Feb  5 01:57:42 UTC 2017 Executing 05AB1E...
Sun Feb  5 01:57:42 UTC 2017 Executed  05AB1E... 0s {0}
Sun Feb  5 01:57:42 UTC 2017 Executing 2sable...
Sun Feb  5 01:57:42 UTC 2017 Executed  2sable... 0s {0}
Sun Feb  5 01:57:42 UTC 2017 Executing 3var...
Sun Feb  5 01:57:43 UTC 2017 Executed  3var... 1s {0}
Sun Feb  5 01:57:43 UTC 2017 Executing 7...
Sun Feb  5 01:57:43 UTC 2017 Executed  7... 0s {0}
Sun Feb  5 01:57:43 UTC 2017 Executing 99...
Sun Feb  5 01:57:43 UTC 2017 Executed  99... 0s {0}
Sun Feb  5 01:57:43 UTC 2017 Executing a-pear-tree...
Sun Feb  5 01:57:43 UTC 2017 Executed  a-pear-tree... 0s {0}
Sun Feb  5 01:57:43 UTC 2017 Executing actually...
Sun Feb  5 01:57:44 UTC 2017 Executed  actually... 1s {0}
Sun Feb  5 01:57:44 UTC 2017 Executing apl-dyalog...
Sun Feb  5 01:57:44 UTC 2017 Executed  apl-dyalog... 0s {1}
Sun Feb  5 01:57:44 UTC 2017 Executing apl-ngn...
Sun Feb  5 01:57:47 UTC 2017 Executed  apl-ngn... 3s {0}
Sun Feb  5 01:57:47 UTC 2017 Executing arcyou...
Sun Feb  5 01:57:47 UTC 2017 Executed  arcyou... 0s {0}
Sun Feb  5 01:57:47 UTC 2017 Executing arnoldc...
Sun Feb  5 01:57:47 UTC 2017 Executed  arnoldc... 0s {0}
Sun Feb  5 01:57:47 UTC 2017 Executing aubergine...
Sun Feb  5 01:57:47 UTC 2017 Executed  aubergine... 0s {0}
Sun Feb  5 01:57:47 UTC 2017 Executing axo...
Sun Feb  5 01:57:48 UTC 2017 Executed  axo... 1s {0}
Sun Feb  5 01:57:48 UTC 2017 Executing beam...
Sun Feb  5 01:57:48 UTC 2017 Executed  beam... 0s {0}
Sun Feb  5 01:57:48 UTC 2017 Executing beatnik...
Sun Feb  5 01:57:48 UTC 2017 Executed  beatnik... 0s {0}
Sun Feb  5 01:57:48 UTC 2017 Executing beeswax...
Sun Feb  5 01:57:55 UTC 2017 Executed  beeswax... 7s {0}
Sun Feb  5 01:57:55 UTC 2017 Executing befunge...
Sun Feb  5 01:57:56 UTC 2017 Executed  befunge... 1s {0}
Sun Feb  5 01:57:56 UTC 2017 Executing befunge-98...
Sun Feb  5 01:57:56 UTC 2017 Executed  befunge-98... 0s {0}
Sun Feb  5 01:57:56 UTC 2017 Executing blc...
Sun Feb  5 01:57:57 UTC 2017 Executed  blc... 1s {0}
Sun Feb  5 01:57:57 UTC 2017 Executing brachylog...
Sun Feb  5 01:57:57 UTC 2017 Executed  brachylog... 0s {0}
Sun Feb  5 01:57:57 UTC 2017 Executing brachylog2...
Sun Feb  5 01:57:57 UTC 2017 Executed  brachylog2... 0s {0}
Sun Feb  5 01:57:57 UTC 2017 Executing brain-flak...
Sun Feb  5 01:57:57 UTC 2017 Executed  brain-flak... 0s {0}
Sun Feb  5 01:57:57 UTC 2017 Executing brainfuck...
Sun Feb  5 01:57:58 UTC 2017 Executed  brainfuck... 1s {0}
Sun Feb  5 01:57:58 UTC 2017 Executing brian-chuck...
Sun Feb  5 01:57:58 UTC 2017 Executed  brian-chuck... 0s {0}
Sun Feb  5 01:57:58 UTC 2017 Executing bubblegum...
Sun Feb  5 01:57:58 UTC 2017 Executed  bubblegum... 0s {0}
Sun Feb  5 01:57:58 UTC 2017 Executing c-tcc...
Sun Feb  5 01:58:13 UTC 2017 Executed  c-tcc... 15s {0}
Sun Feb  5 01:58:13 UTC 2017 Executing carcoal...
Sun Feb  5 01:58:13 UTC 2017 Executed  carcoal... 0s {0}
Sun Feb  5 01:58:13 UTC 2017 Executing cardinal...
Sun Feb  5 01:58:13 UTC 2017 Executed  cardinal... 0s {0}
Sun Feb  5 01:58:13 UTC 2017 Executing chip...
Sun Feb  5 01:58:14 UTC 2017 Executed  chip... 1s {0}
Sun Feb  5 01:58:14 UTC 2017 Executing cinnamon-gum...
Sun Feb  5 01:58:14 UTC 2017 Executed  cinnamon-gum... 0s {0}
Sun Feb  5 01:58:14 UTC 2017 Executing cjam...
Sun Feb  5 01:58:18 UTC 2017 Executed  cjam... 4s {0}
Sun Feb  5 01:58:18 UTC 2017 Executing convex...
Sun Feb  5 01:58:19 UTC 2017 Executed  convex... 1s {0}
Sun Feb  5 01:58:19 UTC 2017 Executing cow...
Sun Feb  5 01:58:19 UTC 2017 Executed  cow... 0s {0}
Sun Feb  5 01:58:19 UTC 2017 Executing cubix...
Sun Feb  5 01:58:19 UTC 2017 Executed  cubix... 0s {0}
Sun Feb  5 01:58:19 UTC 2017 Executing cy...
Sun Feb  5 01:58:20 UTC 2017 Executed  cy... 1s {0}
Sun Feb  5 01:58:20 UTC 2017 Executing delimit...
Sun Feb  5 01:58:21 UTC 2017 Executed  delimit... 1s {0}
Sun Feb  5 01:58:21 UTC 2017 Executing detour...
Sun Feb  5 01:58:21 UTC 2017 Executed  detour... 0s {0}
Sun Feb  5 01:58:21 UTC 2017 Executing element...
Sun Feb  5 01:58:21 UTC 2017 Executed  element... 0s {0}
Sun Feb  5 01:58:21 UTC 2017 Executing emmental...
Sun Feb  5 01:58:23 UTC 2017 Executed  emmental... 2s {0}
Sun Feb  5 01:58:23 UTC 2017 Executing emoji...
Sun Feb  5 01:58:23 UTC 2017 Executed  emoji... 0s {0}
Sun Feb  5 01:58:23 UTC 2017 Executing emojicode...
Sun Feb  5 01:58:52 UTC 2017 Executed  emojicode... 29s {0}
Sun Feb  5 01:58:52 UTC 2017 Executing eta...
Sun Feb  5 01:58:53 UTC 2017 Executed  eta... 1s {0}
Sun Feb  5 01:58:53 UTC 2017 Executing evil...
Sun Feb  5 01:58:54 UTC 2017 Executed  evil... 1s {0}
Sun Feb  5 01:58:54 UTC 2017 Executing factor...
Sun Feb  5 02:05:24 UTC 2017 Executed  factor... 6m 30s {0}
Sun Feb  5 02:05:24 UTC 2017 Executing fernando...
Sun Feb  5 02:05:24 UTC 2017 Executed  fernando... 0s {0}
Sun Feb  5 02:05:24 UTC 2017 Executing feu...
Sun Feb  5 02:05:24 UTC 2017 Executed  feu... 0s {0}
Sun Feb  5 02:05:24 UTC 2017 Executing fish...
Sun Feb  5 02:05:24 UTC 2017 Executed  fish... 0s {0}
Sun Feb  5 02:05:24 UTC 2017 Executing fission...
Sun Feb  5 02:05:37 UTC 2017 Executed  fission... 13s {0}
Sun Feb  5 02:05:37 UTC 2017 Executing focal...
Sun Feb  5 02:05:39 UTC 2017 Executed  focal... 2s {0}
Sun Feb  5 02:05:39 UTC 2017 Executing foo...
Sun Feb  5 02:05:40 UTC 2017 Executed  foo... 1s {0}
Sun Feb  5 02:05:40 UTC 2017 Executing forte...
Sun Feb  5 02:05:40 UTC 2017 Executed  forte... 0s {0}
Sun Feb  5 02:05:40 UTC 2017 Executing fourier...
Sun Feb  5 02:05:40 UTC 2017 Executed  fourier... 0s {0}
Sun Feb  5 02:05:40 UTC 2017 Executing glypho...
Sun Feb  5 02:05:41 UTC 2017 Executed  glypho... 1s {0}
Sun Feb  5 02:05:41 UTC 2017 Executing golfscript...
Sun Feb  5 02:05:41 UTC 2017 Executed  golfscript... 0s {0}
Sun Feb  5 02:05:41 UTC 2017 Executing grass...
Sun Feb  5 02:05:42 UTC 2017 Executed  grass... 1s {0}
Sun Feb  5 02:05:42 UTC 2017 Executing grime...
Sun Feb  5 02:05:53 UTC 2017 Executed  grime... 11s {0}
Sun Feb  5 02:05:53 UTC 2017 Executing gs2...
Sun Feb  5 02:05:53 UTC 2017 Executed  gs2... 0s {0}
Sun Feb  5 02:05:53 UTC 2017 Executing haystack...
Sun Feb  5 02:05:53 UTC 2017 Executed  haystack... 0s {0}
Sun Feb  5 02:05:53 UTC 2017 Executing hexagony...
Sun Feb  5 02:05:53 UTC 2017 Executed  hexagony... 0s {0}
Sun Feb  5 02:05:53 UTC 2017 Executing intercal...
Sun Feb  5 02:06:05 UTC 2017 Executed  intercal... 12s {0}
Sun Feb  5 02:06:05 UTC 2017 Executing j...
Sun Feb  5 02:06:06 UTC 2017 Executed  j... 1s {0}
Sun Feb  5 02:06:06 UTC 2017 Executing japt...
Sun Feb  5 02:06:06 UTC 2017 Executed  japt... 0s {0}
Sun Feb  5 02:06:06 UTC 2017 Executing javascript-node...
Sun Feb  5 02:06:07 UTC 2017 Executed  javascript-node... 1s {0}
Sun Feb  5 02:06:07 UTC 2017 Executing jelly...
Sun Feb  5 02:06:07 UTC 2017 Executed  jelly... 0s {0}
Sun Feb  5 02:06:07 UTC 2017 Executing jellyfish...
Sun Feb  5 02:06:07 UTC 2017 Executed  jellyfish... 0s {0}
Sun Feb  5 02:06:07 UTC 2017 Executing joy...
Sun Feb  5 02:06:27 UTC 2017 Executed  joy... 20s {0}
Sun Feb  5 02:06:27 UTC 2017 Executing julia...
Sun Feb  5 02:06:29 UTC 2017 Executed  julia... 2s {0}
Sun Feb  5 02:06:29 UTC 2017 Executing julia5...
Sun Feb  5 02:06:33 UTC 2017 Executed  julia5... 4s {0}
Sun Feb  5 02:06:33 UTC 2017 Executing k-kona...
Sun Feb  5 02:06:46 UTC 2017 Executed  k-kona... 13s {0}
Sun Feb  5 02:06:46 UTC 2017 Executing kotlin...
Sun Feb  5 02:06:47 UTC 2017 Executed  kotlin... 1s {0}
Sun Feb  5 02:06:47 UTC 2017 Executing labirynth...
Sun Feb  5 02:06:47 UTC 2017 Executed  labirynth... 0s {0}
Sun Feb  5 02:06:47 UTC 2017 Executing lily...
Sun Feb  5 02:06:54 UTC 2017 Executed  lily... 7s {0}
Sun Feb  5 02:06:54 UTC 2017 Executing logicode...
Sun Feb  5 02:06:54 UTC 2017 Executed  logicode... 0s {0}
Sun Feb  5 02:06:54 UTC 2017 Executing lolcode...
Sun Feb  5 02:06:57 UTC 2017 Executed  lolcode... 3s {0}
Sun Feb  5 02:06:57 UTC 2017 Executing m...
Sun Feb  5 02:06:57 UTC 2017 Executed  m... 0s {0}
Sun Feb  5 02:06:57 UTC 2017 Executing malbolge...
Sun Feb  5 02:06:57 UTC 2017 Executed  malbolge... 0s {0}
Sun Feb  5 02:06:57 UTC 2017 Executing mariolang...
Sun Feb  5 02:06:58 UTC 2017 Executed  mariolang... 1s {0}
Sun Feb  5 02:06:58 UTC 2017 Executing matl...
Sun Feb  5 02:06:59 UTC 2017 Executed  matl... 1s {0}
Sun Feb  5 02:06:59 UTC 2017 Executing maverick...
Sun Feb  5 02:07:02 UTC 2017 Executed  maverick... 3s {0}
Sun Feb  5 02:07:02 UTC 2017 Executing minkolang...
Sun Feb  5 02:07:03 UTC 2017 Executed  minkolang... 1s {0}
Sun Feb  5 02:07:03 UTC 2017 Executing numerwang...
Sun Feb  5 02:07:04 UTC 2017 Executed  numerwang... 1s {0}
Sun Feb  5 02:07:04 UTC 2017 Executing oasis...
Sun Feb  5 02:07:04 UTC 2017 Executed  oasis... 0s {0}
Sun Feb  5 02:07:04 UTC 2017 Executing parenthetic...
Sun Feb  5 02:07:04 UTC 2017 Executed  parenthetic... 0s {0}
Sun Feb  5 02:07:04 UTC 2017 Executing pari-gp...
Sun Feb  5 02:09:39 UTC 2017 Executed  pari-gp... 2m 35s {0}
Sun Feb  5 02:09:39 UTC 2017 Executing pbrain...
Sun Feb  5 02:09:39 UTC 2017 Executed  pbrain... 0s {0}
Sun Feb  5 02:09:39 UTC 2017 Executing picolisp...
Sun Feb  5 02:09:47 UTC 2017 Executed  picolisp... 8s {0}
Sun Feb  5 02:09:47 UTC 2017 Executing pip...
Sun Feb  5 02:09:47 UTC 2017 Executed  pip... 0s {0}
Sun Feb  5 02:09:47 UTC 2017 Executing pl...
Sun Feb  5 02:09:48 UTC 2017 Executed  pl... 1s {0}
Sun Feb  5 02:09:48 UTC 2017 Executing prelude...
Sun Feb  5 02:09:48 UTC 2017 Executed  prelude... 0s {0}
Sun Feb  5 02:09:48 UTC 2017 Executing purple...
Sun Feb  5 02:09:48 UTC 2017 Executed  purple... 0s {0}
Sun Feb  5 02:09:48 UTC 2017 Executing pushy...
Sun Feb  5 02:09:48 UTC 2017 Executed  pushy... 0s {0}
Sun Feb  5 02:09:48 UTC 2017 Executing pylons...
Sun Feb  5 02:09:48 UTC 2017 Executed  pylons... 0s {0}
Sun Feb  5 02:09:48 UTC 2017 Executing pyramid-scheme...
Sun Feb  5 02:09:48 UTC 2017 Executed  pyramid-scheme... 0s {0}
Sun Feb  5 02:09:48 UTC 2017 Executing pyth...
Sun Feb  5 02:09:49 UTC 2017 Executed  pyth... 1s {0}
Sun Feb  5 02:09:49 UTC 2017 Executing racket...
Sun Feb  5 02:09:55 UTC 2017 Executed  racket... 6s {0}
Sun Feb  5 02:09:55 UTC 2017 Executing rail...
Sun Feb  5 02:10:01 UTC 2017 Executed  rail... 6s {0}
Sun Feb  5 02:10:01 UTC 2017 Executing reticular...
Sun Feb  5 02:10:01 UTC 2017 Executed  reticular... 0s {0}
Sun Feb  5 02:10:01 UTC 2017 Executing retina...
Sun Feb  5 02:10:01 UTC 2017 Executed  retina... 0s {0}
Sun Feb  5 02:10:01 UTC 2017 Executing rotor...
Sun Feb  5 02:10:02 UTC 2017 Executed  rotor... 1s {0}
Sun Feb  5 02:10:02 UTC 2017 Executing rprogn...
Sun Feb  5 02:10:03 UTC 2017 Executed  rprogn... 1s {0}
Sun Feb  5 02:10:03 UTC 2017 Executing rprogn2...
Sun Feb  5 02:10:03 UTC 2017 Executed  rprogn2... 0s {0}
Sun Feb  5 02:10:03 UTC 2017 Executing scheme-chez...
Sun Feb  5 02:10:55 UTC 2017 Executed  scheme-chez... 52s {0}
Sun Feb  5 02:10:55 UTC 2017 Executing seriously...
Sun Feb  5 02:10:56 UTC 2017 Executed  seriously... 1s {0}
Sun Feb  5 02:10:56 UTC 2017 Executing sesos...
Sun Feb  5 02:10:56 UTC 2017 Executed  sesos... 0s {0}
Sun Feb  5 02:10:56 UTC 2017 Executing shapescript...
Sun Feb  5 02:10:56 UTC 2017 Executed  shapescript... 0s {0}
Sun Feb  5 02:10:56 UTC 2017 Executing shtriped...
Sun Feb  5 02:10:56 UTC 2017 Executed  shtriped... 0s {0}
Sun Feb  5 02:10:56 UTC 2017 Executing silos...
Sun Feb  5 02:10:58 UTC 2017 Executed  silos... 2s {0}
Sun Feb  5 02:10:58 UTC 2017 Executing slashes...
Sun Feb  5 02:10:58 UTC 2017 Executed  slashes... 0s {0}
Sun Feb  5 02:10:58 UTC 2017 Executing smbf...
Sun Feb  5 02:10:59 UTC 2017 Executed  smbf... 1s {0}
Sun Feb  5 02:11:00 UTC 2017 Executing snails...
Sun Feb  5 02:11:04 UTC 2017 Executed  snails... 4s {0}
Sun Feb  5 02:11:04 UTC 2017 Executing snowman...
Sun Feb  5 02:11:07 UTC 2017 Executed  snowman... 3s {0}
Sun Feb  5 02:11:07 UTC 2017 Executing somme...
Sun Feb  5 02:11:08 UTC 2017 Executed  somme... 1s {0}
Sun Feb  5 02:11:08 UTC 2017 Executing stackcats...
Sun Feb  5 02:11:08 UTC 2017 Executed  stackcats... 0s {0}
Sun Feb  5 02:11:08 UTC 2017 Executing stacked...
Sun Feb  5 02:11:08 UTC 2017 Executed  stacked... 0s {0}
Sun Feb  5 02:11:08 UTC 2017 Executing starry...
Sun Feb  5 02:11:08 UTC 2017 Executed  starry... 0s {0}
Sun Feb  5 02:11:08 UTC 2017 Executing straw...
Sun Feb  5 02:11:08 UTC 2017 Executed  straw... 0s {0}
Sun Feb  5 02:11:08 UTC 2017 Executing taxi...
Sun Feb  5 02:11:09 UTC 2017 Executed  taxi... 1s {0}
Sun Feb  5 02:11:09 UTC 2017 Executing templates...
Sun Feb  5 02:11:10 UTC 2017 Executed  templates... 1s {0}
Sun Feb  5 02:11:10 UTC 2017 Executing threead...
Sun Feb  5 02:11:10 UTC 2017 Executed  threead... 0s {0}
Sun Feb  5 02:11:10 UTC 2017 Executing thue...
Sun Feb  5 02:11:10 UTC 2017 Executed  thue... 0s {0}
Sun Feb  5 02:11:10 UTC 2017 Executing thutu...
Sun Feb  5 02:11:10 UTC 2017 Executed  thutu... 0s {0}
Sun Feb  5 02:11:10 UTC 2017 Executing tinylisp...
Sun Feb  5 02:11:10 UTC 2017 Executed  tinylisp... 0s {0}
Sun Feb  5 02:11:10 UTC 2017 Executing transcript...
Sun Feb  5 02:11:11 UTC 2017 Executed  transcript... 1s {0}
Sun Feb  5 02:11:11 UTC 2017 Executing trigger...
Sun Feb  5 02:11:11 UTC 2017 Executed  trigger... 0s {0}
Sun Feb  5 02:11:11 UTC 2017 Executing trumpscript...
Sun Feb  5 02:11:11 UTC 2017 Executed  trumpscript... 0s {0}
Sun Feb  5 02:11:11 UTC 2017 Executing turtled...
Sun Feb  5 02:11:11 UTC 2017 Executed  turtled... 0s {0}
Sun Feb  5 02:11:11 UTC 2017 Executing ubasic...
Sun Feb  5 02:11:12 UTC 2017 Executed  ubasic... 1s {0}
Sun Feb  5 02:11:12 UTC 2017 Executing underload...
Sun Feb  5 02:11:12 UTC 2017 Executed  underload... 0s {0}
Sun Feb  5 02:11:12 UTC 2017 Executing unlambda...
Sun Feb  5 02:11:13 UTC 2017 Executed  unlambda... 1s {0}
Sun Feb  5 02:11:13 UTC 2017 Executing v...
Sun Feb  5 02:11:13 UTC 2017 Executed  v... 0s {0}
Sun Feb  5 02:11:13 UTC 2017 Executing vitsy...
Sun Feb  5 02:11:14 UTC 2017 Executed  vitsy... 1s {0}
Sun Feb  5 02:11:14 UTC 2017 Executing whirl...
Sun Feb  5 02:11:14 UTC 2017 Executed  whirl... 0s {0}
Sun Feb  5 02:11:14 UTC 2017 Executing whitespace...
Sun Feb  5 02:11:17 UTC 2017 Executed  whitespace... 3s {0}
Sun Feb  5 02:11:17 UTC 2017 Executing woefully...
Sun Feb  5 02:11:17 UTC 2017 Executed  woefully... 0s {0}
Sun Feb  5 02:11:17 UTC 2017 Executing yup...
Sun Feb  5 02:11:17 UTC 2017 Executed  yup... 0s {0}
/TioSetup/arena
Sun Feb  5 02:11:17 UTC 2017 Executing 010-custom...
Sun Feb  5 02:11:31 UTC 2017 Executed  010-custom... 14s {0}
