Sun Feb  5 01:47:50 UTC 2017
restorecon reset /srv/bin context system_u:object_r:var_t:s0->system_u:object_r:bin_t:s0
restorecon reset /srv/bin/run-legacy context system_u:object_r:var_t:s0->system_u:object_r:bin_t:s0
restorecon reset /srv/bin/wrapper context system_u:object_r:var_t:s0->system_u:object_r:bin_t:s0
restorecon reset /srv/bin/run context system_u:object_r:var_t:s0->system_u:object_r:bin_t:s0
restorecon reset /srv/bin/wrapper-legacy context system_u:object_r:var_t:s0->system_u:object_r:bin_t:s0
restorecon reset /srv/bin/runner context system_u:object_r:var_t:s0->system_u:object_r:bin_t:s0
restorecon reset /srv/wrappers context system_u:object_r:var_t:s0->system_u:object_r:bin_t:s0
restorecon reset /srv/wrappers/05ab1e context system_u:object_r:var_t:s0->system_u:object_r:bin_t:s0
restorecon reset /srv/wrappers/vitsy context system_u:object_r:var_t:s0->system_u:object_r:bin_t:s0
restorecon reset /srv/wrappers/befunge context system_u:object_r:var_t:s0->system_u:object_r:bin_t:s0
restorecon reset /srv/wrappers/reticular context system_u:object_r:var_t:s0->system_u:object_r:bin_t:s0
restorecon reset /srv/wrappers/fernando context system_u:object_r:var_t:s0->system_u:object_r:bin_t:s0
restorecon reset /srv/wrappers/perl context system_u:object_r:var_t:s0->system_u:object_r:bin_t:s0
restorecon reset /srv/wrappers/awk context system_u:object_r:var_t:s0->system_u:object_r:bin_t:s0
restorecon reset /srv/wrappers/ksh context system_u:object_r:var_t:s0->system_u:object_r:bin_t:s0
restorecon reset /srv/wrappers/zsh context system_u:object_r:var_t:s0->system_u:object_r:bin_t:s0
restorecon reset /srv/wrappers/pylons context system_u:object_r:var_t:s0->system_u:object_r:bin_t:s0
restorecon reset /srv/wrappers/smbf context system_u:object_r:var_t:s0->system_u:object_r:bin_t:s0
restorecon reset /srv/wrappers/detour context system_u:object_r:var_t:s0->system_u:object_r:bin_t:s0
restorecon reset /srv/wrappers/cinnamon-gum context system_u:object_r:var_t:s0->system_u:object_r:bin_t:s0
restorecon reset /srv/wrappers/lily context system_u:object_r:var_t:s0->system_u:object_r:bin_t:s0
restorecon reset /srv/wrappers/cardinal context system_u:object_r:var_t:s0->system_u:object_r:bin_t:s0
restorecon reset /srv/wrappers/golfscript context system_u:object_r:var_t:s0->system_u:object_r:bin_t:s0
restorecon reset /srv/wrappers/factor context system_u:object_r:var_t:s0->system_u:object_r:bin_t:s0
restorecon reset /srv/wrappers/forte context system_u:object_r:var_t:s0->system_u:object_r:bin_t:s0
restorecon reset /srv/wrappers/apl-ngn context system_u:object_r:var_t:s0->system_u:object_r:bin_t:s0
restorecon reset /srv/wrappers/assembly-nasm context system_u:object_r:var_t:s0->system_u:object_r:bin_t:s0
restorecon reset /srv/wrappers/pbrain context system_u:object_r:var_t:s0->system_u:object_r:bin_t:s0
restorecon reset /srv/wrappers/perl6 context system_u:object_r:var_t:s0->system_u:object_r:bin_t:s0
restorecon reset /srv/wrappers/parenthetic context system_u:object_r:var_t:s0->system_u:object_r:bin_t:s0
restorecon reset /srv/wrappers/minkolang context system_u:object_r:var_t:s0->system_u:object_r:bin_t:s0
restorecon reset /srv/wrappers/pari-gp context system_u:object_r:var_t:s0->system_u:object_r:bin_t:s0
restorecon reset /srv/wrappers/forth-gforth context system_u:object_r:var_t:s0->system_u:object_r:bin_t:s0
restorecon reset /srv/wrappers/javascript-babel-node context system_u:object_r:var_t:s0->system_u:object_r:bin_t:s0
restorecon reset /srv/wrappers/brachylog2 context system_u:object_r:var_t:s0->system_u:object_r:bin_t:s0
restorecon reset /srv/wrappers/whitespace context system_u:object_r:var_t:s0->system_u:object_r:bin_t:s0
restorecon reset /srv/wrappers/arcyou context system_u:object_r:var_t:s0->system_u:object_r:bin_t:s0
restorecon reset /srv/wrappers/numberwang context system_u:object_r:var_t:s0->system_u:object_r:bin_t:s0
restorecon reset /srv/wrappers/turtled context system_u:object_r:var_t:s0->system_u:object_r:bin_t:s0
restorecon reset /srv/wrappers/julia5 context system_u:object_r:var_t:s0->system_u:object_r:bin_t:s0
restorecon reset /srv/wrappers/slashes context system_u:object_r:var_t:s0->system_u:object_r:bin_t:s0
restorecon reset /srv/wrappers/cjam context system_u:object_r:var_t:s0->system_u:object_r:bin_t:s0
restorecon reset /srv/wrappers/joy context system_u:object_r:var_t:s0->system_u:object_r:bin_t:s0
restorecon reset /srv/wrappers/javascript-node context system_u:object_r:var_t:s0->system_u:object_r:bin_t:s0
restorecon reset /srv/wrappers/pushy context system_u:object_r:var_t:s0->system_u:object_r:bin_t:s0
restorecon reset /srv/wrappers/emmental context system_u:object_r:var_t:s0->system_u:object_r:bin_t:s0
restorecon reset /srv/wrappers/chip context system_u:object_r:var_t:s0->system_u:object_r:bin_t:s0
restorecon reset /srv/wrappers/underload context system_u:object_r:var_t:s0->system_u:object_r:bin_t:s0
restorecon reset /srv/wrappers/stacked context system_u:object_r:var_t:s0->system_u:object_r:bin_t:s0
restorecon reset /srv/wrappers/beatnik context system_u:object_r:var_t:s0->system_u:object_r:bin_t:s0
restorecon reset /srv/wrappers/j context system_u:object_r:var_t:s0->system_u:object_r:bin_t:s0
restorecon reset /srv/wrappers/visual-basic-net-mono context system_u:object_r:var_t:s0->system_u:object_r:bin_t:s0
restorecon reset /srv/wrappers/charcoal context system_u:object_r:var_t:s0->system_u:object_r:bin_t:s0
restorecon reset /srv/wrappers/snowman context system_u:object_r:var_t:s0->system_u:object_r:bin_t:s0
restorecon reset /srv/wrappers/assembly-as context system_u:object_r:var_t:s0->system_u:object_r:bin_t:s0
restorecon reset /srv/wrappers/bubblegum context system_u:object_r:var_t:s0->system_u:object_r:bin_t:s0
restorecon reset /srv/wrappers/c-clang context system_u:object_r:var_t:s0->system_u:object_r:bin_t:s0
restorecon reset /srv/wrappers/bc context system_u:object_r:var_t:s0->system_u:object_r:bin_t:s0
restorecon reset /srv/wrappers/powershell context system_u:object_r:var_t:s0->system_u:object_r:bin_t:s0
restorecon reset /srv/wrappers/maverick context system_u:object_r:var_t:s0->system_u:object_r:bin_t:s0
restorecon reset /srv/wrappers/woefully context system_u:object_r:var_t:s0->system_u:object_r:bin_t:s0
restorecon reset /srv/wrappers/foo context system_u:object_r:var_t:s0->system_u:object_r:bin_t:s0
restorecon reset /srv/wrappers/dc context system_u:object_r:var_t:s0->system_u:object_r:bin_t:s0
restorecon reset /srv/wrappers/shapescript context system_u:object_r:var_t:s0->system_u:object_r:bin_t:s0
restorecon reset /srv/wrappers/vala context system_u:object_r:var_t:s0->system_u:object_r:bin_t:s0
restorecon reset /srv/wrappers/trigger context system_u:object_r:var_t:s0->system_u:object_r:bin_t:s0
restorecon reset /srv/wrappers/mariolang context system_u:object_r:var_t:s0->system_u:object_r:bin_t:s0
restorecon reset /srv/wrappers/clojure context system_u:object_r:var_t:s0->system_u:object_r:bin_t:s0
restorecon reset /srv/wrappers/cpp-gcc context system_u:object_r:var_t:s0->system_u:object_r:bin_t:s0
restorecon reset /srv/wrappers/convex context system_u:object_r:var_t:s0->system_u:object_r:bin_t:s0
restorecon reset /srv/wrappers/shtriped context system_u:object_r:var_t:s0->system_u:object_r:bin_t:s0
restorecon reset /srv/wrappers/haystack context system_u:object_r:var_t:s0->system_u:object_r:bin_t:s0
restorecon reset /srv/wrappers/7 context system_u:object_r:var_t:s0->system_u:object_r:bin_t:s0
restorecon reset /srv/wrappers/tcsh context system_u:object_r:var_t:s0->system_u:object_r:bin_t:s0
restorecon reset /srv/wrappers/k-kona context system_u:object_r:var_t:s0->system_u:object_r:bin_t:s0
restorecon reset /srv/wrappers/erlang-escript context system_u:object_r:var_t:s0->system_u:object_r:bin_t:s0
restorecon reset /srv/wrappers/powershell-core context system_u:object_r:var_t:s0->system_u:object_r:bin_t:s0
restorecon reset /srv/wrappers/octave context system_u:object_r:var_t:s0->system_u:object_r:bin_t:s0
restorecon reset /srv/wrappers/oasis context system_u:object_r:var_t:s0->system_u:object_r:bin_t:s0
restorecon reset /srv/wrappers/beam context system_u:object_r:var_t:s0->system_u:object_r:bin_t:s0
restorecon reset /srv/wrappers/jellyfish context system_u:object_r:var_t:s0->system_u:object_r:bin_t:s0
restorecon reset /srv/wrappers/prelude context system_u:object_r:var_t:s0->system_u:object_r:bin_t:s0
restorecon reset /srv/wrappers/python2 context system_u:object_r:var_t:s0->system_u:object_r:bin_t:s0
restorecon reset /srv/wrappers/racket context system_u:object_r:var_t:s0->system_u:object_r:bin_t:s0
restorecon reset /srv/wrappers/transcript context system_u:object_r:var_t:s0->system_u:object_r:bin_t:s0
restorecon reset /srv/wrappers/intercal context system_u:object_r:var_t:s0->system_u:object_r:bin_t:s0
restorecon reset /srv/wrappers/clisp context system_u:object_r:var_t:s0->system_u:object_r:bin_t:s0
restorecon reset /srv/wrappers/purple context system_u:object_r:var_t:s0->system_u:object_r:bin_t:s0
restorecon reset /srv/wrappers/somme context system_u:object_r:var_t:s0->system_u:object_r:bin_t:s0
restorecon reset /srv/wrappers/starry context system_u:object_r:var_t:s0->system_u:object_r:bin_t:s0
restorecon reset /srv/wrappers/focal context system_u:object_r:var_t:s0->system_u:object_r:bin_t:s0
restorecon reset /srv/wrappers/brainfuck context system_u:object_r:var_t:s0->system_u:object_r:bin_t:s0
restorecon reset /srv/wrappers/grass context system_u:object_r:var_t:s0->system_u:object_r:bin_t:s0
restorecon reset /srv/wrappers/brain-flak context system_u:object_r:var_t:s0->system_u:object_r:bin_t:s0
restorecon reset /srv/wrappers/ruby context system_u:object_r:var_t:s0->system_u:object_r:bin_t:s0
restorecon reset /srv/wrappers/scheme-chez context system_u:object_r:var_t:s0->system_u:object_r:bin_t:s0
restorecon reset /srv/wrappers/julia context system_u:object_r:var_t:s0->system_u:object_r:bin_t:s0
restorecon reset /srv/wrappers/objective-c-clang context system_u:object_r:var_t:s0->system_u:object_r:bin_t:s0
restorecon reset /srv/wrappers/whirl context system_u:object_r:var_t:s0->system_u:object_r:bin_t:s0
restorecon reset /srv/wrappers/c-gcc context system_u:object_r:var_t:s0->system_u:object_r:bin_t:s0
restorecon reset /srv/wrappers/silos context system_u:object_r:var_t:s0->system_u:object_r:bin_t:s0
restorecon reset /srv/wrappers/logicode context system_u:object_r:var_t:s0->system_u:object_r:bin_t:s0
restorecon reset /srv/wrappers/cheddar context system_u:object_r:var_t:s0->system_u:object_r:bin_t:s0
restorecon reset /srv/wrappers/japt context system_u:object_r:var_t:s0->system_u:object_r:bin_t:s0
restorecon reset /srv/wrappers/threead context system_u:object_r:var_t:s0->system_u:object_r:bin_t:s0
restorecon reset /srv/wrappers/v context system_u:object_r:var_t:s0->system_u:object_r:bin_t:s0
restorecon reset /srv/wrappers/fish-shell context system_u:object_r:var_t:s0->system_u:object_r:bin_t:s0
restorecon reset /srv/wrappers/grime context system_u:object_r:var_t:s0->system_u:object_r:bin_t:s0
restorecon reset /srv/wrappers/scheme-chicken context system_u:object_r:var_t:s0->system_u:object_r:bin_t:s0
restorecon reset /srv/wrappers/scheme-guile context system_u:object_r:var_t:s0->system_u:object_r:bin_t:s0
restorecon reset /srv/wrappers/glypho context system_u:object_r:var_t:s0->system_u:object_r:bin_t:s0
restorecon reset /srv/wrappers/aubergine context system_u:object_r:var_t:s0->system_u:object_r:bin_t:s0
restorecon reset /srv/wrappers/ocaml context system_u:object_r:var_t:s0->system_u:object_r:bin_t:s0
restorecon reset /srv/wrappers/beeswax context system_u:object_r:var_t:s0->system_u:object_r:bin_t:s0
restorecon reset /srv/wrappers/cubix context system_u:object_r:var_t:s0->system_u:object_r:bin_t:s0
restorecon reset /srv/wrappers/thutu context system_u:object_r:var_t:s0->system_u:object_r:bin_t:s0
restorecon reset /srv/wrappers/rust context system_u:object_r:var_t:s0->system_u:object_r:bin_t:s0
restorecon reset /srv/wrappers/element context system_u:object_r:var_t:s0->system_u:object_r:bin_t:s0
restorecon reset /srv/wrappers/maxima context system_u:object_r:var_t:s0->system_u:object_r:bin_t:s0
restorecon reset /srv/wrappers/brainbool context system_u:object_r:var_t:s0->system_u:object_r:bin_t:s0
restorecon reset /srv/wrappers/pip context system_u:object_r:var_t:s0->system_u:object_r:bin_t:s0
restorecon reset /srv/wrappers/lolcode context system_u:object_r:var_t:s0->system_u:object_r:bin_t:s0
restorecon reset /srv/wrappers/tinylisp context system_u:object_r:var_t:s0->system_u:object_r:bin_t:s0
restorecon reset /srv/wrappers/fission context system_u:object_r:var_t:s0->system_u:object_r:bin_t:s0
restorecon reset /srv/wrappers/haskell context system_u:object_r:var_t:s0->system_u:object_r:bin_t:s0
restorecon reset /srv/wrappers/pyramid-scheme context system_u:object_r:var_t:s0->system_u:object_r:bin_t:s0
restorecon reset /srv/wrappers/evil context system_u:object_r:var_t:s0->system_u:object_r:bin_t:s0
restorecon reset /srv/wrappers/3var context system_u:object_r:var_t:s0->system_u:object_r:bin_t:s0
restorecon reset /srv/wrappers/trumpscript context system_u:object_r:var_t:s0->system_u:object_r:bin_t:s0
restorecon reset /srv/wrappers/feu context system_u:object_r:var_t:s0->system_u:object_r:bin_t:s0
restorecon reset /srv/wrappers/brachylog context system_u:object_r:var_t:s0->system_u:object_r:bin_t:s0
restorecon reset /srv/wrappers/coffeescript context system_u:object_r:var_t:s0->system_u:object_r:bin_t:s0
restorecon reset /srv/wrappers/r context system_u:object_r:var_t:s0->system_u:object_r:bin_t:s0
restorecon reset /srv/wrappers/arnoldc context system_u:object_r:var_t:s0->system_u:object_r:bin_t:s0
restorecon reset /srv/wrappers/rprogn context system_u:object_r:var_t:s0->system_u:object_r:bin_t:s0
restorecon reset /srv/wrappers/fish context system_u:object_r:var_t:s0->system_u:object_r:bin_t:s0
restorecon reset /srv/wrappers/a-pear-tree context system_u:object_r:var_t:s0->system_u:object_r:bin_t:s0
restorecon reset /srv/wrappers/malbolge context system_u:object_r:var_t:s0->system_u:object_r:bin_t:s0
restorecon reset /srv/wrappers/cy context system_u:object_r:var_t:s0->system_u:object_r:bin_t:s0
restorecon reset /srv/wrappers/hexagony context system_u:object_r:var_t:s0->system_u:object_r:bin_t:s0
restorecon reset /srv/wrappers/mathics context system_u:object_r:var_t:s0->system_u:object_r:bin_t:s0
restorecon reset /srv/wrappers/cow context system_u:object_r:var_t:s0->system_u:object_r:bin_t:s0
restorecon reset /srv/wrappers/rail context system_u:object_r:var_t:s0->system_u:object_r:bin_t:s0
restorecon reset /srv/wrappers/brian-chuck context system_u:object_r:var_t:s0->system_u:object_r:bin_t:s0
restorecon reset /srv/wrappers/fission2 context system_u:object_r:var_t:s0->system_u:object_r:bin_t:s0
restorecon reset /srv/wrappers/bash context system_u:object_r:var_t:s0->system_u:object_r:bin_t:s0
restorecon reset /srv/wrappers/pl context system_u:object_r:var_t:s0->system_u:object_r:bin_t:s0
restorecon reset /srv/wrappers/fs-mono context system_u:object_r:var_t:s0->system_u:object_r:bin_t:s0
restorecon reset /srv/wrappers/lua context system_u:object_r:var_t:s0->system_u:object_r:bin_t:s0
restorecon reset /srv/wrappers/apl-dyalog context system_u:object_r:var_t:s0->system_u:object_r:bin_t:s0
restorecon reset /srv/wrappers/unlambda context system_u:object_r:var_t:s0->system_u:object_r:bin_t:s0
restorecon reset /srv/wrappers/yup context system_u:object_r:var_t:s0->system_u:object_r:bin_t:s0
restorecon reset /srv/wrappers/cs-mono context system_u:object_r:var_t:s0->system_u:object_r:bin_t:s0
restorecon reset /srv/wrappers/nim context system_u:object_r:var_t:s0->system_u:object_r:bin_t:s0
restorecon reset /srv/wrappers/c-tcc context system_u:object_r:var_t:s0->system_u:object_r:bin_t:s0
restorecon reset /srv/wrappers/stackcats context system_u:object_r:var_t:s0->system_u:object_r:bin_t:s0
restorecon reset /srv/wrappers/dash context system_u:object_r:var_t:s0->system_u:object_r:bin_t:s0
restorecon reset /srv/wrappers/groovy context system_u:object_r:var_t:s0->system_u:object_r:bin_t:s0
restorecon reset /srv/wrappers/fourier context system_u:object_r:var_t:s0->system_u:object_r:bin_t:s0
restorecon reset /srv/wrappers/php context system_u:object_r:var_t:s0->system_u:object_r:bin_t:s0
restorecon reset /srv/wrappers/99 context system_u:object_r:var_t:s0->system_u:object_r:bin_t:s0
restorecon reset /srv/wrappers/pyth context system_u:object_r:var_t:s0->system_u:object_r:bin_t:s0
restorecon reset /srv/wrappers/thue context system_u:object_r:var_t:s0->system_u:object_r:bin_t:s0
restorecon reset /srv/wrappers/python3 context system_u:object_r:var_t:s0->system_u:object_r:bin_t:s0
restorecon reset /srv/wrappers/matl context system_u:object_r:var_t:s0->system_u:object_r:bin_t:s0
restorecon reset /srv/wrappers/axo context system_u:object_r:var_t:s0->system_u:object_r:bin_t:s0
restorecon reset /srv/wrappers/snails context system_u:object_r:var_t:s0->system_u:object_r:bin_t:s0
restorecon reset /srv/wrappers/rprogn-2 context system_u:object_r:var_t:s0->system_u:object_r:bin_t:s0
restorecon reset /srv/wrappers/labyrinth context system_u:object_r:var_t:s0->system_u:object_r:bin_t:s0
restorecon reset /srv/wrappers/befunge-98 context system_u:object_r:var_t:s0->system_u:object_r:bin_t:s0
restorecon reset /srv/wrappers/emojicode context system_u:object_r:var_t:s0->system_u:object_r:bin_t:s0
restorecon reset /srv/wrappers/straw context system_u:object_r:var_t:s0->system_u:object_r:bin_t:s0
restorecon reset /srv/wrappers/delimit context system_u:object_r:var_t:s0->system_u:object_r:bin_t:s0
restorecon reset /srv/wrappers/taxi context system_u:object_r:var_t:s0->system_u:object_r:bin_t:s0
restorecon reset /srv/wrappers/retina context system_u:object_r:var_t:s0->system_u:object_r:bin_t:s0
restorecon reset /srv/wrappers/actually context system_u:object_r:var_t:s0->system_u:object_r:bin_t:s0
restorecon reset /srv/wrappers/assembly-gcc context system_u:object_r:var_t:s0->system_u:object_r:bin_t:s0
restorecon reset /srv/wrappers/kotlin context system_u:object_r:var_t:s0->system_u:object_r:bin_t:s0
restorecon reset /srv/wrappers/prolog-swi context system_u:object_r:var_t:s0->system_u:object_r:bin_t:s0
restorecon reset /srv/wrappers/go context system_u:object_r:var_t:s0->system_u:object_r:bin_t:s0
restorecon reset /srv/wrappers/emoji context system_u:object_r:var_t:s0->system_u:object_r:bin_t:s0
restorecon reset /srv/wrappers/elf context system_u:object_r:var_t:s0->system_u:object_r:bin_t:s0
restorecon reset /srv/wrappers/jelly context system_u:object_r:var_t:s0->system_u:object_r:bin_t:s0
restorecon reset /srv/wrappers/emacs-lisp context system_u:object_r:var_t:s0->system_u:object_r:bin_t:s0
restorecon reset /srv/wrappers/m context system_u:object_r:var_t:s0->system_u:object_r:bin_t:s0
restorecon reset /srv/wrappers/2sable context system_u:object_r:var_t:s0->system_u:object_r:bin_t:s0
restorecon reset /srv/wrappers/sesos context system_u:object_r:var_t:s0->system_u:object_r:bin_t:s0
restorecon reset /srv/wrappers/d context system_u:object_r:var_t:s0->system_u:object_r:bin_t:s0
restorecon reset /srv/wrappers/java-openjdk context system_u:object_r:var_t:s0->system_u:object_r:bin_t:s0
restorecon reset /srv/wrappers/gs2 context system_u:object_r:var_t:s0->system_u:object_r:bin_t:s0
restorecon reset /srv/wrappers/rotor context system_u:object_r:var_t:s0->system_u:object_r:bin_t:s0
restorecon reset /srv/wrappers/eta context system_u:object_r:var_t:s0->system_u:object_r:bin_t:s0
restorecon reset /srv/wrappers/python2-pypy context system_u:object_r:var_t:s0->system_u:object_r:bin_t:s0
restorecon reset /srv/wrappers/julia3 context system_u:object_r:var_t:s0->system_u:object_r:bin_t:s0
restorecon reset /srv/wrappers/hbcht context system_u:object_r:var_t:s0->system_u:object_r:bin_t:s0
restorecon reset /srv/wrappers/ubasic context system_u:object_r:var_t:s0->system_u:object_r:bin_t:s0
restorecon reset /srv/wrappers/templates context system_u:object_r:var_t:s0->system_u:object_r:bin_t:s0
restorecon reset /srv/wrappers/seriously context system_u:object_r:var_t:s0->system_u:object_r:bin_t:s0
restorecon reset /srv/wrappers/blc context system_u:object_r:var_t:s0->system_u:object_r:bin_t:s0
restorecon reset /srv/wrappers/sed context system_u:object_r:var_t:s0->system_u:object_r:bin_t:s0
restorecon reset /srv/wrappers/picolisp context system_u:object_r:var_t:s0->system_u:object_r:bin_t:s0
