Sun Feb  5 01:55:39 UTC 2017
--2017-02-05 01:55:39--  http://downloads.dlang.org/releases/2.x/2.073.0/dmd-2.073.0-0.fedora.x86_64.rpm
Resolving downloads.dlang.org (downloads.dlang.org)... 52.218.160.39
Connecting to downloads.dlang.org (downloads.dlang.org)|52.218.160.39|:80... connected.
HTTP request sent, awaiting response... 301 Moved Permanently
Location: http://downloads.dlang.org/releases/2017/dmd-2.073.0-0.fedora.x86_64.rpm [following]
--2017-02-05 01:55:40--  http://downloads.dlang.org/releases/2017/dmd-2.073.0-0.fedora.x86_64.rpm
Reusing existing connection to downloads.dlang.org:80.
HTTP request sent, awaiting response... 200 OK
Length: 13873936 (13M) [application/x-rpm]
Saving to: ‘dmd-2.073.0-0.fedora.x86_64.rpm’

     0K .......... .......... .......... .......... ..........  0%  138K 98s
    50K .......... .......... .......... .......... ..........  0%  138K 97s
   100K .......... .......... .......... .......... ..........  1%  229K 84s
   150K .......... .......... .......... .......... ..........  1%  230K 77s
   200K .......... .......... .......... .......... ..........  1%  230K 73s
   250K .......... .......... .......... .......... ..........  2%  343K 67s
   300K .......... .......... .......... .......... ..........  2%  231K 66s
   350K .......... .......... .......... .......... ..........  2%  677K 60s
   400K .......... .......... .......... .......... ..........  3%  347K 57s
   450K .......... .......... .......... .......... ..........  3%  689K 53s
   500K .......... .......... .......... .......... ..........  4%  689K 50s
   550K .......... .......... .......... .......... ..........  4%  693K 47s
   600K .......... .......... .......... .......... ..........  4%  694K 45s
   650K .......... .......... .......... .......... ..........  5% 43.6M 41s
   700K .......... .......... .......... .......... ..........  5%  694K 40s
   750K .......... .......... .......... .......... ..........  5%  698K 38s
   800K .......... .......... .......... .......... ..........  6% 44.6M 36s
   850K .......... .......... .......... .......... ..........  6%  698K 35s
   900K .......... .......... .......... .......... ..........  7% 53.5M 33s
   950K .......... .......... .......... .......... ..........  7%  696K 32s
  1000K .......... .......... .......... .......... ..........  7% 49.5M 30s
  1050K .......... .......... .......... .......... ..........  8%  704K 30s
  1100K .......... .......... .......... .......... ..........  8% 42.2M 28s
  1150K .......... .......... .......... .......... ..........  8% 86.7M 27s
  1200K .......... .......... .......... .......... ..........  9%  698K 26s
  1250K .......... .......... .......... .......... ..........  9% 83.3M 25s
  1300K .......... .......... .......... .......... ..........  9%  705K 25s
  1350K .......... .......... .......... .......... .......... 10% 32.5M 24s
  1400K .......... .......... .......... .......... .......... 10%  709K 24s
  1450K .......... .......... .......... .......... .......... 11% 27.1M 23s
  1500K .......... .......... .......... .......... .......... 11% 78.9M 22s
  1550K .......... .......... .......... .......... .......... 11%  700K 22s
  1600K .......... .......... .......... .......... .......... 12% 59.3M 21s
  1650K .......... .......... .......... .......... .......... 12%  698K 21s
  1700K .......... .......... .......... .......... .......... 12% 47.6M 20s
  1750K .......... .......... .......... .......... .......... 13%  701K 20s
  1800K .......... .......... .......... .......... .......... 13% 48.4M 19s
  1850K .......... .......... .......... .......... .......... 14%  706K 19s
  1900K .......... .......... .......... .......... .......... 14% 29.7M 19s
  1950K .......... .......... .......... .......... .......... 14%  708K 18s
  2000K .......... .......... .......... .......... .......... 15% 27.9M 18s
  2050K .......... .......... .......... .......... .......... 15%  708K 18s
  2100K .......... .......... .......... .......... .......... 15% 31.0M 17s
  2150K .......... .......... .......... .......... .......... 16%  706K 17s
  2200K .......... .......... .......... .......... .......... 16% 31.0M 17s
  2250K .......... .......... .......... .......... .......... 16%  708K 17s
  2300K .......... .......... .......... .......... .......... 17% 28.5M 16s
  2350K .......... .......... .......... .......... .......... 17% 43.7M 16s
  2400K .......... .......... .......... .......... .......... 18%  705K 16s
  2450K .......... .......... .......... .......... .......... 18% 45.6M 15s
  2500K .......... .......... .......... .......... .......... 18%  706K 15s
  2550K .......... .......... .......... .......... .......... 19% 32.2M 15s
  2600K .......... .......... .......... .......... .......... 19%  707K 15s
  2650K .......... .......... .......... .......... .......... 19% 32.8M 15s
  2700K .......... .......... .......... .......... .......... 20% 1.19M 14s
  2750K .......... .......... .......... .......... .......... 20% 1.59M 14s
  2800K .......... .......... .......... .......... .......... 21% 51.9M 14s
  2850K .......... .......... .......... .......... .......... 21%  707K 14s
  2900K .......... .......... .......... .......... .......... 21% 48.9M 14s
  2950K .......... .......... .......... .......... .......... 22% 44.1M 13s
  3000K .......... .......... .......... .......... .......... 22%  706K 13s
  3050K .......... .......... .......... .......... .......... 22% 47.8M 13s
  3100K .......... .......... .......... .......... .......... 23% 82.0M 13s
  3150K .......... .......... .......... .......... .......... 23%  706K 13s
  3200K .......... .......... .......... .......... .......... 23% 60.6M 12s
  3250K .......... .......... .......... .......... .......... 24% 63.5M 12s
  3300K .......... .......... .......... .......... .......... 24%  711K 12s
  3350K .......... .......... .......... .......... .......... 25% 49.4M 12s
  3400K .......... .......... .......... .......... .......... 25% 51.2M 12s
  3450K .......... .......... .......... .......... .......... 25% 1.19M 12s
  3500K .......... .......... .......... .......... .......... 26% 1.62M 11s
  3550K .......... .......... .......... .......... .......... 26% 52.5M 11s
  3600K .......... .......... .......... .......... .......... 26% 63.7M 11s
  3650K .......... .......... .......... .......... .......... 27%  719K 11s
  3700K .......... .......... .......... .......... .......... 27% 35.7M 11s
  3750K .......... .......... .......... .......... .......... 28% 63.3M 11s
  3800K .......... .......... .......... .......... .......... 28% 66.0M 10s
  3850K .......... .......... .......... .......... .......... 28%  717K 10s
  3900K .......... .......... .......... .......... .......... 29% 48.2M 10s
  3950K .......... .......... .......... .......... .......... 29% 64.9M 10s
  4000K .......... .......... .......... .......... .......... 29% 63.7M 10s
  4050K .......... .......... .......... .......... .......... 30% 1.21M 10s
  4100K .......... .......... .......... .......... .......... 30% 1.63M 10s
  4150K .......... .......... .......... .......... .......... 30% 61.7M 10s
  4200K .......... .......... .......... .......... .......... 31% 44.1M 9s
  4250K .......... .......... .......... .......... .......... 31%  129M 9s
  4300K .......... .......... .......... .......... .......... 32% 1.19M 9s
  4350K .......... .......... .......... .......... .......... 32% 1.61M 9s
  4400K .......... .......... .......... .......... .......... 32%  155M 9s
  4450K .......... .......... .......... .......... .......... 33%  133M 9s
  4500K .......... .......... .......... .......... .......... 33% 76.8M 9s
  4550K .......... .......... .......... .......... .......... 33% 1.20M 9s
  4600K .......... .......... .......... .......... .......... 34% 1.60M 8s
  4650K .......... .......... .......... .......... .......... 34%  120M 8s
  4700K .......... .......... .......... .......... .......... 35%  128M 8s
  4750K .......... .......... .......... .......... .......... 35% 98.7M 8s
  4800K .......... .......... .......... .......... .......... 35% 1.22M 8s
  4850K .......... .......... .......... .......... .......... 36% 1.57M 8s
  4900K .......... .......... .......... .......... .......... 36% 87.2M 8s
  4950K .......... .......... .......... .......... .......... 36% 80.7M 8s
  5000K .......... .......... .......... .......... .......... 37% 69.5M 8s
  5050K .......... .......... .......... .......... .......... 37%  710K 8s
  5100K .......... .......... .......... .......... .......... 38%  129M 7s
  5150K .......... .......... .......... .......... .......... 38% 74.7M 7s
  5200K .......... .......... .......... .......... .......... 38% 75.6M 7s
  5250K .......... .......... .......... .......... .......... 39% 1.21M 7s
  5300K .......... .......... .......... .......... .......... 39% 1.59M 7s
  5350K .......... .......... .......... .......... .......... 39% 92.0M 7s
  5400K .......... .......... .......... .......... .......... 40% 88.8M 7s
  5450K .......... .......... .......... .......... .......... 40% 83.2M 7s
  5500K .......... .......... .......... .......... .......... 40%  710K 7s
  5550K .......... .......... .......... .......... .......... 41% 67.8M 7s
  5600K .......... .......... .......... .......... .......... 41%  126M 7s
  5650K .......... .......... .......... .......... .......... 42%  127M 6s
  5700K .......... .......... .......... .......... .......... 42% 1.21M 6s
  5750K .......... .......... .......... .......... .......... 42% 1.57M 6s
  5800K .......... .......... .......... .......... .......... 43% 95.3M 6s
  5850K .......... .......... .......... .......... .......... 43% 87.7M 6s
  5900K .......... .......... .......... .......... .......... 43%  126M 6s
  5950K .......... .......... .......... .......... .......... 44% 1.22M 6s
  6000K .......... .......... .......... .......... .......... 44% 1.57M 6s
  6050K .......... .......... .......... .......... .......... 45% 91.9M 6s
  6100K .......... .......... .......... .......... .......... 45%  193M 6s
  6150K .......... .......... .......... .......... .......... 45% 79.8M 6s
  6200K .......... .......... .......... .......... .......... 46% 1.22M 6s
  6250K .......... .......... .......... .......... .......... 46% 1.57M 6s
  6300K .......... .......... .......... .......... .......... 46% 77.5M 6s
  6350K .......... .......... .......... .......... .......... 47%  136M 6s
  6400K .......... .......... .......... .......... .......... 47% 92.2M 5s
  6450K .......... .......... .......... .......... .......... 47% 1.22M 5s
  6500K .......... .......... .......... .......... .......... 48% 1.57M 5s
  6550K .......... .......... .......... .......... .......... 48% 91.4M 5s
  6600K .......... .......... .......... .......... .......... 49% 88.1M 5s
  6650K .......... .......... .......... .......... .......... 49%  113M 5s
  6700K .......... .......... .......... .......... .......... 49% 1.22M 5s
  6750K .......... .......... .......... .......... .......... 50% 1.57M 5s
  6800K .......... .......... .......... .......... .......... 50% 84.9M 5s
  6850K .......... .......... .......... .......... .......... 50%  114M 5s
  6900K .......... .......... .......... .......... .......... 51% 95.9M 5s
  6950K .......... .......... .......... .......... .......... 51% 1.23M 5s
  7000K .......... .......... .......... .......... .......... 52% 1.58M 5s
  7050K .......... .......... .......... .......... .......... 52% 80.2M 5s
  7100K .......... .......... .......... .......... .......... 52% 84.6M 5s
  7150K .......... .......... .......... .......... .......... 53%  128M 5s
  7200K .......... .......... .......... .......... .......... 53% 1.22M 5s
  7250K .......... .......... .......... .......... .......... 53% 1.58M 4s
  7300K .......... .......... .......... .......... .......... 54% 61.0M 4s
  7350K .......... .......... .......... .......... .......... 54% 90.1M 4s
  7400K .......... .......... .......... .......... .......... 54%  131M 4s
  7450K .......... .......... .......... .......... .......... 55% 1.23M 4s
  7500K .......... .......... .......... .......... .......... 55% 1.59M 4s
  7550K .......... .......... .......... .......... .......... 56% 48.7M 4s
  7600K .......... .......... .......... .......... .......... 56%  151M 4s
  7650K .......... .......... .......... .......... .......... 56% 70.0M 4s
  7700K .......... .......... .......... .......... .......... 57% 1.24M 4s
  7750K .......... .......... .......... .......... .......... 57% 1.57M 4s
  7800K .......... .......... .......... .......... .......... 57% 40.1M 4s
  7850K .......... .......... .......... .......... .......... 58%  139M 4s
  7900K .......... .......... .......... .......... .......... 58% 67.0M 4s
  7950K .......... .......... .......... .......... .......... 59% 87.0M 4s
  8000K .......... .......... .......... .......... .......... 59%  718K 4s
  8050K .......... .......... .......... .......... .......... 59% 42.9M 4s
  8100K .......... .......... .......... .......... .......... 60%  120M 4s
  8150K .......... .......... .......... .......... .......... 60% 52.5M 4s
  8200K .......... .......... .......... .......... .......... 60%  145M 3s
  8250K .......... .......... .......... .......... .......... 61%  719K 3s
  8300K .......... .......... .......... .......... .......... 61% 44.4M 3s
  8350K .......... .......... .......... .......... .......... 61% 72.2M 3s
  8400K .......... .......... .......... .......... .......... 62%  134M 3s
  8450K .......... .......... .......... .......... .......... 62% 52.3M 3s
  8500K .......... .......... .......... .......... .......... 63% 1.23M 3s
  8550K .......... .......... .......... .......... .......... 63% 1.58M 3s
  8600K .......... .......... .......... .......... .......... 63% 77.7M 3s
  8650K .......... .......... .......... .......... .......... 64% 91.9M 3s
  8700K .......... .......... .......... .......... .......... 64% 85.4M 3s
  8750K .......... .......... .......... .......... .......... 64% 1.24M 3s
  8800K .......... .......... .......... .......... .......... 65% 1.56M 3s
  8850K .......... .......... .......... .......... .......... 65% 66.5M 3s
  8900K .......... .......... .......... .......... .......... 66% 92.2M 3s
  8950K .......... .......... .......... .......... .......... 66% 65.1M 3s
  9000K .......... .......... .......... .......... .......... 66% 1.25M 3s
  9050K .......... .......... .......... .......... .......... 67% 1.56M 3s
  9100K .......... .......... .......... .......... .......... 67% 61.4M 3s
  9150K .......... .......... .......... .......... .......... 67% 91.3M 3s
  9200K .......... .......... .......... .......... .......... 68% 66.1M 3s
  9250K .......... .......... .......... .......... .......... 68% 1.25M 3s
  9300K .......... .......... .......... .......... .......... 69% 1.57M 3s
  9350K .......... .......... .......... .......... .......... 69% 49.8M 3s
  9400K .......... .......... .......... .......... .......... 69% 92.7M 3s
  9450K .......... .......... .......... .......... .......... 70% 84.6M 2s
  9500K .......... .......... .......... .......... .......... 70% 1.25M 2s
  9550K .......... .......... .......... .......... .......... 70% 1.58M 2s
  9600K .......... .......... .......... .......... .......... 71% 42.9M 2s
  9650K .......... .......... .......... .......... .......... 71% 63.4M 2s
  9700K .......... .......... .......... .......... .......... 71%  132M 2s
  9750K .......... .......... .......... .......... .......... 72% 1.26M 2s
  9800K .......... .......... .......... .......... .......... 72% 1.56M 2s
  9850K .......... .......... .......... .......... .......... 73% 44.6M 2s
  9900K .......... .......... .......... .......... .......... 73% 51.7M 2s
  9950K .......... .......... .......... .......... .......... 73% 61.7M 2s
 10000K .......... .......... .......... .......... .......... 74%  147M 2s
 10050K .......... .......... .......... .......... .......... 74%  723K 2s
 10100K .......... .......... .......... .......... .......... 74% 33.5M 2s
 10150K .......... .......... .......... .......... .......... 75% 38.4M 2s
 10200K .......... .......... .......... .......... .......... 75% 68.8M 2s
 10250K .......... .......... .......... .......... .......... 76%  722K 2s
 10300K .......... .......... .......... .......... .......... 76% 19.5M 2s
 10350K .......... .......... .......... .......... .......... 76%  733K 2s
 10400K .......... .......... .......... .......... .......... 77% 19.0M 2s
 10450K .......... .......... .......... .......... .......... 77% 24.1M 2s
 10500K .......... .......... .......... .......... .......... 77% 1.22M 2s
 10550K .......... .......... .......... .......... .......... 78% 1.61M 2s
 10600K .......... .......... .......... .......... .......... 78% 38.9M 2s
 10650K .......... .......... .......... .......... .......... 78% 32.1M 2s
 10700K .......... .......... .......... .......... .......... 79%  741K 2s
 10750K .......... .......... .......... .......... .......... 79% 17.9M 2s
 10800K .......... .......... .......... .......... .......... 80% 23.2M 2s
 10850K .......... .......... .......... .......... .......... 80%  744K 2s
 10900K .......... .......... .......... .......... .......... 80% 21.6M 2s
 10950K .......... .......... .......... .......... .......... 81% 32.0M 1s
 11000K .......... .......... .......... .......... .......... 81% 29.7M 1s
 11050K .......... .......... .......... .......... .......... 81%  744K 1s
 11100K .......... .......... .......... .......... .......... 82% 17.2M 1s
 11150K .......... .......... .......... .......... .......... 82% 23.7M 1s
 11200K .......... .......... .......... .......... .......... 83%  742K 1s
 11250K .......... .......... .......... .......... .......... 83% 31.2M 1s
 11300K .......... .......... .......... .......... .......... 83% 16.8M 1s
 11350K .......... .......... .......... .......... .......... 84%  735K 1s
 11400K .......... .......... .......... .......... .......... 84% 22.1M 1s
 11450K .......... .......... .......... .......... .......... 84% 18.0M 1s
 11500K .......... .......... .......... .......... .......... 85%  737K 1s
 11550K .......... .......... .......... .......... .......... 85% 18.2M 1s
 11600K .......... .......... .......... .......... .......... 85% 18.3M 1s
 11650K .......... .......... .......... .......... .......... 86%  733K 1s
 11700K .......... .......... .......... .......... .......... 86% 17.2M 1s
 11750K .......... .......... .......... .......... .......... 87%  732K 1s
 11800K .......... .......... .......... .......... .......... 87% 14.6M 1s
 11850K .......... .......... .......... .......... .......... 87% 1.17M 1s
 11900K .......... .......... .......... .......... .......... 88% 1.64M 1s
 11950K .......... .......... .......... .......... .......... 88% 1.15M 1s
 12000K .......... .......... .......... .......... .......... 88% 1.54M 1s
 12050K .......... .......... .......... .......... .......... 89%  715K 1s
 12100K .......... .......... .......... .......... .......... 89% 1.13M 1s
 12150K .......... .......... .......... .......... .......... 90% 1.53M 1s
 12200K .......... .......... .......... .......... .......... 90%  702K 1s
 12250K .......... .......... .......... .......... .......... 90% 1.15M 1s
 12300K .......... .......... .......... .......... .......... 91% 1.53M 1s
 12350K .......... .......... .......... .......... .......... 91%  702K 1s
 12400K .......... .......... .......... .......... .......... 91%  712K 1s
 12450K .......... .......... .......... .......... .......... 92% 12.1M 1s
 12500K .......... .......... .......... .......... .......... 92%  707K 1s
 12550K .......... .......... .......... .......... .......... 92%  708K 1s
 12600K .......... .......... .......... .......... .......... 93% 13.1M 1s
 12650K .......... .......... .......... .......... .......... 93%  701K 1s
 12700K .......... .......... .......... .......... .......... 94%  713K 0s
 12750K .......... .......... .......... .......... .......... 94% 12.2M 0s
 12800K .......... .......... .......... .......... .......... 94%  705K 0s
 12850K .......... .......... .......... .......... .......... 95%  709K 0s
 12900K .......... .......... .......... .......... .......... 95% 13.1M 0s
 12950K .......... .......... .......... .......... .......... 95%  709K 0s
 13000K .......... .......... .......... .......... .......... 96%  706K 0s
 13050K .......... .......... .......... .......... .......... 96% 12.7M 0s
 13100K .......... .......... .......... .......... .......... 97%  712K 0s
 13150K .......... .......... .......... .......... .......... 97%  709K 0s
 13200K .......... .......... .......... .......... .......... 97% 12.2M 0s
 13250K .......... .......... .......... .......... .......... 98%  710K 0s
 13300K .......... .......... .......... .......... .......... 98%  711K 0s
 13350K .......... .......... .......... .......... .......... 98% 13.6M 0s
 13400K .......... .......... .......... .......... .......... 99%  704K 0s
 13450K .......... .......... .......... .......... .......... 99% 1.15M 0s
 13500K .......... .......... .......... .......... ........  100% 1.54M=8.4s

2017-02-05 01:55:48 (1.57 MB/s) - ‘dmd-2.073.0-0.fedora.x86_64.rpm’ saved [13873936/13873936]

Last metadata expiration check: 0:07:49 ago on Sun Feb  5 01:48:00 2017.
Dependencies resolved.
================================================================================
 Package             Arch        Version                Repository         Size
================================================================================
Installing:
 cyrus-sasl-lib      i686        2.1.26-26.2.fc24       fedora            161 k
 dmd                 x86_64      2.073.0-0              @commandline       13 M
 keyutils-libs       i686        1.5.9-8.fc24           fedora             45 k
 krb5-libs           i686        1.14.4-4.fc24          updates           749 k
 libcom_err          i686        1.42.13-4.fc24         fedora             45 k
 libcurl             i686        7.47.1-10.fc24         updates           269 k
 libdb               i686        5.3.28-14.fc24         fedora            770 k
 libidn              i686        1.33-1.fc24            updates           234 k
 libnghttp2          i686        1.7.1-1.fc24           fedora             70 k
 libpsl              i686        0.13.0-3.fc24          updates            46 k
 libselinux          i686        2.5-12.fc24            updates           165 k
 libsepol            i686        2.5-10.fc24            updates           299 k
 libssh2             i686        1.7.0-5.fc24           fedora             99 k
 libstdc++           i686        6.3.1-1.fc24           updates           485 k
 libunistring        i686        0.9.4-3.fc24           fedora            324 k
 libverto            i686        0.2.6-6.fc24           fedora             21 k
 nspr                i686        4.13.1-1.fc24          updates           138 k
 nss                 i686        3.28.1-1.3.fc24        updates           865 k
 nss-softokn         i686        3.28.1-1.0.fc24        updates           402 k
 nss-util            i686        3.28.1-1.0.fc24        updates            82 k
 openldap            i686        2.4.44-1.fc24          fedora            348 k
 openssl-libs        i686        1:1.0.2j-3.fc24        updates           1.0 M
 pcre                i686        8.40-1.fc24            updates           402 k
 sqlite-libs         i686        3.13.0-1.fc24          updates           469 k
 zlib                i686        1.2.8-10.fc24          fedora             98 k

Transaction Summary
================================================================================
Install  25 Packages

Total size: 21 M
Total download size: 7.4 M
Installed size: 220 M
Downloading Packages:
--------------------------------------------------------------------------------
Total                                           1.3 MB/s | 7.4 MB     00:05     
Running transaction check
Transaction check succeeded.
Running transaction test
Transaction test succeeded.
Running transaction
  Installing  : nspr-4.13.1-1.fc24.i686                                    1/25 
  Installing  : nss-util-3.28.1-1.0.fc24.i686                              2/25 
  Installing  : zlib-1.2.8-10.fc24.i686                                    3/25 
  Installing  : libcom_err-1.42.13-4.fc24.i686                             4/25 
  Installing  : libidn-1.33-1.fc24.i686                                    5/25 
  Installing  : sqlite-libs-3.13.0-1.fc24.i686                             6/25 
  Installing  : nss-softokn-3.28.1-1.0.fc24.i686                           7/25 
  Installing  : nss-3.28.1-1.3.fc24.i686                                   8/25 
  Installing  : libstdc++-6.3.1-1.fc24.i686                                9/25 
  Installing  : pcre-8.40-1.fc24.i686                                     10/25 
  Installing  : libsepol-2.5-10.fc24.i686                                 11/25 
  Installing  : libselinux-2.5-12.fc24.i686                               12/25 
  Installing  : libunistring-0.9.4-3.fc24.i686                            13/25 
  Installing  : libpsl-0.13.0-3.fc24.i686                                 14/25 
  Installing  : libdb-5.3.28-14.fc24.i686                                 15/25 
  Installing  : cyrus-sasl-lib-2.1.26-26.2.fc24.i686                      16/25 
  Installing  : openldap-2.4.44-1.fc24.i686                               17/25 
  Installing  : libverto-0.2.6-6.fc24.i686                                18/25 
  Installing  : keyutils-libs-1.5.9-8.fc24.i686                           19/25 
  Installing  : openssl-libs-1:1.0.2j-3.fc24.i686                         20/25 
  Installing  : krb5-libs-1.14.4-4.fc24.i686                              21/25 
  Installing  : libssh2-1.7.0-5.fc24.i686                                 22/25 
  Installing  : libnghttp2-1.7.1-1.fc24.i686                              23/25 
  Installing  : libcurl-7.47.1-10.fc24.i686                               24/25 
  Installing  : dmd-2.073.0-0.x86_64                                      25/25 
  Verifying   : dmd-2.073.0-0.x86_64                                       1/25 
  Verifying   : libcurl-7.47.1-10.fc24.i686                                2/25 
  Verifying   : krb5-libs-1.14.4-4.fc24.i686                               3/25 
  Verifying   : libcom_err-1.42.13-4.fc24.i686                             4/25 
  Verifying   : libnghttp2-1.7.1-1.fc24.i686                               5/25 
  Verifying   : libssh2-1.7.0-5.fc24.i686                                  6/25 
  Verifying   : openldap-2.4.44-1.fc24.i686                                7/25 
  Verifying   : zlib-1.2.8-10.fc24.i686                                    8/25 
  Verifying   : keyutils-libs-1.5.9-8.fc24.i686                            9/25 
  Verifying   : libverto-0.2.6-6.fc24.i686                                10/25 
  Verifying   : cyrus-sasl-lib-2.1.26-26.2.fc24.i686                      11/25 
  Verifying   : libdb-5.3.28-14.fc24.i686                                 12/25 
  Verifying   : libidn-1.33-1.fc24.i686                                   13/25 
  Verifying   : libpsl-0.13.0-3.fc24.i686                                 14/25 
  Verifying   : libunistring-0.9.4-3.fc24.i686                            15/25 
  Verifying   : libselinux-2.5-12.fc24.i686                               16/25 
  Verifying   : libsepol-2.5-10.fc24.i686                                 17/25 
  Verifying   : nspr-4.13.1-1.fc24.i686                                   18/25 
  Verifying   : nss-3.28.1-1.3.fc24.i686                                  19/25 
  Verifying   : nss-softokn-3.28.1-1.0.fc24.i686                          20/25 
  Verifying   : nss-util-3.28.1-1.0.fc24.i686                             21/25 
  Verifying   : openssl-libs-1:1.0.2j-3.fc24.i686                         22/25 
  Verifying   : pcre-8.40-1.fc24.i686                                     23/25 
  Verifying   : libstdc++-6.3.1-1.fc24.i686                               24/25 
  Verifying   : sqlite-libs-3.13.0-1.fc24.i686                            25/25 

Installed:
  cyrus-sasl-lib.i686 2.1.26-26.2.fc24     dmd.x86_64 2.073.0-0                 
  keyutils-libs.i686 1.5.9-8.fc24          krb5-libs.i686 1.14.4-4.fc24         
  libcom_err.i686 1.42.13-4.fc24           libcurl.i686 7.47.1-10.fc24          
  libdb.i686 5.3.28-14.fc24                libidn.i686 1.33-1.fc24              
  libnghttp2.i686 1.7.1-1.fc24             libpsl.i686 0.13.0-3.fc24            
  libselinux.i686 2.5-12.fc24              libsepol.i686 2.5-10.fc24            
  libssh2.i686 1.7.0-5.fc24                libstdc++.i686 6.3.1-1.fc24          
  libunistring.i686 0.9.4-3.fc24           libverto.i686 0.2.6-6.fc24           
  nspr.i686 4.13.1-1.fc24                  nss.i686 3.28.1-1.3.fc24             
  nss-softokn.i686 3.28.1-1.0.fc24         nss-util.i686 3.28.1-1.0.fc24        
  openldap.i686 2.4.44-1.fc24              openssl-libs.i686 1:1.0.2j-3.fc24    
  pcre.i686 8.40-1.fc24                    sqlite-libs.i686 3.13.0-1.fc24       
  zlib.i686 1.2.8-10.fc24                 

Complete!
