Sun Feb  5 01:56:09 UTC 2017
/usr/bin/coffee -> /usr/lib/node_modules/coffee-script/bin/coffee
/usr/bin/cake -> /usr/lib/node_modules/coffee-script/bin/cake
npm WARN optional dep failed, continuing fsevents@1.0.17
/usr/bin/mathjs -> /usr/lib/node_modules/mathjs/bin/cli.js
/usr/bin/babel-doctor -> /usr/lib/node_modules/babel-cli/bin/babel-doctor.js
/usr/bin/babel -> /usr/lib/node_modules/babel-cli/bin/babel.js
/usr/bin/babel-node -> /usr/lib/node_modules/babel-cli/bin/babel-node.js
/usr/bin/babel-external-helpers -> /usr/lib/node_modules/babel-cli/bin/babel-external-helpers.js
/usr/bin/cheddar -> /usr/lib/node_modules/cheddar-lang/dist/cli/cheddar
escape-string-regexp@1.0.5 /usr/lib/node_modules/escape-string-regexp

clear@0.0.1 /usr/lib/node_modules/clear

shunt.js@1.0.3 /usr/lib/node_modules/shunt.js

decimal.js@7.1.1 /usr/lib/node_modules/decimal.js

readline-sync@1.4.6 /usr/lib/node_modules/readline-sync

minimist@1.2.0 /usr/lib/node_modules/minimist

coffee-script@1.12.3 /usr/lib/node_modules/coffee-script

mathjs@3.9.0 /usr/lib/node_modules/mathjs
├── complex.js@2.0.1
├── tiny-emitter@1.0.2
├── fraction.js@3.3.1
├── decimal.js@5.0.8
└── typed-function@0.10.5

babel-cli@6.22.2 /usr/lib/node_modules/babel-cli
├── slash@1.0.0
├── fs-readdir-recursive@1.0.0
├── path-is-absolute@1.0.1
├── convert-source-map@1.3.0
├── commander@2.9.0 (graceful-readlink@1.0.1)
├── v8flags@2.0.11 (user-home@1.1.1)
├── source-map@0.5.6
├── glob@7.1.1 (inherits@2.0.3, fs.realpath@1.0.0, inflight@1.0.6, once@1.4.0, minimatch@3.0.3)
├── output-file-sync@1.1.2 (object-assign@4.1.1, graceful-fs@4.1.11, mkdirp@0.5.1)
├── babel-core@6.22.1 (babel-messages@6.22.0, babel-template@6.22.0, babel-helpers@6.22.0, private@0.1.6, json5@0.5.1, babylon@6.15.0, minimatch@3.0.3, debug@2.6.0, babel-types@6.22.0, babel-code-frame@6.22.0, babel-traverse@6.22.1, babel-generator@6.22.0)
├── chokidar@1.6.1 (async-each@1.0.1, inherits@2.0.3, glob-parent@2.0.0, is-glob@2.0.1, is-binary-path@1.0.1, readdirp@2.1.0, anymatch@1.3.0)
├── lodash@4.17.4
├── babel-register@6.22.0 (source-map-support@0.4.11, home-or-tmp@2.0.0, mkdirp@0.5.1, core-js@2.4.1)
├── babel-polyfill@6.22.0 (regenerator-runtime@0.10.1, core-js@2.4.1)
└── babel-runtime@6.22.0 (regenerator-runtime@0.10.1, core-js@2.4.1)

cheddar-lang@1.0.5 /usr/lib/node_modules/cheddar-lang
├── bases@0.2.1
├── crypto@0.0.3
├── btoa@1.1.2
├── atob@2.0.3
├── xregexp@3.1.1
├── colors@1.1.2
├── commander@2.9.0 (graceful-readlink@1.0.1)
├── readline@1.3.0
├── cheddar-parser@0.3.2
├── msgpack5@3.4.1 (inherits@2.0.3, bl@1.2.0, readable-stream@2.2.2)
├── babel-generator@6.22.0 (babel-messages@6.22.0, jsesc@1.3.0, source-map@0.5.6, babel-types@6.22.0, detect-indent@4.0.0, lodash@4.17.4, babel-runtime@6.22.0)
└── babel-plugin-compile-cheddar@2.0.2 (lodash@4.17.4, babel-types@6.22.0)
