Sun Feb  5 01:56:22 UTC 2017
Collecting pip
  Downloading pip-9.0.1-py2.py3-none-any.whl (1.3MB)
Installing collected packages: pip
  Found existing installation: pip 8.0.2
    Uninstalling pip-8.0.2:
      Successfully uninstalled pip-8.0.2
Successfully installed pip-9.0.1
Collecting pip
  Using cached pip-9.0.1-py2.py3-none-any.whl
Installing collected packages: pip
  Found existing installation: pip 8.0.2
    Uninstalling pip-8.0.2:
      Successfully uninstalled pip-8.0.2
Successfully installed pip-9.0.1
Collecting exrex
  Downloading exrex-0.10.4.tar.gz
Collecting python-pcre
  Downloading python-pcre-0.7.tar.gz (52kB)
Collecting hbcht
  Downloading hbcht-0.1.1.tar.gz
Collecting sympy
  Downloading sympy-1.0.tar.gz (4.3MB)
Collecting mathics
  Downloading Mathics-1.0.tar.gz (4.7MB)
Collecting mpmath>=0.19 (from sympy)
  Downloading mpmath-0.19.tar.gz (498kB)
Collecting django<1.9a0,>=1.8 (from mathics)
  Downloading Django-1.8.17-py2.py3-none-any.whl (6.2MB)
Collecting python-dateutil (from mathics)
  Downloading python_dateutil-2.6.0-py2.py3-none-any.whl (194kB)
Collecting colorama (from mathics)
  Downloading colorama-0.3.7-py2.py3-none-any.whl
Requirement already satisfied: six>=1.10 in /usr/lib/python3.5/site-packages (from mathics)
Installing collected packages: exrex, python-pcre, hbcht, mpmath, sympy, django, python-dateutil, colorama, mathics
  Running setup.py install for exrex: started
    Running setup.py install for exrex: finished with status 'done'
  Running setup.py install for python-pcre: started
    Running setup.py install for python-pcre: finished with status 'done'
  Running setup.py install for hbcht: started
    Running setup.py install for hbcht: finished with status 'done'
  Running setup.py install for mpmath: started
    Running setup.py install for mpmath: finished with status 'done'
  Running setup.py install for sympy: started
    Running setup.py install for sympy: finished with status 'done'
  Running setup.py install for mathics: started
    Running setup.py install for mathics: finished with status 'done'
Successfully installed colorama-0.3.7 django-1.8.17 exrex-0.10.4 hbcht-0.1.1 mathics-1.0 mpmath-0.19 python-dateutil-2.6.0 python-pcre-0.7 sympy-1.0
Collecting numpy
  Downloading numpy-1.12.0-cp35-cp35m-manylinux1_x86_64.whl (16.8MB)
Installing collected packages: numpy
Successfully installed numpy-1.12.0
Collecting sympy
  Using cached sympy-1.0.tar.gz
Collecting pyshoco
  Downloading pyshoco-1.3.4.tar.gz
Collecting docopt
  Downloading docopt-0.6.2.tar.gz
Collecting neovim
  Downloading neovim-0.1.13.tar.gz
Collecting mpmath>=0.19 (from sympy)
  Using cached mpmath-0.19.tar.gz
Collecting msgpack-python>=0.4.0 (from neovim)
  Downloading msgpack-python-0.4.8.tar.gz (113kB)
Collecting trollius (from neovim)
  Downloading trollius-2.1.tar.gz (276kB)
Collecting greenlet (from neovim)
  Downloading greenlet-0.4.12-cp27-cp27mu-manylinux1_x86_64.whl (41kB)
Collecting six (from trollius->neovim)
  Downloading six-1.10.0-py2.py3-none-any.whl
Collecting futures (from trollius->neovim)
  Downloading futures-3.0.5-py2-none-any.whl
Installing collected packages: mpmath, sympy, pyshoco, docopt, msgpack-python, six, futures, trollius, greenlet, neovim
  Running setup.py install for mpmath: started
    Running setup.py install for mpmath: finished with status 'done'
  Running setup.py install for sympy: started
    Running setup.py install for sympy: finished with status 'done'
  Running setup.py install for pyshoco: started
    Running setup.py install for pyshoco: finished with status 'done'
  Running setup.py install for docopt: started
    Running setup.py install for docopt: finished with status 'done'
  Running setup.py install for msgpack-python: started
    Running setup.py install for msgpack-python: finished with status 'done'
  Running setup.py install for trollius: started
    Running setup.py install for trollius: finished with status 'done'
  Running setup.py install for neovim: started
    Running setup.py install for neovim: finished with status 'done'
Successfully installed docopt-0.6.2 futures-3.0.5 greenlet-0.4.12 mpmath-0.19 msgpack-python-0.4.8 neovim-0.1.13 pyshoco-1.3.4 six-1.10.0 sympy-1.0 trollius-2.1
restorecon reset /usr/lib/python3.5/site-packages/hbcht-0.1.1-py3.5.egg-info/top_level.txt context system_u:object_r:initrc_tmp_t:s0->system_u:object_r:lib_t:s0
restorecon reset /usr/lib/python3.5/site-packages/hbcht-0.1.1-py3.5.egg-info/dependency_links.txt context system_u:object_r:initrc_tmp_t:s0->system_u:object_r:lib_t:s0
restorecon reset /usr/lib/python3.5/site-packages/hbcht-0.1.1-py3.5.egg-info/SOURCES.txt context system_u:object_r:initrc_tmp_t:s0->system_u:object_r:lib_t:s0
restorecon reset /usr/lib/python3.5/site-packages/hbcht-0.1.1-py3.5.egg-info/PKG-INFO context system_u:object_r:initrc_tmp_t:s0->system_u:object_r:lib_t:s0
restorecon reset /usr/lib/python3.5/site-packages/exrex-0.10.4-py3.5.egg-info/top_level.txt context system_u:object_r:initrc_tmp_t:s0->system_u:object_r:lib_t:s0
restorecon reset /usr/lib/python3.5/site-packages/exrex-0.10.4-py3.5.egg-info/dependency_links.txt context system_u:object_r:initrc_tmp_t:s0->system_u:object_r:lib_t:s0
restorecon reset /usr/lib/python3.5/site-packages/exrex-0.10.4-py3.5.egg-info/SOURCES.txt context system_u:object_r:initrc_tmp_t:s0->system_u:object_r:lib_t:s0
restorecon reset /usr/lib/python3.5/site-packages/exrex-0.10.4-py3.5.egg-info/entry_points.txt context system_u:object_r:initrc_tmp_t:s0->system_u:object_r:lib_t:s0
restorecon reset /usr/lib/python3.5/site-packages/exrex-0.10.4-py3.5.egg-info/PKG-INFO context system_u:object_r:initrc_tmp_t:s0->system_u:object_r:lib_t:s0
restorecon reset /usr/lib/python3.5/site-packages/sympy-1.0-py3.5.egg-info/top_level.txt context system_u:object_r:initrc_tmp_t:s0->system_u:object_r:lib_t:s0
restorecon reset /usr/lib/python3.5/site-packages/sympy-1.0-py3.5.egg-info/dependency_links.txt context system_u:object_r:initrc_tmp_t:s0->system_u:object_r:lib_t:s0
restorecon reset /usr/lib/python3.5/site-packages/sympy-1.0-py3.5.egg-info/SOURCES.txt context system_u:object_r:initrc_tmp_t:s0->system_u:object_r:lib_t:s0
restorecon reset /usr/lib/python3.5/site-packages/sympy-1.0-py3.5.egg-info/PKG-INFO context system_u:object_r:initrc_tmp_t:s0->system_u:object_r:lib_t:s0
restorecon reset /usr/lib/python3.5/site-packages/sympy-1.0-py3.5.egg-info/requires.txt context system_u:object_r:initrc_tmp_t:s0->system_u:object_r:lib_t:s0
restorecon reset /usr/lib/python3.5/site-packages/Mathics-1.0-py3.5.egg-info/top_level.txt context system_u:object_r:initrc_tmp_t:s0->system_u:object_r:lib_t:s0
restorecon reset /usr/lib/python3.5/site-packages/Mathics-1.0-py3.5.egg-info/dependency_links.txt context system_u:object_r:initrc_tmp_t:s0->system_u:object_r:lib_t:s0
restorecon reset /usr/lib/python3.5/site-packages/Mathics-1.0-py3.5.egg-info/not-zip-safe context system_u:object_r:initrc_tmp_t:s0->system_u:object_r:lib_t:s0
restorecon reset /usr/lib/python3.5/site-packages/Mathics-1.0-py3.5.egg-info/SOURCES.txt context system_u:object_r:initrc_tmp_t:s0->system_u:object_r:lib_t:s0
restorecon reset /usr/lib/python3.5/site-packages/Mathics-1.0-py3.5.egg-info/entry_points.txt context system_u:object_r:initrc_tmp_t:s0->system_u:object_r:lib_t:s0
restorecon reset /usr/lib/python3.5/site-packages/Mathics-1.0-py3.5.egg-info/PKG-INFO context system_u:object_r:initrc_tmp_t:s0->system_u:object_r:lib_t:s0
restorecon reset /usr/lib/python3.5/site-packages/Mathics-1.0-py3.5.egg-info/requires.txt context system_u:object_r:initrc_tmp_t:s0->system_u:object_r:lib_t:s0
restorecon reset /usr/lib/python3.5/site-packages/mpmath-0.19-py3.5.egg-info/top_level.txt context system_u:object_r:initrc_tmp_t:s0->system_u:object_r:lib_t:s0
restorecon reset /usr/lib/python3.5/site-packages/mpmath-0.19-py3.5.egg-info/dependency_links.txt context system_u:object_r:initrc_tmp_t:s0->system_u:object_r:lib_t:s0
restorecon reset /usr/lib/python3.5/site-packages/mpmath-0.19-py3.5.egg-info/SOURCES.txt context system_u:object_r:initrc_tmp_t:s0->system_u:object_r:lib_t:s0
restorecon reset /usr/lib/python3.5/site-packages/mpmath-0.19-py3.5.egg-info/PKG-INFO context system_u:object_r:initrc_tmp_t:s0->system_u:object_r:lib_t:s0
restorecon reset /usr/lib64/python3.5/site-packages/python_pcre-0.7-py3.5.egg-info/top_level.txt context system_u:object_r:initrc_tmp_t:s0->system_u:object_r:lib_t:s0
restorecon reset /usr/lib64/python3.5/site-packages/python_pcre-0.7-py3.5.egg-info/dependency_links.txt context system_u:object_r:initrc_tmp_t:s0->system_u:object_r:lib_t:s0
restorecon reset /usr/lib64/python3.5/site-packages/python_pcre-0.7-py3.5.egg-info/SOURCES.txt context system_u:object_r:initrc_tmp_t:s0->system_u:object_r:lib_t:s0
restorecon reset /usr/lib64/python3.5/site-packages/python_pcre-0.7-py3.5.egg-info/PKG-INFO context system_u:object_r:initrc_tmp_t:s0->system_u:object_r:lib_t:s0
