Sun Feb  5 01:57:30 UTC 2017
--2017-02-05 01:57:30--  http://archives.fedoraproject.org/pub/archive/fedora/linux/releases/19/Everything/x86_64/os/Packages/l/libicu-50.1.2-5.fc19.x86_64.rpm
Resolving archives.fedoraproject.org (archives.fedoraproject.org)... 209.132.181.23, 209.132.181.24, 209.132.181.27, ...
Connecting to archives.fedoraproject.org (archives.fedoraproject.org)|209.132.181.23|:80... connected.
HTTP request sent, awaiting response... 200 OK
Length: 7151720 (6.8M) [application/x-rpm]
Saving to: ‘libicu-50.1.2-5.fc19.x86_64.rpm’

     0K .......... .......... .......... .......... ..........  0%  315K 22s
    50K .......... .......... .......... .......... ..........  1%  634K 16s
   100K .......... .......... .......... .......... ..........  2% 26.9M 11s
   150K .......... .......... .......... .......... ..........  2%  649K 11s
   200K .......... .......... .......... .......... ..........  3% 31.3M 9s
   250K .......... .......... .......... .......... ..........  4% 45.3M 7s
   300K .......... .......... .......... .......... ..........  5% 45.6M 6s
   350K .......... .......... .......... .......... ..........  5% 38.0M 5s
   400K .......... .......... .......... .......... ..........  6%  663K 6s
   450K .......... .......... .......... .......... ..........  7% 43.3M 5s
   500K .......... .......... .......... .......... ..........  7% 35.7M 5s
   550K .......... .......... .......... .......... ..........  8% 28.6M 4s
   600K .......... .......... .......... .......... ..........  9% 20.7M 4s
   650K .......... .......... .......... .......... .......... 10% 16.8M 4s
   700K .......... .......... .......... .......... .......... 10% 25.7M 3s
   750K .......... .......... .......... .......... .......... 11% 18.5M 3s
   800K .......... .......... .......... .......... .......... 12%  770K 3s
   850K .......... .......... .......... .......... .......... 12%  137M 3s
   900K .......... .......... .......... .......... .......... 13% 91.4M 3s
   950K .......... .......... .......... .......... .......... 14% 67.0M 3s
  1000K .......... .......... .......... .......... .......... 15% 97.9M 3s
  1050K .......... .......... .......... .......... .......... 15% 52.0M 3s
  1100K .......... .......... .......... .......... .......... 16% 37.8M 2s
  1150K .......... .......... .......... .......... .......... 17% 53.7M 2s
  1200K .......... .......... .......... .......... .......... 17% 33.3M 2s
  1250K .......... .......... .......... .......... .......... 18% 66.1M 2s
  1300K .......... .......... .......... .......... .......... 19% 43.5M 2s
  1350K .......... .......... .......... .......... .......... 20% 33.1M 2s
  1400K .......... .......... .......... .......... .......... 20% 37.5M 2s
  1450K .......... .......... .......... .......... .......... 21% 38.6M 2s
  1500K .......... .......... .......... .......... .......... 22% 34.4M 2s
  1550K .......... .......... .......... .......... .......... 22% 43.3M 2s
  1600K .......... .......... .......... .......... .......... 23%  783K 2s
  1650K .......... .......... .......... .......... .......... 24% 96.1M 2s
  1700K .......... .......... .......... .......... .......... 25% 67.4M 2s
  1750K .......... .......... .......... .......... .......... 25% 68.5M 2s
  1800K .......... .......... .......... .......... .......... 26% 69.3M 2s
  1850K .......... .......... .......... .......... .......... 27% 52.6M 1s
  1900K .......... .......... .......... .......... .......... 27% 67.5M 1s
  1950K .......... .......... .......... .......... .......... 28% 41.8M 1s
  2000K .......... .......... .......... .......... .......... 29% 59.2M 1s
  2050K .......... .......... .......... .......... .......... 30% 47.3M 1s
  2100K .......... .......... .......... .......... .......... 30% 21.6M 1s
  2150K .......... .......... .......... .......... .......... 31% 67.7M 1s
  2200K .......... .......... .......... .......... .......... 32% 47.2M 1s
  2250K .......... .......... .......... .......... .......... 32% 85.4M 1s
  2300K .......... .......... .......... .......... .......... 33% 53.9M 1s
  2350K .......... .......... .......... .......... .......... 34% 48.1M 1s
  2400K .......... .......... .......... .......... .......... 35% 34.4M 1s
  2450K .......... .......... .......... .......... .......... 35%  129M 1s
  2500K .......... .......... .......... .......... .......... 36% 44.7M 1s
  2550K .......... .......... .......... .......... .......... 37% 39.2M 1s
  2600K .......... .......... .......... .......... .......... 37% 48.2M 1s
  2650K .......... .......... .......... .......... .......... 38% 30.6M 1s
  2700K .......... .......... .......... .......... .......... 39%  389M 1s
  2750K .......... .......... .......... .......... .......... 40% 96.9M 1s
  2800K .......... .......... .......... .......... .......... 40%  128M 1s
  2850K .......... .......... .......... .......... .......... 41%  106M 1s
  2900K .......... .......... .......... .......... .......... 42% 76.8M 1s
  2950K .......... .......... .......... .......... .......... 42%  168M 1s
  3000K .......... .......... .......... .......... .......... 43% 87.5M 1s
  3050K .......... .......... .......... .......... .......... 44% 73.3M 1s
  3100K .......... .......... .......... .......... .......... 45%  123M 1s
  3150K .......... .......... .......... .......... .......... 45% 97.9M 1s
  3200K .......... .......... .......... .......... .......... 46%  920K 1s
  3250K .......... .......... .......... .......... .......... 47%  129M 1s
  3300K .......... .......... .......... .......... .......... 47%  100M 1s
  3350K .......... .......... .......... .......... .......... 48%  113M 1s
  3400K .......... .......... .......... .......... .......... 49%  107M 1s
  3450K .......... .......... .......... .......... .......... 50%  104M 1s
  3500K .......... .......... .......... .......... .......... 50%  107M 1s
  3550K .......... .......... .......... .......... .......... 51% 55.9M 1s
  3600K .......... .......... .......... .......... .......... 52%  121M 1s
  3650K .......... .......... .......... .......... .......... 52% 74.0M 1s
  3700K .......... .......... .......... .......... .......... 53% 45.7M 1s
  3750K .......... .......... .......... .......... .......... 54% 67.2M 1s
  3800K .......... .......... .......... .......... .......... 55% 53.8M 1s
  3850K .......... .......... .......... .......... .......... 55%  130M 1s
  3900K .......... .......... .......... .......... .......... 56% 71.3M 0s
  3950K .......... .......... .......... .......... .......... 57% 42.3M 0s
  4000K .......... .......... .......... .......... .......... 57% 25.9M 0s
  4050K .......... .......... .......... .......... .......... 58%  140M 0s
  4100K .......... .......... .......... .......... .......... 59% 69.5M 0s
  4150K .......... .......... .......... .......... .......... 60% 57.3M 0s
  4200K .......... .......... .......... .......... .......... 60% 49.2M 0s
  4250K .......... .......... .......... .......... .......... 61% 40.8M 0s
  4300K .......... .......... .......... .......... .......... 62%  166M 0s
  4350K .......... .......... .......... .......... .......... 63% 48.7M 0s
  4400K .......... .......... .......... .......... .......... 63% 35.5M 0s
  4450K .......... .......... .......... .......... .......... 64% 26.5M 0s
  4500K .......... .......... .......... .......... .......... 65%  128M 0s
  4550K .......... .......... .......... .......... .......... 65% 35.8M 0s
  4600K .......... .......... .......... .......... .......... 66% 45.2M 0s
  4650K .......... .......... .......... .......... .......... 67% 65.1M 0s
  4700K .......... .......... .......... .......... .......... 68% 56.5M 0s
  4750K .......... .......... .......... .......... .......... 68% 78.8M 0s
  4800K .......... .......... .......... .......... .......... 69% 90.3M 0s
  4850K .......... .......... .......... .......... .......... 70% 41.3M 0s
  4900K .......... .......... .......... .......... .......... 70%  109M 0s
  4950K .......... .......... .......... .......... .......... 71% 45.3M 0s
  5000K .......... .......... .......... .......... .......... 72% 78.1M 0s
  5050K .......... .......... .......... .......... .......... 73%  136M 0s
  5100K .......... .......... .......... .......... .......... 73% 36.3M 0s
  5150K .......... .......... .......... .......... .......... 74%  103M 0s
  5200K .......... .......... .......... .......... .......... 75% 52.6M 0s
  5250K .......... .......... .......... .......... .......... 75% 96.2M 0s
  5300K .......... .......... .......... .......... .......... 76% 96.0M 0s
  5350K .......... .......... .......... .......... .......... 77% 43.2M 0s
  5400K .......... .......... .......... .......... .......... 78% 86.3M 0s
  5450K .......... .......... .......... .......... .......... 78%  146M 0s
  5500K .......... .......... .......... .......... .......... 79% 33.9M 0s
  5550K .......... .......... .......... .......... .......... 80%  125M 0s
  5600K .......... .......... .......... .......... .......... 80% 40.7M 0s
  5650K .......... .......... .......... .......... .......... 81%  104M 0s
  5700K .......... .......... .......... .......... .......... 82% 85.9M 0s
  5750K .......... .......... .......... .......... .......... 83% 92.4M 0s
  5800K .......... .......... .......... .......... .......... 83% 1.25M 0s
  5850K .......... .......... .......... .......... .......... 84% 41.3M 0s
  5900K .......... .......... .......... .......... .......... 85%  123M 0s
  5950K .......... .......... .......... .......... .......... 85% 95.5M 0s
  6000K .......... .......... .......... .......... .......... 86% 74.1M 0s
  6050K .......... .......... .......... .......... .......... 87% 67.9M 0s
  6100K .......... .......... .......... .......... .......... 88%  123M 0s
  6150K .......... .......... .......... .......... .......... 88% 54.0M 0s
  6200K .......... .......... .......... .......... .......... 89% 49.2M 0s
  6250K .......... .......... .......... .......... .......... 90%  104M 0s
  6300K .......... .......... .......... .......... .......... 90% 46.3M 0s
  6350K .......... .......... .......... .......... .......... 91% 86.4M 0s
  6400K .......... .......... .......... .......... .......... 92% 56.0M 0s
  6450K .......... .......... .......... .......... .......... 93% 48.7M 0s
  6500K .......... .......... .......... .......... .......... 93%  103M 0s
  6550K .......... .......... .......... .......... .......... 94% 53.4M 0s
  6600K .......... .......... .......... .......... .......... 95% 93.1M 0s
  6650K .......... .......... .......... .......... .......... 95% 33.2M 0s
  6700K .......... .......... .......... .......... .......... 96% 49.2M 0s
  6750K .......... .......... .......... .......... .......... 97%  124M 0s
  6800K .......... .......... .......... .......... .......... 98% 56.9M 0s
  6850K .......... .......... .......... .......... .......... 98% 86.2M 0s
  6900K .......... .......... .......... .......... .......... 99% 46.2M 0s
  6950K .......... .......... .......... ....                 100% 36.0M=0.7s

2017-02-05 01:57:31 (9.33 MB/s) - ‘libicu-50.1.2-5.fc19.x86_64.rpm’ saved [7151720/7151720]

--2017-02-05 01:57:31--  https://github.com/PowerShell/PowerShell/releases/download/v6.0.0-alpha.15/powershell-6.0.0_alpha.15-1.el7.centos.x86_64.rpm
Resolving github.com (github.com)... 192.30.253.112, 192.30.253.113
Connecting to github.com (github.com)|192.30.253.112|:443... connected.
HTTP request sent, awaiting response... 302 Found
Location: https://github-cloud.s3.amazonaws.com/releases/49609581/48141396-e1a3-11e6-9d5c-5dadbf1e2899.rpm?X-Amz-Algorithm=AWS4-HMAC-SHA256&X-Amz-Credential=AKIAISTNZFOVBIJMK3TQ%2F20170205%2Fus-east-1%2Fs3%2Faws4_request&X-Amz-Date=20170205T015731Z&X-Amz-Expires=300&X-Amz-Signature=c63fbc9a2a6151f561c46c4c6d5c96c2ea8dd4d59ff389af11e532c2b83d9124&X-Amz-SignedHeaders=host&actor_id=0&response-content-disposition=attachment%3B%20filename%3Dpowershell-6.0.0_alpha.15-1.el7.centos.x86_64.rpm&response-content-type=application%2Foctet-stream [following]
--2017-02-05 01:57:32--  https://github-cloud.s3.amazonaws.com/releases/49609581/48141396-e1a3-11e6-9d5c-5dadbf1e2899.rpm?X-Amz-Algorithm=AWS4-HMAC-SHA256&X-Amz-Credential=AKIAISTNZFOVBIJMK3TQ%2F20170205%2Fus-east-1%2Fs3%2Faws4_request&X-Amz-Date=20170205T015731Z&X-Amz-Expires=300&X-Amz-Signature=c63fbc9a2a6151f561c46c4c6d5c96c2ea8dd4d59ff389af11e532c2b83d9124&X-Amz-SignedHeaders=host&actor_id=0&response-content-disposition=attachment%3B%20filename%3Dpowershell-6.0.0_alpha.15-1.el7.centos.x86_64.rpm&response-content-type=application%2Foctet-stream
Resolving github-cloud.s3.amazonaws.com (github-cloud.s3.amazonaws.com)... 54.231.114.11
Connecting to github-cloud.s3.amazonaws.com (github-cloud.s3.amazonaws.com)|54.231.114.11|:443... connected.
HTTP request sent, awaiting response... 200 OK
Length: 41255839 (39M) [application/octet-stream]
Saving to: ‘powershell-6.0.0_alpha.15-1.el7.centos.x86_64.rpm’

     0K .......... .......... .......... .......... ..........  0% 1.97M 20s
    50K .......... .......... .......... .......... ..........  0% 3.19M 16s
   100K .......... .......... .......... .......... ..........  0% 5.81M 13s
   150K .......... .......... .......... .......... ..........  0% 6.65M 11s
   200K .......... .......... .......... .......... ..........  0% 6.59M 10s
   250K .......... .......... .......... .......... ..........  0% 62.1M 9s
   300K .......... .......... .......... .......... ..........  0% 6.55M 8s
   350K .......... .......... .......... .......... ..........  0% 77.0M 7s
   400K .......... .......... .......... .......... ..........  1% 5.73M 7s
   450K .......... .......... .......... .......... ..........  1% 87.2M 6s
   500K .......... .......... .......... .......... ..........  1% 7.24M 6s
   550K .......... .......... .......... .......... ..........  1% 55.0M 6s
   600K .......... .......... .......... .......... ..........  1% 7.63M 6s
   650K .......... .......... .......... .......... ..........  1% 48.4M 5s
   700K .......... .......... .......... .......... ..........  1% 93.7M 5s
   750K .......... .......... .......... .......... ..........  1% 7.59M 5s
   800K .......... .......... .......... .......... ..........  2% 44.6M 5s
   850K .......... .......... .......... .......... ..........  2% 7.51M 5s
   900K .......... .......... .......... .......... ..........  2% 46.8M 5s
   950K .......... .......... .......... .......... ..........  2% 7.33M 5s
  1000K .......... .......... .......... .......... ..........  2% 45.8M 4s
  1050K .......... .......... .......... .......... ..........  2% 7.35M 4s
  1100K .......... .......... .......... .......... ..........  2% 41.6M 4s
  1150K .......... .......... .......... .......... ..........  2% 7.56M 4s
  1200K .......... .......... .......... .......... ..........  3% 37.6M 4s
  1250K .......... .......... .......... .......... ..........  3% 34.1M 4s
  1300K .......... .......... .......... .......... ..........  3% 8.56M 4s
  1350K .......... .......... .......... .......... ..........  3% 36.1M 4s
  1400K .......... .......... .......... .......... ..........  3% 8.90M 4s
  1450K .......... .......... .......... .......... ..........  3% 62.4M 4s
  1500K .......... .......... .......... .......... ..........  3% 35.6M 4s
  1550K .......... .......... .......... .......... ..........  3% 63.6M 4s
  1600K .......... .......... .......... .......... ..........  4% 4.99M 4s
  1650K .......... .......... .......... .......... ..........  4% 87.8M 4s
  1700K .......... .......... .......... .......... ..........  4%  207M 4s
  1750K .......... .......... .......... .......... ..........  4% 34.8M 4s
  1800K .......... .......... .......... .......... ..........  4% 7.88M 4s
  1850K .......... .......... .......... .......... ..........  4%  105M 3s
  1900K .......... .......... .......... .......... ..........  4%  106M 3s
  1950K .......... .......... .......... .......... ..........  4% 83.5M 3s
  2000K .......... .......... .......... .......... ..........  5% 7.71M 3s
  2050K .......... .......... .......... .......... ..........  5% 64.2M 3s
  2100K .......... .......... .......... .......... ..........  5%  148M 3s
  2150K .......... .......... .......... .......... ..........  5% 7.74M 3s
  2200K .......... .......... .......... .......... ..........  5% 79.5M 3s
  2250K .......... .......... .......... .......... ..........  5% 70.4M 3s
  2300K .......... .......... .......... .......... ..........  5% 8.32M 3s
  2350K .......... .......... .......... .......... ..........  5% 53.7M 3s
  2400K .......... .......... .......... .......... ..........  6%  114M 3s
  2450K .......... .......... .......... .......... ..........  6% 48.9M 3s
  2500K .......... .......... .......... .......... ..........  6% 9.21M 3s
  2550K .......... .......... .......... .......... ..........  6% 63.7M 3s
  2600K .......... .......... .......... .......... ..........  6% 73.5M 3s
  2650K .......... .......... .......... .......... ..........  6%  191M 3s
  2700K .......... .......... .......... .......... ..........  6% 49.8M 3s
  2750K .......... .......... .......... .......... ..........  6% 8.06M 3s
  2800K .......... .......... .......... .......... ..........  7% 63.2M 3s
  2850K .......... .......... .......... .......... ..........  7% 89.2M 3s
  2900K .......... .......... .......... .......... ..........  7%  141M 3s
  2950K .......... .......... .......... .......... ..........  7% 65.6M 3s
  3000K .......... .......... .......... .......... ..........  7% 8.81M 3s
  3050K .......... .......... .......... .......... ..........  7% 84.7M 3s
  3100K .......... .......... .......... .......... ..........  7% 92.7M 3s
  3150K .......... .......... .......... .......... ..........  7%  119M 3s
  3200K .......... .......... .......... .......... ..........  8% 84.0M 2s
  3250K .......... .......... .......... .......... ..........  8% 10.0M 3s
  3300K .......... .......... .......... .......... ..........  8% 48.3M 2s
  3350K .......... .......... .......... .......... ..........  8% 94.5M 2s
  3400K .......... .......... .......... .......... ..........  8%  136M 2s
  3450K .......... .......... .......... .......... ..........  8% 90.4M 2s
  3500K .......... .......... .......... .......... ..........  8%  118M 2s
  3550K .......... .......... .......... .......... ..........  8% 10.8M 2s
  3600K .......... .......... .......... .......... ..........  9% 45.8M 2s
  3650K .......... .......... .......... .......... ..........  9% 75.2M 2s
  3700K .......... .......... .......... .......... ..........  9% 96.4M 2s
  3750K .......... .......... .......... .......... ..........  9% 89.7M 2s
  3800K .......... .......... .......... .......... ..........  9% 87.4M 2s
  3850K .......... .......... .......... .......... ..........  9% 90.2M 2s
  3900K .......... .......... .......... .......... ..........  9% 11.6M 2s
  3950K .......... .......... .......... .......... ..........  9% 44.5M 2s
  4000K .......... .......... .......... .......... .......... 10%  131M 2s
  4050K .......... .......... .......... .......... .......... 10%  119M 2s
  4100K .......... .......... .......... .......... .......... 10% 82.8M 2s
  4150K .......... .......... .......... .......... .......... 10% 96.5M 2s
  4200K .......... .......... .......... .......... .......... 10%  121M 2s
  4250K .......... .......... .......... .......... .......... 10% 6.12M 2s
  4300K .......... .......... .......... .......... .......... 10%  140M 2s
  4350K .......... .......... .......... .......... .......... 10%  113M 2s
  4400K .......... .......... .......... .......... .......... 11% 99.7M 2s
  4450K .......... .......... .......... .......... .......... 11%  134M 2s
  4500K .......... .......... .......... .......... .......... 11% 83.3M 2s
  4550K .......... .......... .......... .......... .......... 11%  137M 2s
  4600K .......... .......... .......... .......... .......... 11%  124M 2s
  4650K .......... .......... .......... .......... .......... 11% 9.84M 2s
  4700K .......... .......... .......... .......... .......... 11%  130M 2s
  4750K .......... .......... .......... .......... .......... 11% 85.8M 2s
  4800K .......... .......... .......... .......... .......... 12%  155M 2s
  4850K .......... .......... .......... .......... .......... 12%  121M 2s
  4900K .......... .......... .......... .......... .......... 12%  102M 2s
  4950K .......... .......... .......... .......... .......... 12%  121M 2s
  5000K .......... .......... .......... .......... .......... 12% 87.5M 2s
  5050K .......... .......... .......... .......... .......... 12% 11.4M 2s
  5100K .......... .......... .......... .......... .......... 12%  102M 2s
  5150K .......... .......... .......... .......... .......... 12%  123M 2s
  5200K .......... .......... .......... .......... .......... 13%  110M 2s
  5250K .......... .......... .......... .......... .......... 13%  139M 2s
  5300K .......... .......... .......... .......... .......... 13%  119M 2s
  5350K .......... .......... .......... .......... .......... 13% 81.4M 2s
  5400K .......... .......... .......... .......... .......... 13%  158M 2s
  5450K .......... .......... .......... .......... .......... 13%  117M 2s
  5500K .......... .......... .......... .......... .......... 13% 92.4M 2s
  5550K .......... .......... .......... .......... .......... 13% 11.5M 2s
  5600K .......... .......... .......... .......... .......... 14%  115M 2s
  5650K .......... .......... .......... .......... .......... 14% 93.0M 2s
  5700K .......... .......... .......... .......... .......... 14% 90.4M 2s
  5750K .......... .......... .......... .......... .......... 14% 61.7M 2s
  5800K .......... .......... .......... .......... .......... 14% 89.2M 2s
  5850K .......... .......... .......... .......... .......... 14% 89.4M 2s
  5900K .......... .......... .......... .......... .......... 14% 12.3M 2s
  5950K .......... .......... .......... .......... .......... 14%  107M 2s
  6000K .......... .......... .......... .......... .......... 15%  105M 2s
  6050K .......... .......... .......... .......... .......... 15% 83.6M 2s
  6100K .......... .......... .......... .......... .......... 15%  126M 2s
  6150K .......... .......... .......... .......... .......... 15% 64.5M 2s
  6200K .......... .......... .......... .......... .......... 15% 88.4M 2s
  6250K .......... .......... .......... .......... .......... 15%  137M 2s
  6300K .......... .......... .......... .......... .......... 15% 12.5M 2s
  6350K .......... .......... .......... .......... .......... 15% 65.3M 2s
  6400K .......... .......... .......... .......... .......... 16%  137M 2s
  6450K .......... .......... .......... .......... .......... 16% 83.2M 2s
  6500K .......... .......... .......... .......... .......... 16%  140M 1s
  6550K .......... .......... .......... .......... .......... 16%  111M 1s
  6600K .......... .......... .......... .......... .......... 16% 90.5M 1s
  6650K .......... .......... .......... .......... .......... 16% 65.8M 1s
  6700K .......... .......... .......... .......... .......... 16%  120M 1s
  6750K .......... .......... .......... .......... .......... 16% 11.0M 1s
  6800K .......... .......... .......... .......... .......... 17% 72.4M 1s
  6850K .......... .......... .......... .......... .......... 17% 90.7M 1s
  6900K .......... .......... .......... .......... .......... 17% 41.9M 1s
  6950K .......... .......... .......... .......... .......... 17%  137M 1s
  7000K .......... .......... .......... .......... .......... 17% 85.6M 1s
  7050K .......... .......... .......... .......... .......... 17%  124M 1s
  7100K .......... .......... .......... .......... .......... 17%  106M 1s
  7150K .......... .......... .......... .......... .......... 17%  103M 1s
  7200K .......... .......... .......... .......... .......... 17% 23.4M 1s
  7250K .......... .......... .......... .......... .......... 18% 30.5M 1s
  7300K .......... .......... .......... .......... .......... 18%  117M 1s
  7350K .......... .......... .......... .......... .......... 18% 51.2M 1s
  7400K .......... .......... .......... .......... .......... 18% 98.0M 1s
  7450K .......... .......... .......... .......... .......... 18%  103M 1s
  7500K .......... .......... .......... .......... .......... 18%  131M 1s
  7550K .......... .......... .......... .......... .......... 18%  114M 1s
  7600K .......... .......... .......... .......... .......... 18% 95.3M 1s
  7650K .......... .......... .......... .......... .......... 19%  165M 1s
  7700K .......... .......... .......... .......... .......... 19% 92.8M 1s
  7750K .......... .......... .......... .......... .......... 19% 21.5M 1s
  7800K .......... .......... .......... .......... .......... 19% 47.0M 1s
  7850K .......... .......... .......... .......... .......... 19%  120M 1s
  7900K .......... .......... .......... .......... .......... 19% 49.9M 1s
  7950K .......... .......... .......... .......... .......... 19% 97.8M 1s
  8000K .......... .......... .......... .......... .......... 19%  113M 1s
  8050K .......... .......... .......... .......... .......... 20% 97.2M 1s
  8100K .......... .......... .......... .......... .......... 20%  133M 1s
  8150K .......... .......... .......... .......... .......... 20%  109M 1s
  8200K .......... .......... .......... .......... .......... 20% 96.5M 1s
  8250K .......... .......... .......... .......... .......... 20%  117M 1s
  8300K .......... .......... .......... .......... .......... 20% 23.2M 1s
  8350K .......... .......... .......... .......... .......... 20% 51.8M 1s
  8400K .......... .......... .......... .......... .......... 20%  131M 1s
  8450K .......... .......... .......... .......... .......... 21% 2.62M 1s
  8500K .......... .......... .......... .......... .......... 21% 74.3M 1s
  8550K .......... .......... .......... .......... .......... 21%  179M 1s
  8600K .......... .......... .......... .......... .......... 21%  101M 1s
  8650K .......... .......... .......... .......... .......... 21%  126M 1s
  8700K .......... .......... .......... .......... .......... 21% 92.0M 1s
  8750K .......... .......... .......... .......... .......... 21%  133M 1s
  8800K .......... .......... .......... .......... .......... 21%  103M 1s
  8850K .......... .......... .......... .......... .......... 22%  110M 1s
  8900K .......... .......... .......... .......... .......... 22%  109M 1s
  8950K .......... .......... .......... .......... .......... 22%  115M 1s
  9000K .......... .......... .......... .......... .......... 22% 9.76M 1s
  9050K .......... .......... .......... .......... .......... 22%  114M 1s
  9100K .......... .......... .......... .......... .......... 22%  133M 1s
  9150K .......... .......... .......... .......... .......... 22% 80.1M 1s
  9200K .......... .......... .......... .......... .......... 22%  126M 1s
  9250K .......... .......... .......... .......... .......... 23% 95.8M 1s
  9300K .......... .......... .......... .......... .......... 23% 80.4M 1s
  9350K .......... .......... .......... .......... .......... 23% 97.8M 1s
  9400K .......... .......... .......... .......... .......... 23%  121M 1s
  9450K .......... .......... .......... .......... .......... 23%  117M 1s
  9500K .......... .......... .......... .......... .......... 23%  140M 1s
  9550K .......... .......... .......... .......... .......... 23% 88.5M 1s
  9600K .......... .......... .......... .......... .......... 23%  129M 1s
  9650K .......... .......... .......... .......... .......... 24% 18.7M 1s
  9700K .......... .......... .......... .......... .......... 24% 90.8M 1s
  9750K .......... .......... .......... .......... .......... 24% 46.5M 1s
  9800K .......... .......... .......... .......... .......... 24%  159M 1s
  9850K .......... .......... .......... .......... .......... 24% 67.6M 1s
  9900K .......... .......... .......... .......... .......... 24% 68.5M 1s
  9950K .......... .......... .......... .......... .......... 24% 73.2M 1s
 10000K .......... .......... .......... .......... .......... 24% 96.4M 1s
 10050K .......... .......... .......... .......... .......... 25%  126M 1s
 10100K .......... .......... .......... .......... .......... 25%  114M 1s
 10150K .......... .......... .......... .......... .......... 25% 94.3M 1s
 10200K .......... .......... .......... .......... .......... 25%  124M 1s
 10250K .......... .......... .......... .......... .......... 25% 96.1M 1s
 10300K .......... .......... .......... .......... .......... 25%  130M 1s
 10350K .......... .......... .......... .......... .......... 25% 25.3M 1s
 10400K .......... .......... .......... .......... .......... 25%  101M 1s
 10450K .......... .......... .......... .......... .......... 26% 66.3M 1s
 10500K .......... .......... .......... .......... .......... 26% 79.7M 1s
 10550K .......... .......... .......... .......... .......... 26% 91.9M 1s
 10600K .......... .......... .......... .......... .......... 26% 61.2M 1s
 10650K .......... .......... .......... .......... .......... 26% 59.4M 1s
 10700K .......... .......... .......... .......... .......... 26%  118M 1s
 10750K .......... .......... .......... .......... .......... 26% 81.3M 1s
 10800K .......... .......... .......... .......... .......... 26%  108M 1s
 10850K .......... .......... .......... .......... .......... 27%  128M 1s
 10900K .......... .......... .......... .......... .......... 27%  121M 1s
 10950K .......... .......... .......... .......... .......... 27% 91.0M 1s
 11000K .......... .......... .......... .......... .......... 27%  136M 1s
 11050K .......... .......... .......... .......... .......... 27%  119M 1s
 11100K .......... .......... .......... .......... .......... 27% 32.1M 1s
 11150K .......... .......... .......... .......... .......... 27% 61.7M 1s
 11200K .......... .......... .......... .......... .......... 27% 51.7M 1s
 11250K .......... .......... .......... .......... .......... 28%  109M 1s
 11300K .......... .......... .......... .......... .......... 28%  141M 1s
 11350K .......... .......... .......... .......... .......... 28% 44.1M 1s
 11400K .......... .......... .......... .......... .......... 28% 83.4M 1s
 11450K .......... .......... .......... .......... .......... 28%  100M 1s
 11500K .......... .......... .......... .......... .......... 28% 88.3M 1s
 11550K .......... .......... .......... .......... .......... 28%  134M 1s
 11600K .......... .......... .......... .......... .......... 28%  130M 1s
 11650K .......... .......... .......... .......... .......... 29%  115M 1s
 11700K .......... .......... .......... .......... .......... 29% 97.5M 1s
 11750K .......... .......... .......... .......... .......... 29%  109M 1s
 11800K .......... .......... .......... .......... .......... 29% 92.2M 1s
 11850K .......... .......... .......... .......... .......... 29%  118M 1s
 11900K .......... .......... .......... .......... .......... 29%  161M 1s
 11950K .......... .......... .......... .......... .......... 29%  116M 1s
 12000K .......... .......... .......... .......... .......... 29%  130M 1s
 12050K .......... .......... .......... .......... .......... 30% 68.9M 1s
 12100K .......... .......... .......... .......... .......... 30%  122M 1s
 12150K .......... .......... .......... .......... .......... 30% 86.8M 1s
 12200K .......... .......... .......... .......... .......... 30%  138M 1s
 12250K .......... .......... .......... .......... .......... 30% 19.6M 1s
 12300K .......... .......... .......... .......... .......... 30%  252M 1s
 12350K .......... .......... .......... .......... .......... 30%  379M 1s
 12400K .......... .......... .......... .......... .......... 30%  361M 1s
 12450K .......... .......... .......... .......... .......... 31%  326M 1s
 12500K .......... .......... .......... .......... .......... 31%  345M 1s
 12550K .......... .......... .......... .......... .......... 31%  249M 1s
 12600K .......... .......... .......... .......... .......... 31%  255M 1s
 12650K .......... .......... .......... .......... .......... 31%  140M 1s
 12700K .......... .......... .......... .......... .......... 31% 92.5M 1s
 12750K .......... .......... .......... .......... .......... 31% 79.8M 1s
 12800K .......... .......... .......... .......... .......... 31%  124M 1s
 12850K .......... .......... .......... .......... .......... 32% 93.9M 1s
 12900K .......... .......... .......... .......... .......... 32%  129M 1s
 12950K .......... .......... .......... .......... .......... 32% 86.6M 1s
 13000K .......... .......... .......... .......... .......... 32%  136M 1s
 13050K .......... .......... .......... .......... .......... 32%  128M 1s
 13100K .......... .......... .......... .......... .......... 32% 87.3M 1s
 13150K .......... .......... .......... .......... .......... 32% 17.0M 1s
 13200K .......... .......... .......... .......... .......... 32%  158M 1s
 13250K .......... .......... .......... .......... .......... 33%  115M 1s
 13300K .......... .......... .......... .......... .......... 33% 82.2M 1s
 13350K .......... .......... .......... .......... .......... 33% 89.0M 1s
 13400K .......... .......... .......... .......... .......... 33%  198M 1s
 13450K .......... .......... .......... .......... .......... 33%  140M 1s
 13500K .......... .......... .......... .......... .......... 33%  123M 1s
 13550K .......... .......... .......... .......... .......... 33% 93.0M 1s
 13600K .......... .......... .......... .......... .......... 33%  138M 1s
 13650K .......... .......... .......... .......... .......... 34%  117M 1s
 13700K .......... .......... .......... .......... .......... 34%  102M 1s
 13750K .......... .......... .......... .......... .......... 34% 77.1M 1s
 13800K .......... .......... .......... .......... .......... 34%  181M 1s
 13850K .......... .......... .......... .......... .......... 34% 91.7M 1s
 13900K .......... .......... .......... .......... .......... 34%  137M 1s
 13950K .......... .......... .......... .......... .......... 34%  122M 1s
 14000K .......... .......... .......... .......... .......... 34%  120M 1s
 14050K .......... .......... .......... .......... .......... 34%  124M 1s
 14100K .......... .......... .......... .......... .......... 35% 90.0M 1s
 14150K .......... .......... .......... .......... .......... 35% 94.5M 1s
 14200K .......... .......... .......... .......... .......... 35%  128M 1s
 14250K .......... .......... .......... .......... .......... 35%  134M 1s
 14300K .......... .......... .......... .......... .......... 35%  126M 1s
 14350K .......... .......... .......... .......... .......... 35%  112M 1s
 14400K .......... .......... .......... .......... .......... 35% 95.3M 1s
 14450K .......... .......... .......... .......... .......... 35%  130M 1s
 14500K .......... .......... .......... .......... .......... 36%  133M 1s
 14550K .......... .......... .......... .......... .......... 36% 87.4M 1s
 14600K .......... .......... .......... .......... .......... 36%  127M 1s
 14650K .......... .......... .......... .......... .......... 36%  118M 1s
 14700K .......... .......... .......... .......... .......... 36% 91.0M 1s
 14750K .......... .......... .......... .......... .......... 36%  121M 1s
 14800K .......... .......... .......... .......... .......... 36%  144M 1s
 14850K .......... .......... .......... .......... .......... 36% 95.5M 1s
 14900K .......... .......... .......... .......... .......... 37%  184M 1s
 14950K .......... .......... .......... .......... .......... 37% 87.1M 1s
 15000K .......... .......... .......... .......... .......... 37% 86.2M 1s
 15050K .......... .......... .......... .......... .......... 37%  148M 1s
 15100K .......... .......... .......... .......... .......... 37%  132M 1s
 15150K .......... .......... .......... .......... .......... 37%  115M 1s
 15200K .......... .......... .......... .......... .......... 37% 88.4M 1s
 15250K .......... .......... .......... .......... .......... 37%  137M 1s
 15300K .......... .......... .......... .......... .......... 38%  130M 1s
 15350K .......... .......... .......... .......... .......... 38% 89.2M 1s
 15400K .......... .......... .......... .......... .......... 38%  130M 1s
 15450K .......... .......... .......... .......... .......... 38%  120M 1s
 15500K .......... .......... .......... .......... .......... 38% 87.8M 1s
 15550K .......... .......... .......... .......... .......... 38%  141M 1s
 15600K .......... .......... .......... .......... .......... 38%  126M 1s
 15650K .......... .......... .......... .......... .......... 38%  118M 1s
 15700K .......... .......... .......... .......... .......... 39%  133M 1s
 15750K .......... .......... .......... .......... .......... 39% 88.3M 1s
 15800K .......... .......... .......... .......... .......... 39% 89.9M 1s
 15850K .......... .......... .......... .......... .......... 39%  139M 1s
 15900K .......... .......... .......... .......... .......... 39%  131M 1s
 15950K .......... .......... .......... .......... .......... 39% 58.4M 1s
 16000K .......... .......... .......... .......... .......... 39%  563M 1s
 16050K .......... .......... .......... .......... .......... 39%  110M 1s
 16100K .......... .......... .......... .......... .......... 40%  141M 1s
 16150K .......... .......... .......... .......... .......... 40% 87.6M 1s
 16200K .......... .......... .......... .......... .......... 40%  130M 1s
 16250K .......... .......... .......... .......... .......... 40%  119M 1s
 16300K .......... .......... .......... .......... .......... 40%  122M 1s
 16350K .......... .......... .......... .......... .......... 40% 94.1M 1s
 16400K .......... .......... .......... .......... .......... 40%  130M 1s
 16450K .......... .......... .......... .......... .......... 40%  130M 1s
 16500K .......... .......... .......... .......... .......... 41%  120M 1s
 16550K .......... .......... .......... .......... .......... 41% 90.6M 1s
 16600K .......... .......... .......... .......... .......... 41%  114M 1s
 16650K .......... .......... .......... .......... .......... 41% 99.6M 1s
 16700K .......... .......... .......... .......... .......... 41%  126M 1s
 16750K .......... .......... .......... .......... .......... 41%  126M 1s
 16800K .......... .......... .......... .......... .......... 41%  123M 1s
 16850K .......... .......... .......... .......... .......... 41%  119M 1s
 16900K .......... .......... .......... .......... .......... 42% 94.8M 1s
 16950K .......... .......... .......... .......... .......... 42% 86.8M 1s
 17000K .......... .......... .......... .......... .......... 42%  141M 1s
 17050K .......... .......... .......... .......... .......... 42%  129M 1s
 17100K .......... .......... .......... .......... .......... 42%  121M 1s
 17150K .......... .......... .......... .......... .......... 42%  129M 1s
 17200K .......... .......... .......... .......... .......... 42% 89.3M 1s
 17250K .......... .......... .......... .......... .......... 42%  132M 1s
 17300K .......... .......... .......... .......... .......... 43%  126M 1s
 17350K .......... .......... .......... .......... .......... 43% 89.5M 1s
 17400K .......... .......... .......... .......... .......... 43%  133M 1s
 17450K .......... .......... .......... .......... .......... 43%  102M 1s
 17500K .......... .......... .......... .......... .......... 43%  107M 1s
 17550K .......... .......... .......... .......... .......... 43%  117M 1s
 17600K .......... .......... .......... .......... .......... 43%  136M 1s
 17650K .......... .......... .......... .......... .......... 43%  116M 1s
 17700K .......... .......... .......... .......... .......... 44% 90.8M 1s
 17750K .......... .......... .......... .......... .......... 44% 92.3M 1s
 17800K .......... .......... .......... .......... .......... 44%  120M 1s
 17850K .......... .......... .......... .......... .......... 44% 92.6M 1s
 17900K .......... .......... .......... .......... .......... 44%  128M 1s
 17950K .......... .......... .......... .......... .......... 44%  124M 1s
 18000K .......... .......... .......... .......... .......... 44%  125M 1s
 18050K .......... .......... .......... .......... .......... 44% 93.0M 1s
 18100K .......... .......... .......... .......... .......... 45%  133M 1s
 18150K .......... .......... .......... .......... .......... 45% 87.7M 1s
 18200K .......... .......... .......... .......... .......... 45%  127M 1s
 18250K .......... .......... .......... .......... .......... 45%  118M 1s
 18300K .......... .......... .......... .......... .......... 45%  132M 1s
 18350K .......... .......... .......... .......... .......... 45% 87.8M 1s
 18400K .......... .......... .......... .......... .......... 45%  122M 1s
 18450K .......... .......... .......... .......... .......... 45%  143M 1s
 18500K .......... .......... .......... .......... .......... 46%  116M 1s
 18550K .......... .......... .......... .......... .......... 46% 95.8M 1s
 18600K .......... .......... .......... .......... .......... 46%  120M 1s
 18650K .......... .......... .......... .......... .......... 46% 94.4M 1s
 18700K .......... .......... .......... .......... .......... 46%  120M 1s
 18750K .......... .......... .......... .......... .......... 46%  138M 1s
 18800K .......... .......... .......... .......... .......... 46%  116M 1s
 18850K .......... .......... .......... .......... .......... 46%  120M 1s
 18900K .......... .......... .......... .......... .......... 47% 96.8M 1s
 18950K .......... .......... .......... .......... .......... 47% 91.0M 1s
 19000K .......... .......... .......... .......... .......... 47%  125M 1s
 19050K .......... .......... .......... .......... .......... 47%  137M 0s
 19100K .......... .......... .......... .......... .......... 47%  113M 0s
 19150K .......... .......... .......... .......... .......... 47%  128M 0s
 19200K .......... .......... .......... .......... .......... 47% 89.8M 0s
 19250K .......... .......... .......... .......... .......... 47%  132M 0s
 19300K .......... .......... .......... .......... .......... 48% 11.2M 0s
 19350K .......... .......... .......... .......... .......... 48%  288M 0s
 19400K .......... .......... .......... .......... .......... 48%  598M 0s
 19450K .......... .......... .......... .......... .......... 48%  465M 0s
 19500K .......... .......... .......... .......... .......... 48%  599M 0s
 19550K .......... .......... .......... .......... .......... 48%  416M 0s
 19600K .......... .......... .......... .......... .......... 48%  558M 0s
 19650K .......... .......... .......... .......... .......... 48%  454M 0s
 19700K .......... .......... .......... .......... .......... 49%  567M 0s
 19750K .......... .......... .......... .......... .......... 49%  389M 0s
 19800K .......... .......... .......... .......... .......... 49%  459M 0s
 19850K .......... .......... .......... .......... .......... 49%  584M 0s
 19900K .......... .......... .......... .......... .......... 49% 78.2M 0s
 19950K .......... .......... .......... .......... .......... 49%  434M 0s
 20000K .......... .......... .......... .......... .......... 49%  156M 0s
 20050K .......... .......... .......... .......... .......... 49%  126M 0s
 20100K .......... .......... .......... .......... .......... 50%  125M 0s
 20150K .......... .......... .......... .......... .......... 50% 94.7M 0s
 20200K .......... .......... .......... .......... .......... 50%  115M 0s
 20250K .......... .......... .......... .......... .......... 50% 95.4M 0s
 20300K .......... .......... .......... .......... .......... 50%  111M 0s
 20350K .......... .......... .......... .......... .......... 50% 17.5M 0s
 20400K .......... .......... .......... .......... .......... 50% 1.20M 0s
 20450K .......... .......... .......... .......... .......... 50% 96.2M 0s
 20500K .......... .......... .......... .......... .......... 51% 17.4M 0s
 20550K .......... .......... .......... .......... .......... 51% 38.1M 0s
 20600K .......... .......... .......... .......... .......... 51%  107M 0s
 20650K .......... .......... .......... .......... .......... 51% 13.3M 0s
 20700K .......... .......... .......... .......... .......... 51%  335M 0s
 20750K .......... .......... .......... .......... .......... 51%  485M 0s
 20800K .......... .......... .......... .......... .......... 51%  470M 0s
 20850K .......... .......... .......... .......... .......... 51%  329M 0s
 20900K .......... .......... .......... .......... .......... 51%  352M 0s
 20950K .......... .......... .......... .......... .......... 52% 22.9M 0s
 21000K .......... .......... .......... .......... .......... 52% 21.7M 0s
 21050K .......... .......... .......... .......... .......... 52%  121M 0s
 21100K .......... .......... .......... .......... .......... 52% 98.4M 0s
 21150K .......... .......... .......... .......... .......... 52%  130M 0s
 21200K .......... .......... .......... .......... .......... 52%  123M 0s
 21250K .......... .......... .......... .......... .......... 52% 94.6M 0s
 21300K .......... .......... .......... .......... .......... 52% 93.8M 0s
 21350K .......... .......... .......... .......... .......... 53%  146M 0s
 21400K .......... .......... .......... .......... .......... 53%  126M 0s
 21450K .......... .......... .......... .......... .......... 53% 94.2M 0s
 21500K .......... .......... .......... .......... .......... 53%  124M 0s
 21550K .......... .......... .......... .......... .......... 53%  128M 0s
 21600K .......... .......... .......... .......... .......... 53% 99.7M 0s
 21650K .......... .......... .......... .......... .......... 53% 65.2M 0s
 21700K .......... .......... .......... .......... .......... 53%  123M 0s
 21750K .......... .......... .......... .......... .......... 54% 95.0M 0s
 21800K .......... .......... .......... .......... .......... 54%  135M 0s
 21850K .......... .......... .......... .......... .......... 54%  111M 0s
 21900K .......... .......... .......... .......... .......... 54%  109M 0s
 21950K .......... .......... .......... .......... .......... 54%  130M 0s
 22000K .......... .......... .......... .......... .......... 54%  123M 0s
 22050K .......... .......... .......... .......... .......... 54% 91.1M 0s
 22100K .......... .......... .......... .......... .......... 54%  100M 0s
 22150K .......... .......... .......... .......... .......... 55%  129M 0s
 22200K .......... .......... .......... .......... .......... 55%  123M 0s
 22250K .......... .......... .......... .......... .......... 55% 97.2M 0s
 22300K .......... .......... .......... .......... .......... 55%  123M 0s
 22350K .......... .......... .......... .......... .......... 55%  141M 0s
 22400K .......... .......... .......... .......... .......... 55% 92.8M 0s
 22450K .......... .......... .......... .......... .......... 55% 92.0M 0s
 22500K .......... .......... .......... .......... .......... 55%  132M 0s
 22550K .......... .......... .......... .......... .......... 56%  119M 0s
 22600K .......... .......... .......... .......... .......... 56%  132M 0s
 22650K .......... .......... .......... .......... .......... 56% 86.3M 0s
 22700K .......... .......... .......... .......... .......... 56%  133M 0s
 22750K .......... .......... .......... .......... .......... 56%  125M 0s
 22800K .......... .......... .......... .......... .......... 56%  119M 0s
 22850K .......... .......... .......... .......... .......... 56%  102M 0s
 22900K .......... .......... .......... .......... .......... 56%  109M 0s
 22950K .......... .......... .......... .......... .......... 57% 99.7M 0s
 23000K .......... .......... .......... .......... .......... 57%  128M 0s
 23050K .......... .......... .......... .......... .......... 57%  117M 0s
 23100K .......... .......... .......... .......... .......... 57%  126M 0s
 23150K .......... .......... .......... .......... .......... 57%  115M 0s
 23200K .......... .......... .......... .......... .......... 57%  102M 0s
 23250K .......... .......... .......... .......... .......... 57% 42.0M 0s
 23300K .......... .......... .......... .......... .......... 57%  452M 0s
 23350K .......... .......... .......... .......... .......... 58%  327M 0s
 23400K .......... .......... .......... .......... .......... 58%  162M 0s
 23450K .......... .......... .......... .......... .......... 58%  128M 0s
 23500K .......... .......... .......... .......... .......... 58% 90.7M 0s
 23550K .......... .......... .......... .......... .......... 58%  127M 0s
 23600K .......... .......... .......... .......... .......... 58%  127M 0s
 23650K .......... .......... .......... .......... .......... 58% 89.6M 0s
 23700K .......... .......... .......... .......... .......... 58%  117M 0s
 23750K .......... .......... .......... .......... .......... 59%  134M 0s
 23800K .......... .......... .......... .......... .......... 59% 96.1M 0s
 23850K .......... .......... .......... .......... .......... 59% 11.5M 0s
 23900K .......... .......... .......... .......... .......... 59%  263M 0s
 23950K .......... .......... .......... .......... .......... 59%  119M 0s
 24000K .......... .......... .......... .......... .......... 59%  134M 0s
 24050K .......... .......... .......... .......... .......... 59% 97.1M 0s
 24100K .......... .......... .......... .......... .......... 59%  108M 0s
 24150K .......... .......... .......... .......... .......... 60% 98.1M 0s
 24200K .......... .......... .......... .......... .......... 60%  126M 0s
 24250K .......... .......... .......... .......... .......... 60%  129M 0s
 24300K .......... .......... .......... .......... .......... 60%  130M 0s
 24350K .......... .......... .......... .......... .......... 60% 95.5M 0s
 24400K .......... .......... .......... .......... .......... 60% 95.5M 0s
 24450K .......... .......... .......... .......... .......... 60% 99.7M 0s
 24500K .......... .......... .......... .......... .......... 60%  140M 0s
 24550K .......... .......... .......... .......... .......... 61%  126M 0s
 24600K .......... .......... .......... .......... .......... 61%  120M 0s
 24650K .......... .......... .......... .......... .......... 61%  130M 0s
 24700K .......... .......... .......... .......... .......... 61% 90.7M 0s
 24750K .......... .......... .......... .......... .......... 61%  118M 0s
 24800K .......... .......... .......... .......... .......... 61%  129M 0s
 24850K .......... .......... .......... .......... .......... 61% 85.1M 0s
 24900K .......... .......... .......... .......... .......... 61%  137M 0s
 24950K .......... .......... .......... .......... .......... 62%  107M 0s
 25000K .......... .......... .......... .......... .......... 62%  138M 0s
 25050K .......... .......... .......... .......... .......... 62%  121M 0s
 25100K .......... .......... .......... .......... .......... 62% 95.9M 0s
 25150K .......... .......... .......... .......... .......... 62%  118M 0s
 25200K .......... .......... .......... .......... .......... 62% 98.5M 0s
 25250K .......... .......... .......... .......... .......... 62% 94.3M 0s
 25300K .......... .......... .......... .......... .......... 62%  134M 0s
 25350K .......... .......... .......... .......... .......... 63%  137M 0s
 25400K .......... .......... .......... .......... .......... 63%  123M 0s
 25450K .......... .......... .......... .......... .......... 63% 96.2M 0s
 25500K .......... .......... .......... .......... .......... 63%  139M 0s
 25550K .......... .......... .......... .......... .......... 63%  101M 0s
 25600K .......... .......... .......... .......... .......... 63%  119M 0s
 25650K .......... .......... .......... .......... .......... 63% 3.62M 0s
 25700K .......... .......... .......... .......... .......... 63%  226K 0s
 25750K .......... .......... .......... .......... .......... 64%  286M 0s
 25800K .......... .......... .......... .......... .......... 64%  222M 0s
 25850K .......... .......... .......... .......... .......... 64%  296M 0s
 25900K .......... .......... .......... .......... .......... 64%  332M 0s
 25950K .......... .......... .......... .......... .......... 64%  313M 0s
 26000K .......... .......... .......... .......... .......... 64%  500M 0s
 26050K .......... .......... .......... .......... .......... 64%  481M 0s
 26100K .......... .......... .......... .......... .......... 64%  384M 0s
 26150K .......... .......... .......... .......... .......... 65%  416M 0s
 26200K .......... .......... .......... .......... .......... 65%  476M 0s
 26250K .......... .......... .......... .......... .......... 65%  454M 0s
 26300K .......... .......... .......... .......... .......... 65%  479M 0s
 26350K .......... .......... .......... .......... .......... 65%  525M 0s
 26400K .......... .......... .......... .......... .......... 65%  540M 0s
 26450K .......... .......... .......... .......... .......... 65%  445M 0s
 26500K .......... .......... .......... .......... .......... 65%  557M 0s
 26550K .......... .......... .......... .......... .......... 66%  567M 0s
 26600K .......... .......... .......... .......... .......... 66%  489M 0s
 26650K .......... .......... .......... .......... .......... 66%  341M 0s
 26700K .......... .......... .......... .......... .......... 66%  387M 0s
 26750K .......... .......... .......... .......... .......... 66%  558M 0s
 26800K .......... .......... .......... .......... .......... 66%  593M 0s
 26850K .......... .......... .......... .......... .......... 66%  430M 0s
 26900K .......... .......... .......... .......... .......... 66%  472M 0s
 26950K .......... .......... .......... .......... .......... 67%  349M 0s
 27000K .......... .......... .......... .......... .......... 67%  556M 0s
 27050K .......... .......... .......... .......... .......... 67%  473M 0s
 27100K .......... .......... .......... .......... .......... 67%  415M 0s
 27150K .......... .......... .......... .......... .......... 67%  503M 0s
 27200K .......... .......... .......... .......... .......... 67%  589M 0s
 27250K .......... .......... .......... .......... .......... 67%  485M 0s
 27300K .......... .......... .......... .......... .......... 67%  570M 0s
 27350K .......... .......... .......... .......... .......... 68%  561M 0s
 27400K .......... .......... .......... .......... .......... 68%  476M 0s
 27450K .......... .......... .......... .......... .......... 68%  412M 0s
 27500K .......... .......... .......... .......... .......... 68%  432M 0s
 27550K .......... .......... .......... .......... .......... 68%  459M 0s
 27600K .......... .......... .......... .......... .......... 68%  397M 0s
 27650K .......... .......... .......... .......... .......... 68%  436M 0s
 27700K .......... .......... .......... .......... .......... 68%  584M 0s
 27750K .......... .......... .......... .......... .......... 69%  588M 0s
 27800K .......... .......... .......... .......... .......... 69%  594M 0s
 27850K .......... .......... .......... .......... .......... 69%  513M 0s
 27900K .......... .......... .......... .......... .......... 69%  556M 0s
 27950K .......... .......... .......... .......... .......... 69%  354M 0s
 28000K .......... .......... .......... .......... .......... 69%  491M 0s
 28050K .......... .......... .......... .......... .......... 69%  295M 0s
 28100K .......... .......... .......... .......... .......... 69%  483M 0s
 28150K .......... .......... .......... .......... .......... 69%  569M 0s
 28200K .......... .......... .......... .......... .......... 70%  564M 0s
 28250K .......... .......... .......... .......... .......... 70%  526M 0s
 28300K .......... .......... .......... .......... .......... 70%  581M 0s
 28350K .......... .......... .......... .......... .......... 70% 1.39M 0s
 28400K .......... .......... .......... .......... .......... 70% 2.65M 0s
 28450K .......... .......... .......... .......... .......... 70% 2.03M 0s
 28500K .......... .......... .......... .......... .......... 70% 6.30M 0s
 28550K .......... .......... .......... .......... .......... 70% 6.05M 0s
 28600K .......... .......... .......... .......... .......... 71% 6.53M 0s
 28650K .......... .......... .......... .......... .......... 71% 60.6M 0s
 28700K .......... .......... .......... .......... .......... 71% 6.63M 0s
 28750K .......... .......... .......... .......... .......... 71% 5.75M 0s
 28800K .......... .......... .......... .......... .......... 71% 52.3M 0s
 28850K .......... .......... .......... .......... .......... 71% 6.55M 0s
 28900K .......... .......... .......... .......... .......... 71% 6.30M 0s
 28950K .......... .......... .......... .......... .......... 71% 7.79M 0s
 29000K .......... .......... .......... .......... .......... 72% 31.0M 0s
 29050K .......... .......... .......... .......... .......... 72% 6.91M 0s
 29100K .......... .......... .......... .......... .......... 72% 65.1M 0s
 29150K .......... .......... .......... .......... .......... 72% 4.52M 0s
 29200K .......... .......... .......... .......... .......... 72%  131M 0s
 29250K .......... .......... .......... .......... .......... 72% 6.41M 0s
 29300K .......... .......... .......... .......... .......... 72% 7.20M 0s
 29350K .......... .......... .......... .......... .......... 72% 50.3M 0s
 29400K .......... .......... .......... .......... .......... 73%  132M 0s
 29450K .......... .......... .......... .......... .......... 73% 6.38M 0s
 29500K .......... .......... .......... .......... .......... 73%  128M 0s
 29550K .......... .......... .......... .......... .......... 73% 6.27M 0s
 29600K .......... .......... .......... .......... .......... 73% 74.6M 0s
 29650K .......... .......... .......... .......... .......... 73% 5.31M 0s
 29700K .......... .......... .......... .......... .......... 73% 94.6M 0s
 29750K .......... .......... .......... .......... .......... 73%  133M 0s
 29800K .......... .......... .......... .......... .......... 74% 7.14M 0s
 29850K .......... .......... .......... .......... .......... 74% 85.0M 0s
 29900K .......... .......... .......... .......... .......... 74%  136M 0s
 29950K .......... .......... .......... .......... .......... 74% 7.19M 0s
 30000K .......... .......... .......... .......... .......... 74%  151M 0s
 30050K .......... .......... .......... .......... .......... 74% 83.6M 0s
 30100K .......... .......... .......... .......... .......... 74% 7.59M 0s
 30150K .......... .......... .......... .......... .......... 74% 59.0M 0s
 30200K .......... .......... .......... .......... .......... 75%  161M 0s
 30250K .......... .......... .......... .......... .......... 75% 75.2M 0s
 30300K .......... .......... .......... .......... .......... 75% 7.82M 0s
 30350K .......... .......... .......... .......... .......... 75% 87.3M 0s
 30400K .......... .......... .......... .......... .......... 75%  114M 0s
 30450K .......... .......... .......... .......... .......... 75% 83.6M 0s
 30500K .......... .......... .......... .......... .......... 75% 7.88M 0s
 30550K .......... .......... .......... .......... .......... 75%  104M 0s
 30600K .......... .......... .......... .......... .......... 76% 67.7M 0s
 30650K .......... .......... .......... .......... .......... 76%  134M 0s
 30700K .......... .......... .......... .......... .......... 76% 8.47M 0s
 30750K .......... .......... .......... .......... .......... 76% 64.3M 0s
 30800K .......... .......... .......... .......... .......... 76%  145M 0s
 30850K .......... .......... .......... .......... .......... 76% 52.1M 0s
 30900K .......... .......... .......... .......... .......... 76%  125M 0s
 30950K .......... .......... .......... .......... .......... 76% 8.80M 0s
 31000K .......... .......... .......... .......... .......... 77% 99.1M 0s
 31050K .......... .......... .......... .......... .......... 77% 63.0M 0s
 31100K .......... .......... .......... .......... .......... 77% 96.2M 0s
 31150K .......... .......... .......... .......... .......... 77%  112M 0s
 31200K .......... .......... .......... .......... .......... 77% 7.94M 0s
 31250K .......... .......... .......... .......... .......... 77% 44.0M 0s
 31300K .......... .......... .......... .......... .......... 77% 10.3M 0s
 31350K .......... .......... .......... .......... .......... 77% 94.0M 0s
 31400K .......... .......... .......... .......... .......... 78% 33.5M 0s
 31450K .......... .......... .......... .......... .......... 78% 96.5M 0s
 31500K .......... .......... .......... .......... .......... 78% 42.0M 0s
 31550K .......... .......... .......... .......... .......... 78% 10.9M 0s
 31600K .......... .......... .......... .......... .......... 78%  108M 0s
 31650K .......... .......... .......... .......... .......... 78% 34.5M 0s
 31700K .......... .......... .......... .......... .......... 78% 74.1M 0s
 31750K .......... .......... .......... .......... .......... 78% 9.52M 0s
 31800K .......... .......... .......... .......... .......... 79%  118M 0s
 31850K .......... .......... .......... .......... .......... 79% 52.6M 0s
 31900K .......... .......... .......... .......... .......... 79% 83.2M 0s
 31950K .......... .......... .......... .......... .......... 79%  137M 0s
 32000K .......... .......... .......... .......... .......... 79% 66.5M 0s
 32050K .......... .......... .......... .......... .......... 79% 10.2M 0s
 32100K .......... .......... .......... .......... .......... 79% 68.6M 0s
 32150K .......... .......... .......... .......... .......... 79% 60.6M 0s
 32200K .......... .......... .......... .......... .......... 80% 87.0M 0s
 32250K .......... .......... .......... .......... .......... 80% 76.8M 0s
 32300K .......... .......... .......... .......... .......... 80% 93.7M 0s
 32350K .......... .......... .......... .......... .......... 80% 10.8M 0s
 32400K .......... .......... .......... .......... .......... 80% 63.5M 0s
 32450K .......... .......... .......... .......... .......... 80% 36.7M 0s
 32500K .......... .......... .......... .......... .......... 80% 51.4M 0s
 32550K .......... .......... .......... .......... .......... 80% 9.65M 0s
 32600K .......... .......... .......... .......... .......... 81%  130M 0s
 32650K .......... .......... .......... .......... .......... 81% 81.8M 0s
 32700K .......... .......... .......... .......... .......... 81% 37.9M 0s
 32750K .......... .......... .......... .......... .......... 81%  124M 0s
 32800K .......... .......... .......... .......... .......... 81% 83.6M 0s
 32850K .......... .......... .......... .......... .......... 81% 9.93M 0s
 32900K .......... .......... .......... .......... .......... 81%  124M 0s
 32950K .......... .......... .......... .......... .......... 81% 40.6M 0s
 33000K .......... .......... .......... .......... .......... 82% 79.9M 0s
 33050K .......... .......... .......... .......... .......... 82%  120M 0s
 33100K .......... .......... .......... .......... .......... 82% 10.9M 0s
 33150K .......... .......... .......... .......... .......... 82% 60.7M 0s
 33200K .......... .......... .......... .......... .......... 82%  109M 0s
 33250K .......... .......... .......... .......... .......... 82% 61.1M 0s
 33300K .......... .......... .......... .......... .......... 82% 63.1M 0s
 33350K .......... .......... .......... .......... .......... 82%  123M 0s
 33400K .......... .......... .......... .......... .......... 83% 10.7M 0s
 33450K .......... .......... .......... .......... .......... 83% 55.1M 0s
 33500K .......... .......... .......... .......... .......... 83% 54.0M 0s
 33550K .......... .......... .......... .......... .......... 83% 46.4M 0s
 33600K .......... .......... .......... .......... .......... 83% 40.7M 0s
 33650K .......... .......... .......... .......... .......... 83% 9.16M 0s
 33700K .......... .......... .......... .......... .......... 83%  130M 0s
 33750K .......... .......... .......... .......... .......... 83%  121M 0s
 33800K .......... .......... .......... .......... .......... 84% 92.4M 0s
 33850K .......... .......... .......... .......... .......... 84% 41.8M 0s
 33900K .......... .......... .......... .......... .......... 84% 9.23M 0s
 33950K .......... .......... .......... .......... .......... 84% 68.3M 0s
 34000K .......... .......... .......... .......... .......... 84%  142M 0s
 34050K .......... .......... .......... .......... .......... 84% 44.3M 0s
 34100K .......... .......... .......... .......... .......... 84% 9.56M 0s
 34150K .......... .......... .......... .......... .......... 84% 61.5M 0s
 34200K .......... .......... .......... .......... .......... 85% 63.4M 0s
 34250K .......... .......... .......... .......... .......... 85%  135M 0s
 34300K .......... .......... .......... .......... .......... 85% 76.2M 0s
 34350K .......... .......... .......... .......... .......... 85% 69.1M 0s
 34400K .......... .......... .......... .......... .......... 85% 9.34M 0s
 34450K .......... .......... .......... .......... .......... 85% 70.7M 0s
 34500K .......... .......... .......... .......... .......... 85% 86.9M 0s
 34550K .......... .......... .......... .......... .......... 85%  122M 0s
 34600K .......... .......... .......... .......... .......... 86% 91.8M 0s
 34650K .......... .......... .......... .......... .......... 86% 9.43M 0s
 34700K .......... .......... .......... .......... .......... 86% 75.8M 0s
 34750K .......... .......... .......... .......... .......... 86%  102M 0s
 34800K .......... .......... .......... .......... .......... 86% 79.7M 0s
 34850K .......... .......... .......... .......... .......... 86% 55.7M 0s
 34900K .......... .......... .......... .......... .......... 86% 86.4M 0s
 34950K .......... .......... .......... .......... .......... 86% 10.3M 0s
 35000K .......... .......... .......... .......... .......... 86% 84.8M 0s
 35050K .......... .......... .......... .......... .......... 87%  142M 0s
 35100K .......... .......... .......... .......... .......... 87% 85.1M 0s
 35150K .......... .......... .......... .......... .......... 87% 89.8M 0s
 35200K .......... .......... .......... .......... .......... 87%  110M 0s
 35250K .......... .......... .......... .......... .......... 87% 10.3M 0s
 35300K .......... .......... .......... .......... .......... 87% 75.2M 0s
 35350K .......... .......... .......... .......... .......... 87% 98.3M 0s
 35400K .......... .......... .......... .......... .......... 87% 94.8M 0s
 35450K .......... .......... .......... .......... .......... 88%  110M 0s
 35500K .......... .......... .......... .......... .......... 88%  124M 0s
 35550K .......... .......... .......... .......... .......... 88% 92.0M 0s
 35600K .......... .......... .......... .......... .......... 88% 80.2M 0s
 35650K .......... .......... .......... .......... .......... 88% 5.87M 0s
 35700K .......... .......... .......... .......... .......... 88%  123M 0s
 35750K .......... .......... .......... .......... .......... 88% 90.6M 0s
 35800K .......... .......... .......... .......... .......... 88%  132M 0s
 35850K .......... .......... .......... .......... .......... 89%  121M 0s
 35900K .......... .......... .......... .......... .......... 89%  126M 0s
 35950K .......... .......... .......... .......... .......... 89%  110M 0s
 36000K .......... .......... .......... .......... .......... 89% 99.7M 0s
 36050K .......... .......... .......... .......... .......... 89% 10.0M 0s
 36100K .......... .......... .......... .......... .......... 89%  105M 0s
 36150K .......... .......... .......... .......... .......... 89%  119M 0s
 36200K .......... .......... .......... .......... .......... 89% 91.7M 0s
 36250K .......... .......... .......... .......... .......... 90%  118M 0s
 36300K .......... .......... .......... .......... .......... 90%  129M 0s
 36350K .......... .......... .......... .......... .......... 90%  129M 0s
 36400K .......... .......... .......... .......... .......... 90% 86.7M 0s
 36450K .......... .......... .......... .......... .......... 90% 10.7M 0s
 36500K .......... .......... .......... .......... .......... 90% 82.9M 0s
 36550K .......... .......... .......... .......... .......... 90% 89.6M 0s
 36600K .......... .......... .......... .......... .......... 90% 84.0M 0s
 36650K .......... .......... .......... .......... .......... 91% 88.2M 0s
 36700K .......... .......... .......... .......... .......... 91% 84.1M 0s
 36750K .......... .......... .......... .......... .......... 91%  130M 0s
 36800K .......... .......... .......... .......... .......... 91% 10.6M 0s
 36850K .......... .......... .......... .......... .......... 91% 66.1M 0s
 36900K .......... .......... .......... .......... .......... 91%  114M 0s
 36950K .......... .......... .......... .......... .......... 91%  103M 0s
 37000K .......... .......... .......... .......... .......... 91%  124M 0s
 37050K .......... .......... .......... .......... .......... 92% 83.5M 0s
 37100K .......... .......... .......... .......... .......... 92% 89.5M 0s
 37150K .......... .......... .......... .......... .......... 92% 11.3M 0s
 37200K .......... .......... .......... .......... .......... 92% 82.6M 0s
 37250K .......... .......... .......... .......... .......... 92% 91.2M 0s
 37300K .......... .......... .......... .......... .......... 92% 80.6M 0s
 37350K .......... .......... .......... .......... .......... 92% 97.1M 0s
 37400K .......... .......... .......... .......... .......... 92%  111M 0s
 37450K .......... .......... .......... .......... .......... 93%  150M 0s
 37500K .......... .......... .......... .......... .......... 93%  123M 0s
 37550K .......... .......... .......... .......... .......... 93% 11.0M 0s
 37600K .......... .......... .......... .......... .......... 93% 11.8M 0s
 37650K .......... .......... .......... .......... .......... 93% 78.6M 0s
 37700K .......... .......... .......... .......... .......... 93%  145M 0s
 37750K .......... .......... .......... .......... .......... 93%  111M 0s
 37800K .......... .......... .......... .......... .......... 93% 99.3M 0s
 37850K .......... .......... .......... .......... .......... 94%  125M 0s
 37900K .......... .......... .......... .......... .......... 94%  123M 0s
 37950K .......... .......... .......... .......... .......... 94% 90.6M 0s
 38000K .......... .......... .......... .......... .......... 94% 61.0M 0s
 38050K .......... .......... .......... .......... .......... 94% 12.5M 0s
 38100K .......... .......... .......... .......... .......... 94% 91.5M 0s
 38150K .......... .......... .......... .......... .......... 94%  109M 0s
 38200K .......... .......... .......... .......... .......... 94%  163M 0s
 38250K .......... .......... .......... .......... .......... 95%  101M 0s
 38300K .......... .......... .......... .......... .......... 95% 93.1M 0s
 38350K .......... .......... .......... .......... .......... 95%  137M 0s
 38400K .......... .......... .......... .......... .......... 95%  148M 0s
 38450K .......... .......... .......... .......... .......... 95% 82.4M 0s
 38500K .......... .......... .......... .......... .......... 95% 12.1M 0s
 38550K .......... .......... .......... .......... .......... 95%  134M 0s
 38600K .......... .......... .......... .......... .......... 95% 89.0M 0s
 38650K .......... .......... .......... .......... .......... 96% 86.2M 0s
 38700K .......... .......... .......... .......... .......... 96%  131M 0s
 38750K .......... .......... .......... .......... .......... 96%  125M 0s
 38800K .......... .......... .......... .......... .......... 96%  128M 0s
 38850K .......... .......... .......... .......... .......... 96% 84.0M 0s
 38900K .......... .......... .......... .......... .......... 96%  128M 0s
 38950K .......... .......... .......... .......... .......... 96% 95.8M 0s
 39000K .......... .......... .......... .......... .......... 96% 14.0M 0s
 39050K .......... .......... .......... .......... .......... 97% 78.7M 0s
 39100K .......... .......... .......... .......... .......... 97%  126M 0s
 39150K .......... .......... .......... .......... .......... 97%  121M 0s
 39200K .......... .......... .......... .......... .......... 97% 96.3M 0s
 39250K .......... .......... .......... .......... .......... 97% 85.5M 0s
 39300K .......... .......... .......... .......... .......... 97%  107M 0s
 39350K .......... .......... .......... .......... .......... 97%  102M 0s
 39400K .......... .......... .......... .......... .......... 97%  129M 0s
 39450K .......... .......... .......... .......... .......... 98%  131M 0s
 39500K .......... .......... .......... .......... .......... 98%  112M 0s
 39550K .......... .......... .......... .......... .......... 98% 15.9M 0s
 39600K .......... .......... .......... .......... .......... 98% 68.8M 0s
 39650K .......... .......... .......... .......... .......... 98% 53.4M 0s
 39700K .......... .......... .......... .......... .......... 98% 84.1M 0s
 39750K .......... .......... .......... .......... .......... 98% 65.9M 0s
 39800K .......... .......... .......... .......... .......... 98% 87.0M 0s
 39850K .......... .......... .......... .......... .......... 99% 83.4M 0s
 39900K .......... .......... .......... .......... .......... 99%  113M 0s
 39950K .......... .......... .......... .......... .......... 99%  124M 0s
 40000K .......... .......... .......... .......... .......... 99%  140M 0s
 40050K .......... .......... .......... .......... .......... 99% 87.8M 0s
 40100K .......... .......... .......... .......... .......... 99% 92.9M 0s
 40150K .......... .......... .......... .......... .......... 99% 24.7M 0s
 40200K .......... .......... .......... .......... .......... 99% 66.4M 0s
 40250K .......... .......... .......... ........             100% 77.7M=1.3s

2017-02-05 01:57:33 (30.6 MB/s) - ‘powershell-6.0.0_alpha.15-1.el7.centos.x86_64.rpm’ saved [41255839/41255839]

./usr/lib64/libicudata.so.50
./usr/lib64/libicudata.so.50.1.2
./usr/lib64/libicui18n.so.50
./usr/lib64/libicui18n.so.50.1.2
./usr/lib64/libicuio.so.50
./usr/lib64/libicuio.so.50.1.2
./usr/lib64/libicule.so.50
./usr/lib64/libicule.so.50.1.2
./usr/lib64/libiculx.so.50
./usr/lib64/libiculx.so.50.1.2
./usr/lib64/libicutest.so.50
./usr/lib64/libicutest.so.50.1.2
./usr/lib64/libicutu.so.50
./usr/lib64/libicutu.so.50.1.2
./usr/lib64/libicuuc.so.50
./usr/lib64/libicuuc.so.50.1.2
./usr/share/doc/libicu-50.1.2
./usr/share/doc/libicu-50.1.2/license.html
./usr/share/doc/libicu-50.1.2/readme.html
48973 blocks
Last metadata expiration check: 0:09:35 ago on Sun Feb  5 01:48:00 2017.
Dependencies resolved.
================================================================================
 Package       Arch      Version                          Repository       Size
================================================================================
Installing:
 powershell    x86_64    6.0.0_alpha.15-1.el7.centos      @commandline     39 M
 uuid          x86_64    1.6.2-32.fc24                    fedora           61 k

Transaction Summary
================================================================================
Install  2 Packages

Total size: 39 M
Total download size: 61 k
Installed size: 124 M
Downloading Packages:
--------------------------------------------------------------------------------
Total                                            90 kB/s |  61 kB     00:00     
Running transaction check
Transaction check succeeded.
Running transaction test
Transaction test succeeded.
Running transaction
  Installing  : uuid-1.6.2-32.fc24.x86_64                                   1/2 
  Installing  : powershell-6.0.0_alpha.15-1.el7.centos.x86_64               2/2 
  Verifying   : powershell-6.0.0_alpha.15-1.el7.centos.x86_64               1/2 
  Verifying   : uuid-1.6.2-32.fc24.x86_64                                   2/2 

Installed:
  powershell.x86_64 6.0.0_alpha.15-1.el7.centos    uuid.x86_64 1.6.2-32.fc24   

Complete!
