Sun Feb  5 01:57:47 UTC 2017
--2017-02-05 01:57:47--  http://lhartikk.github.io/ArnoldC.jar
Resolving lhartikk.github.io (lhartikk.github.io)... 151.101.20.133
Connecting to lhartikk.github.io (lhartikk.github.io)|151.101.20.133|:80... connected.
HTTP request sent, awaiting response... 200 OK
Length: 12958233 (12M) [application/java-archive]
Saving to: ‘ArnoldC.jar’

     0K .......... .......... .......... .......... ..........  0% 14.4M 1s
    50K .......... .......... .......... .......... ..........  0% 12.7M 1s
   100K .......... .......... .......... .......... ..........  1% 17.5M 1s
   150K .......... .......... .......... .......... ..........  1% 18.8M 1s
   200K .......... .......... .......... .......... ..........  1% 20.1M 1s
   250K .......... .......... .......... .......... ..........  2% 21.6M 1s
   300K .......... .......... .......... .......... ..........  2% 21.1M 1s
   350K .......... .......... .......... .......... ..........  3% 20.4M 1s
   400K .......... .......... .......... .......... ..........  3% 22.0M 1s
   450K .......... .......... .......... .......... ..........  3% 30.3M 1s
   500K .......... .......... .......... .......... ..........  4% 21.2M 1s
   550K .......... .......... .......... .......... ..........  4% 32.2M 1s
   600K .......... .......... .......... .......... ..........  5% 31.5M 1s
   650K .......... .......... .......... .......... ..........  5% 27.3M 1s
   700K .......... .......... .......... .......... ..........  5% 34.0M 1s
   750K .......... .......... .......... .......... ..........  6% 34.1M 1s
   800K .......... .......... .......... .......... ..........  6% 36.1M 1s
   850K .......... .......... .......... .......... ..........  7% 33.7M 1s
   900K .......... .......... .......... .......... ..........  7% 33.0M 0s
   950K .......... .......... .......... .......... ..........  7% 33.8M 0s
  1000K .......... .......... .......... .......... ..........  8% 36.3M 0s
  1050K .......... .......... .......... .......... ..........  8% 58.2M 0s
  1100K .......... .......... .......... .......... ..........  9% 38.1M 0s
  1150K .......... .......... .......... .......... ..........  9% 42.3M 0s
  1200K .......... .......... .......... .......... ..........  9% 34.4M 0s
  1250K .......... .......... .......... .......... .......... 10% 54.2M 0s
  1300K .......... .......... .......... .......... .......... 10% 49.0M 0s
  1350K .......... .......... .......... .......... .......... 11% 53.5M 0s
  1400K .......... .......... .......... .......... .......... 11% 43.7M 0s
  1450K .......... .......... .......... .......... .......... 11% 38.4M 0s
  1500K .......... .......... .......... .......... .......... 12% 86.2M 0s
  1550K .......... .......... .......... .......... .......... 12% 43.4M 0s
  1600K .......... .......... .......... .......... .......... 13% 86.5M 0s
  1650K .......... .......... .......... .......... .......... 13% 49.3M 0s
  1700K .......... .......... .......... .......... .......... 13% 67.6M 0s
  1750K .......... .......... .......... .......... .......... 14% 56.6M 0s
  1800K .......... .......... .......... .......... .......... 14% 73.3M 0s
  1850K .......... .......... .......... .......... .......... 15% 48.5M 0s
  1900K .......... .......... .......... .......... .......... 15% 55.7M 0s
  1950K .......... .......... .......... .......... .......... 15% 78.0M 0s
  2000K .......... .......... .......... .......... .......... 16% 67.4M 0s
  2050K .......... .......... .......... .......... .......... 16% 81.5M 0s
  2100K .......... .......... .......... .......... .......... 16% 50.4M 0s
  2150K .......... .......... .......... .......... .......... 17% 91.2M 0s
  2200K .......... .......... .......... .......... .......... 17% 62.9M 0s
  2250K .......... .......... .......... .......... .......... 18% 78.3M 0s
  2300K .......... .......... .......... .......... .......... 18% 69.9M 0s
  2350K .......... .......... .......... .......... .......... 18% 59.8M 0s
  2400K .......... .......... .......... .......... .......... 19% 68.0M 0s
  2450K .......... .......... .......... .......... .......... 19%  128M 0s
  2500K .......... .......... .......... .......... .......... 20% 62.2M 0s
  2550K .......... .......... .......... .......... .......... 20% 87.7M 0s
  2600K .......... .......... .......... .......... .......... 20% 59.2M 0s
  2650K .......... .......... .......... .......... .......... 21% 92.6M 0s
  2700K .......... .......... .......... .......... .......... 21%  118M 0s
  2750K .......... .......... .......... .......... .......... 22% 63.0M 0s
  2800K .......... .......... .......... .......... .......... 22% 85.1M 0s
  2850K .......... .......... .......... .......... .......... 22% 29.4M 0s
  2900K .......... .......... .......... .......... .......... 23%  456M 0s
  2950K .......... .......... .......... .......... .......... 23%  600M 0s
  3000K .......... .......... .......... .......... .......... 24% 31.5M 0s
  3050K .......... .......... .......... .......... .......... 24% 61.1M 0s
  3100K .......... .......... .......... .......... .......... 24% 94.2M 0s
  3150K .......... .......... .......... .......... .......... 25% 61.5M 0s
  3200K .......... .......... .......... .......... .......... 25% 53.6M 0s
  3250K .......... .......... .......... .......... .......... 26% 78.2M 0s
  3300K .......... .......... .......... .......... .......... 26% 42.9M 0s
  3350K .......... .......... .......... .......... .......... 26% 83.5M 0s
  3400K .......... .......... .......... .......... .......... 27% 54.4M 0s
  3450K .......... .......... .......... .......... .......... 27% 81.1M 0s
  3500K .......... .......... .......... .......... .......... 28% 51.7M 0s
  3550K .......... .......... .......... .......... .......... 28% 66.2M 0s
  3600K .......... .......... .......... .......... .......... 28% 59.1M 0s
  3650K .......... .......... .......... .......... .......... 29% 68.3M 0s
  3700K .......... .......... .......... .......... .......... 29% 51.0M 0s
  3750K .......... .......... .......... .......... .......... 30% 46.0M 0s
  3800K .......... .......... .......... .......... .......... 30% 95.3M 0s
  3850K .......... .......... .......... .......... .......... 30% 53.6M 0s
  3900K .......... .......... .......... .......... .......... 31% 84.3M 0s
  3950K .......... .......... .......... .......... .......... 31% 63.5M 0s
  4000K .......... .......... .......... .......... .......... 32% 49.2M 0s
  4050K .......... .......... .......... .......... .......... 32% 51.7M 0s
  4100K .......... .......... .......... .......... .......... 32% 86.0M 0s
  4150K .......... .......... .......... .......... .......... 33% 79.7M 0s
  4200K .......... .......... .......... .......... .......... 33% 51.0M 0s
  4250K .......... .......... .......... .......... .......... 33% 51.2M 0s
  4300K .......... .......... .......... .......... .......... 34% 86.1M 0s
  4350K .......... .......... .......... .......... .......... 34% 64.5M 0s
  4400K .......... .......... .......... .......... .......... 35% 75.4M 0s
  4450K .......... .......... .......... .......... .......... 35% 52.7M 0s
  4500K .......... .......... .......... .......... .......... 35% 52.2M 0s
  4550K .......... .......... .......... .......... .......... 36% 81.1M 0s
  4600K .......... .......... .......... .......... .......... 36% 90.0M 0s
  4650K .......... .......... .......... .......... .......... 37% 42.2M 0s
  4700K .......... .......... .......... .......... .......... 37% 69.0M 0s
  4750K .......... .......... .......... .......... .......... 37% 57.9M 0s
  4800K .......... .......... .......... .......... .......... 38% 82.2M 0s
  4850K .......... .......... .......... .......... .......... 38% 52.1M 0s
  4900K .......... .......... .......... .......... .......... 39% 81.6M 0s
  4950K .......... .......... .......... .......... .......... 39% 42.8M 0s
  5000K .......... .......... .......... .......... .......... 39%  117M 0s
  5050K .......... .......... .......... .......... .......... 40% 42.1M 0s
  5100K .......... .......... .......... .......... .......... 40% 76.0M 0s
  5150K .......... .......... .......... .......... .......... 41% 56.0M 0s
  5200K .......... .......... .......... .......... .......... 41% 88.1M 0s
  5250K .......... .......... .......... .......... .......... 41% 82.4M 0s
  5300K .......... .......... .......... .......... .......... 42% 72.9M 0s
  5350K .......... .......... .......... .......... .......... 42% 62.8M 0s
  5400K .......... .......... .......... .......... .......... 43% 63.9M 0s
  5450K .......... .......... .......... .......... .......... 43% 90.5M 0s
  5500K .......... .......... .......... .......... .......... 43% 83.9M 0s
  5550K .......... .......... .......... .......... .......... 44% 63.5M 0s
  5600K .......... .......... .......... .......... .......... 44% 80.8M 0s
  5650K .......... .......... .......... .......... .......... 45% 63.7M 0s
  5700K .......... .......... .......... .......... .......... 45%  113M 0s
  5750K .......... .......... .......... .......... .......... 45% 91.8M 0s
  5800K .......... .......... .......... .......... .......... 46% 64.3M 0s
  5850K .......... .......... .......... .......... .......... 46% 87.3M 0s
  5900K .......... .......... .......... .......... .......... 47% 63.6M 0s
  5950K .......... .......... .......... .......... .......... 47% 82.9M 0s
  6000K .......... .......... .......... .......... .......... 47% 62.2M 0s
  6050K .......... .......... .......... .......... .......... 48% 38.7M 0s
  6100K .......... .......... .......... .......... .......... 48% 83.7M 0s
  6150K .......... .......... .......... .......... .......... 48% 43.8M 0s
  6200K .......... .......... .......... .......... .......... 49% 63.7M 0s
  6250K .......... .......... .......... .......... .......... 49% 64.1M 0s
  6300K .......... .......... .......... .......... .......... 50% 61.7M 0s
  6350K .......... .......... .......... .......... .......... 50% 44.8M 0s
  6400K .......... .......... .......... .......... .......... 50%  116M 0s
  6450K .......... .......... .......... .......... .......... 51% 38.2M 0s
  6500K .......... .......... .......... .......... .......... 51% 50.1M 0s
  6550K .......... .......... .......... .......... .......... 52% 50.6M 0s
  6600K .......... .......... .......... .......... .......... 52% 48.2M 0s
  6650K .......... .......... .......... .......... .......... 52%  103M 0s
  6700K .......... .......... .......... .......... .......... 53% 52.2M 0s
  6750K .......... .......... .......... .......... .......... 53% 76.7M 0s
  6800K .......... .......... .......... .......... .......... 54% 48.8M 0s
  6850K .......... .......... .......... .......... .......... 54% 50.6M 0s
  6900K .......... .......... .......... .......... .......... 54% 70.1M 0s
  6950K .......... .......... .......... .......... .......... 55% 85.7M 0s
  7000K .......... .......... .......... .......... .......... 55% 51.4M 0s
  7050K .......... .......... .......... .......... .......... 56% 44.7M 0s
  7100K .......... .......... .......... .......... .......... 56% 79.8M 0s
  7150K .......... .......... .......... .......... .......... 56% 48.1M 0s
  7200K .......... .......... .......... .......... .......... 57% 82.7M 0s
  7250K .......... .......... .......... .......... .......... 57% 51.2M 0s
  7300K .......... .......... .......... .......... .......... 58% 43.4M 0s
  7350K .......... .......... .......... .......... .......... 58% 82.1M 0s
  7400K .......... .......... .......... .......... .......... 58% 52.2M 0s
  7450K .......... .......... .......... .......... .......... 59% 67.6M 0s
  7500K .......... .......... .......... .......... .......... 59% 48.3M 0s
  7550K .......... .......... .......... .......... .......... 60% 57.3M 0s
  7600K .......... .......... .......... .......... .......... 60% 82.6M 0s
  7650K .......... .......... .......... .......... .......... 60% 62.6M 0s
  7700K .......... .......... .......... .......... .......... 61% 53.7M 0s
  7750K .......... .......... .......... .......... .......... 61% 44.5M 0s
  7800K .......... .......... .......... .......... .......... 62% 77.8M 0s
  7850K .......... .......... .......... .......... .......... 62% 52.5M 0s
  7900K .......... .......... .......... .......... .......... 62% 64.8M 0s
  7950K .......... .......... .......... .......... .......... 63% 50.0M 0s
  8000K .......... .......... .......... .......... .......... 63% 65.5M 0s
  8050K .......... .......... .......... .......... .......... 64% 63.1M 0s
  8100K .......... .......... .......... .......... .......... 64%  121M 0s
  8150K .......... .......... .......... .......... .......... 64% 84.1M 0s
  8200K .......... .......... .......... .......... .......... 65% 52.0M 0s
  8250K .......... .......... .......... .......... .......... 65% 88.7M 0s
  8300K .......... .......... .......... .......... .......... 65% 84.3M 0s
  8350K .......... .......... .......... .......... .......... 66% 63.2M 0s
  8400K .......... .......... .......... .......... .......... 66% 82.8M 0s
  8450K .......... .......... .......... .......... .......... 67% 54.8M 0s
  8500K .......... .......... .......... .......... .......... 67%  101M 0s
  8550K .......... .......... .......... .......... .......... 67% 90.8M 0s
  8600K .......... .......... .......... .......... .......... 68% 62.5M 0s
  8650K .......... .......... .......... .......... .......... 68% 65.2M 0s
  8700K .......... .......... .......... .......... .......... 69% 64.8M 0s
  8750K .......... .......... .......... .......... .......... 69% 83.7M 0s
  8800K .......... .......... .......... .......... .......... 69% 85.6M 0s
  8850K .......... .......... .......... .......... .......... 70% 58.8M 0s
  8900K .......... .......... .......... .......... .......... 70% 68.7M 0s
  8950K .......... .......... .......... .......... .......... 71% 63.9M 0s
  9000K .......... .......... .......... .......... .......... 71%  117M 0s
  9050K .......... .......... .......... .......... .......... 71% 65.1M 0s
  9100K .......... .......... .......... .......... .......... 72% 63.8M 0s
  9150K .......... .......... .......... .......... .......... 72% 83.4M 0s
  9200K .......... .......... .......... .......... .......... 73% 88.0M 0s
  9250K .......... .......... .......... .......... .......... 73% 60.9M 0s
  9300K .......... .......... .......... .......... .......... 73% 64.1M 0s
  9350K .......... .......... .......... .......... .......... 74% 63.0M 0s
  9400K .......... .......... .......... .......... .......... 74% 67.0M 0s
  9450K .......... .......... .......... .......... .......... 75% 78.3M 0s
  9500K .......... .......... .......... .......... .......... 75% 86.9M 0s
  9550K .......... .......... .......... .......... .......... 75% 52.3M 0s
  9600K .......... .......... .......... .......... .......... 76% 63.6M 0s
  9650K .......... .......... .......... .......... .......... 76% 85.2M 0s
  9700K .......... .......... .......... .......... .......... 77% 86.6M 0s
  9750K .......... .......... .......... .......... .......... 77% 58.9M 0s
  9800K .......... .......... .......... .......... .......... 77% 92.2M 0s
  9850K .......... .......... .......... .......... .......... 78% 50.5M 0s
  9900K .......... .......... .......... .......... .......... 78% 88.5M 0s
  9950K .......... .......... .......... .......... .......... 79%  118M 0s
 10000K .......... .......... .......... .......... .......... 79% 51.8M 0s
 10050K .......... .......... .......... .......... .......... 79% 82.4M 0s
 10100K .......... .......... .......... .......... .......... 80% 65.7M 0s
 10150K .......... .......... .......... .......... .......... 80% 86.3M 0s
 10200K .......... .......... .......... .......... .......... 80% 79.8M 0s
 10250K .......... .......... .......... .......... .......... 81% 65.7M 0s
 10300K .......... .......... .......... .......... .......... 81% 63.4M 0s
 10350K .......... .......... .......... .......... .......... 82% 85.8M 0s
 10400K .......... .......... .......... .......... .......... 82%  115M 0s
 10450K .......... .......... .......... .......... .......... 82% 53.0M 0s
 10500K .......... .......... .......... .......... .......... 83% 70.0M 0s
 10550K .......... .......... .......... .......... .......... 83% 58.2M 0s
 10600K .......... .......... .......... .......... .......... 84% 86.3M 0s
 10650K .......... .......... .......... .......... .......... 84%  118M 0s
 10700K .......... .......... .......... .......... .......... 84% 52.4M 0s
 10750K .......... .......... .......... .......... .......... 85% 80.6M 0s
 10800K .......... .......... .......... .......... .......... 85% 52.1M 0s
 10850K .......... .......... .......... .......... .......... 86% 88.1M 0s
 10900K .......... .......... .......... .......... .......... 86%  115M 0s
 10950K .......... .......... .......... .......... .......... 86% 51.9M 0s
 11000K .......... .......... .......... .......... .......... 87% 81.6M 0s
 11050K .......... .......... .......... .......... .......... 87% 65.9M 0s
 11100K .......... .......... .......... .......... .......... 88% 82.9M 0s
 11150K .......... .......... .......... .......... .......... 88% 85.2M 0s
 11200K .......... .......... .......... .......... .......... 88% 61.6M 0s
 11250K .......... .......... .......... .......... .......... 89% 82.2M 0s
 11300K .......... .......... .......... .......... .......... 89% 93.0M 0s
 11350K .......... .......... .......... .......... .......... 90% 62.5M 0s
 11400K .......... .......... .......... .......... .......... 90% 63.4M 0s
 11450K .......... .......... .......... .......... .......... 90% 63.3M 0s
 11500K .......... .......... .......... .......... .......... 91% 93.8M 0s
 11550K .......... .......... .......... .......... .......... 91% 82.8M 0s
 11600K .......... .......... .......... .......... .......... 92% 63.2M 0s
 11650K .......... .......... .......... .......... .......... 92% 62.7M 0s
 11700K .......... .......... .......... .......... .......... 92% 80.9M 0s
 11750K .......... .......... .......... .......... .......... 93% 67.5M 0s
 11800K .......... .......... .......... .......... .......... 93% 85.3M 0s
 11850K .......... .......... .......... .......... .......... 94% 80.8M 0s
 11900K .......... .......... .......... .......... .......... 94% 54.5M 0s
 11950K .......... .......... .......... .......... .......... 94% 93.7M 0s
 12000K .......... .......... .......... .......... .......... 95% 86.9M 0s
 12050K .......... .......... .......... .......... .......... 95% 60.6M 0s
 12100K .......... .......... .......... .......... .......... 96% 89.4M 0s
 12150K .......... .......... .......... .......... .......... 96% 50.5M 0s
 12200K .......... .......... .......... .......... .......... 96% 87.5M 0s
 12250K .......... .......... .......... .......... .......... 97% 83.7M 0s
 12300K .......... .......... .......... .......... .......... 97% 61.6M 0s
 12350K .......... .......... .......... .......... .......... 97% 75.0M 0s
 12400K .......... .......... .......... .......... .......... 98% 60.9M 0s
 12450K .......... .......... .......... .......... .......... 98% 81.1M 0s
 12500K .......... .......... .......... .......... .......... 99% 88.9M 0s
 12550K .......... .......... .......... .......... .......... 99% 64.4M 0s
 12600K .......... .......... .......... .......... .......... 99% 82.4M 0s
 12650K ....                                                  100% 8630G=0.2s

2017-02-05 01:57:47 (57.0 MB/s) - ‘ArnoldC.jar’ saved [12958233/12958233]

