Sun Feb  5 01:57:57 UTC 2017
--2017-02-05 01:57:57--  https://github.com/JCumin/Brachylog/archive/v1.0-ascii.tar.gz
Resolving github.com (github.com)... 192.30.253.112, 192.30.253.113
Connecting to github.com (github.com)|192.30.253.112|:443... connected.
HTTP request sent, awaiting response... 302 Found
Location: https://codeload.github.com/JCumin/Brachylog/tar.gz/v1.0-ascii [following]
--2017-02-05 01:57:57--  https://codeload.github.com/JCumin/Brachylog/tar.gz/v1.0-ascii
Resolving codeload.github.com (codeload.github.com)... 192.30.253.121, 192.30.253.120
Connecting to codeload.github.com (codeload.github.com)|192.30.253.121|:443... connected.
HTTP request sent, awaiting response... 200 OK
Length: unspecified [application/x-gzip]
Saving to: ‘v1.0-ascii.tar.gz’

     0K .......... .......... .......... .......... .......... 3.36M
    50K .....                                                  45.3M=0.01s

2017-02-05 01:57:57 (3.73 MB/s) - ‘v1.0-ascii.tar.gz’ saved [57272]

Brachylog-1.0-ascii/
Brachylog-1.0-ascii/.gitignore
Brachylog-1.0-ascii/LICENSE
Brachylog-1.0-ascii/README.md
Brachylog-1.0-ascii/misc/
Brachylog-1.0-ascii/misc/brachylog_logo.png
Brachylog-1.0-ascii/misc/brachylog_logo.svg
Brachylog-1.0-ascii/misc/brachylog_mini_logo.png
Brachylog-1.0-ascii/prolog_parser/
Brachylog-1.0-ascii/prolog_parser/brachylog.pl
Brachylog-1.0-ascii/prolog_parser/constraint_predicates.pl
Brachylog-1.0-ascii/prolog_parser/math_predicates.pl
Brachylog-1.0-ascii/prolog_parser/predicates.pl
Brachylog-1.0-ascii/prolog_parser/string_predicates.pl
Brachylog-1.0-ascii/prolog_parser/symbols.pl
Brachylog-1.0-ascii/prolog_parser/tests.pl
Brachylog-1.0-ascii/prolog_parser/tokenize.pl
Brachylog-1.0-ascii/prolog_parser/transpile.pl
Brachylog-1.0-ascii/prolog_parser/utils.pl
Brachylog-1.0-ascii/wiki/
Brachylog-1.0-ascii/wiki/1)-Program-structure-and-syntax.md
Brachylog-1.0-ascii/wiki/2)-Types-and-Variables.md
Brachylog-1.0-ascii/wiki/3)-Execution-Control.md
Brachylog-1.0-ascii/wiki/4)-An-Example
Brachylog-1.0-ascii/wiki/5)-Inline-Predicates-and-Calling-Predicates.md
Brachylog-1.0-ascii/wiki/6)-Integers-and-Constraints.md
Brachylog-1.0-ascii/wiki/7.1)-Standard-Built-Ins.md
Brachylog-1.0-ascii/wiki/7.2)-String-Built-Ins.md
Brachylog-1.0-ascii/wiki/7.3)-Math-Built-Ins.md
Brachylog-1.0-ascii/wiki/7.4)-Constraint-Built-ins.md
Brachylog-1.0-ascii/wiki/8)-Example-programs.md
Brachylog-1.0-ascii/wiki/Home.md
