Sun Feb  5 01:58:23 UTC 2017
Cloning into 'emojicode'...
mkdir -p builds/Emojicode-0.3-x86_64-redhat-linux
mkdir -p builds/Emojicode-0.3-x86_64-redhat-linux/packages/files; mkdir -p builds/Emojicode-0.3-x86_64-redhat-linux/packages/sockets;
g++ -c EmojicodeCompiler/AbstractParser.cpp -o EmojicodeCompiler/AbstractParser.o -c -Wall -std=c++14 -Ofast -iquote . -iquote EmojicodeReal-TimeEngine/ -iquote EmojicodeCompiler/ -DdefaultPackagesDirectory=\"/opt/emojicode/packages\"
g++ -c EmojicodeCompiler/Destination.cpp -o EmojicodeCompiler/Destination.o -c -Wall -std=c++14 -Ofast -iquote . -iquote EmojicodeReal-TimeEngine/ -iquote EmojicodeCompiler/ -DdefaultPackagesDirectory=\"/opt/emojicode/packages\"
g++ -c EmojicodeCompiler/main.cpp -o EmojicodeCompiler/main.o -c -Wall -std=c++14 -Ofast -iquote . -iquote EmojicodeReal-TimeEngine/ -iquote EmojicodeCompiler/ -DdefaultPackagesDirectory=\"/opt/emojicode/packages\"
g++ -c EmojicodeCompiler/Enum.cpp -o EmojicodeCompiler/Enum.o -c -Wall -std=c++14 -Ofast -iquote . -iquote EmojicodeReal-TimeEngine/ -iquote EmojicodeCompiler/ -DdefaultPackagesDirectory=\"/opt/emojicode/packages\"
g++ -c EmojicodeCompiler/Protocol.cpp -o EmojicodeCompiler/Protocol.o -c -Wall -std=c++14 -Ofast -iquote . -iquote EmojicodeReal-TimeEngine/ -iquote EmojicodeCompiler/ -DdefaultPackagesDirectory=\"/opt/emojicode/packages\"
g++ -c EmojicodeCompiler/ScoperWithScope.cpp -o EmojicodeCompiler/ScoperWithScope.o -c -Wall -std=c++14 -Ofast -iquote . -iquote EmojicodeReal-TimeEngine/ -iquote EmojicodeCompiler/ -DdefaultPackagesDirectory=\"/opt/emojicode/packages\"
g++ -c EmojicodeCompiler/Callable.cpp -o EmojicodeCompiler/Callable.o -c -Wall -std=c++14 -Ofast -iquote . -iquote EmojicodeReal-TimeEngine/ -iquote EmojicodeCompiler/ -DdefaultPackagesDirectory=\"/opt/emojicode/packages\"
EmojicodeCompiler/Callable.cpp: In member function ‘virtual Type Callable::type() const’:
EmojicodeCompiler/Callable.cpp:14:23: warning: comparison between signed and unsigned integer expressions [-Wsign-compare]
     for (int i = 0; i < arguments.size(); i++) {
                     ~~^~~~~~~~~~~~~~~~~~
g++ -c EmojicodeCompiler/CallableScoper.cpp -o EmojicodeCompiler/CallableScoper.o -c -Wall -std=c++14 -Ofast -iquote . -iquote EmojicodeReal-TimeEngine/ -iquote EmojicodeCompiler/ -DdefaultPackagesDirectory=\"/opt/emojicode/packages\"
g++ -c EmojicodeCompiler/Type.cpp -o EmojicodeCompiler/Type.o -c -Wall -std=c++14 -Ofast -iquote . -iquote EmojicodeReal-TimeEngine/ -iquote EmojicodeCompiler/ -DdefaultPackagesDirectory=\"/opt/emojicode/packages\"
EmojicodeCompiler/Type.cpp: In member function ‘Type Type::resolveOn(TypeContext, bool) const’:
EmojicodeCompiler/Type.cpp:162:27: warning: comparison between signed and unsigned integer expressions [-Wsign-compare]
         for (int i = 0; i < t.genericArguments.size(); i++) {
                         ~~^~~~~~~~~~~~~~~~~~~~~~~~~~~
EmojicodeCompiler/Type.cpp: In member function ‘bool Type::compatibleTo(Type, TypeContext, std::vector<CommonTypeFinder>*) const’:
EmojicodeCompiler/Type.cpp:251:31: warning: comparison between signed and unsigned integer expressions [-Wsign-compare]
             for (int i = 1; i < to.genericArguments.size(); i++) {
                             ~~^~~~~~~~~~~~~~~~~~~~~~~~~~~~
EmojicodeCompiler/Type.cpp: In member function ‘void Type::typeName(Type, TypeContext, bool, std::__cxx11::string&) const’:
EmojicodeCompiler/Type.cpp:376:31: warning: comparison between signed and unsigned integer expressions [-Wsign-compare]
             for (int i = 1; i < type.genericArguments.size(); i++) {
                             ~~^~~~~~~~~~~~~~~~~~~~~~~~~~~~~~
EmojicodeCompiler/Type.cpp: In member function ‘int Type::size() const’:
EmojicodeCompiler/Type.cpp:313:1: warning: control reaches end of non-void function [-Wreturn-type]
 }
 ^
EmojicodeCompiler/Type.cpp: In member function ‘std::__cxx11::string Type::typePackage()’:
EmojicodeCompiler/Type.cpp:333:1: warning: control reaches end of non-void function [-Wreturn-type]
 }
 ^
g++ -c EmojicodeCompiler/CompilerErrorException.cpp -o EmojicodeCompiler/CompilerErrorException.o -c -Wall -std=c++14 -Ofast -iquote . -iquote EmojicodeReal-TimeEngine/ -iquote EmojicodeCompiler/ -DdefaultPackagesDirectory=\"/opt/emojicode/packages\"
g++ -c EmojicodeCompiler/TypeDefinition.cpp -o EmojicodeCompiler/TypeDefinition.o -c -Wall -std=c++14 -Ofast -iquote . -iquote EmojicodeReal-TimeEngine/ -iquote EmojicodeCompiler/ -DdefaultPackagesDirectory=\"/opt/emojicode/packages\"
g++ -c EmojicodeCompiler/CapturingCallableScoper.cpp -o EmojicodeCompiler/CapturingCallableScoper.o -c -Wall -std=c++14 -Ofast -iquote . -iquote EmojicodeReal-TimeEngine/ -iquote EmojicodeCompiler/ -DdefaultPackagesDirectory=\"/opt/emojicode/packages\"
g++ -c EmojicodeCompiler/CallableParserAndGenerator.cpp -o EmojicodeCompiler/CallableParserAndGenerator.o -c -Wall -std=c++14 -Ofast -iquote . -iquote EmojicodeReal-TimeEngine/ -iquote EmojicodeCompiler/ -DdefaultPackagesDirectory=\"/opt/emojicode/packages\"
EmojicodeCompiler/CallableParserAndGenerator.cpp: In member function ‘Type CallableParserAndGenerator::parseIdentifier(const Token&, Type, Destination&)’:
EmojicodeCompiler/CallableParserAndGenerator.cpp:981:31: warning: comparison between signed and unsigned integer expressions [-Wsign-compare]
             for (int i = 1; i < type.genericArguments.size(); i++) {
                             ~~^~~~~~~~~~~~~~~~~~~~~~~~~~~~~~
g++ -c EmojicodeCompiler/Lexer.cpp -o EmojicodeCompiler/Lexer.o -c -Wall -std=c++14 -Ofast -iquote . -iquote EmojicodeReal-TimeEngine/ -iquote EmojicodeCompiler/ -DdefaultPackagesDirectory=\"/opt/emojicode/packages\"
g++ -c EmojicodeCompiler/VariableNotFoundErrorException.cpp -o EmojicodeCompiler/VariableNotFoundErrorException.o -c -Wall -std=c++14 -Ofast -iquote . -iquote EmojicodeReal-TimeEngine/ -iquote EmojicodeCompiler/ -DdefaultPackagesDirectory=\"/opt/emojicode/packages\"
g++ -c EmojicodeCompiler/CommonTypeFinder.cpp -o EmojicodeCompiler/CommonTypeFinder.o -c -Wall -std=c++14 -Ofast -iquote . -iquote EmojicodeReal-TimeEngine/ -iquote EmojicodeCompiler/ -DdefaultPackagesDirectory=\"/opt/emojicode/packages\"
g++ -c EmojicodeCompiler/Scoper.cpp -o EmojicodeCompiler/Scoper.o -c -Wall -std=c++14 -Ofast -iquote . -iquote EmojicodeReal-TimeEngine/ -iquote EmojicodeCompiler/ -DdefaultPackagesDirectory=\"/opt/emojicode/packages\"
g++ -c EmojicodeCompiler/Scope.cpp -o EmojicodeCompiler/Scope.o -c -Wall -std=c++14 -Ofast -iquote . -iquote EmojicodeReal-TimeEngine/ -iquote EmojicodeCompiler/ -DdefaultPackagesDirectory=\"/opt/emojicode/packages\"
g++ -c EmojicodeCompiler/Variable.cpp -o EmojicodeCompiler/Variable.o -c -Wall -std=c++14 -Ofast -iquote . -iquote EmojicodeReal-TimeEngine/ -iquote EmojicodeCompiler/ -DdefaultPackagesDirectory=\"/opt/emojicode/packages\"
g++ -c EmojicodeCompiler/TypeContext.cpp -o EmojicodeCompiler/TypeContext.o -c -Wall -std=c++14 -Ofast -iquote . -iquote EmojicodeReal-TimeEngine/ -iquote EmojicodeCompiler/ -DdefaultPackagesDirectory=\"/opt/emojicode/packages\"
g++ -c EmojicodeCompiler/Writer.cpp -o EmojicodeCompiler/Writer.o -c -Wall -std=c++14 -Ofast -iquote . -iquote EmojicodeReal-TimeEngine/ -iquote EmojicodeCompiler/ -DdefaultPackagesDirectory=\"/opt/emojicode/packages\"
g++ -c EmojicodeCompiler/TokenStream.cpp -o EmojicodeCompiler/TokenStream.o -c -Wall -std=c++14 -Ofast -iquote . -iquote EmojicodeReal-TimeEngine/ -iquote EmojicodeCompiler/ -DdefaultPackagesDirectory=\"/opt/emojicode/packages\"
g++ -c EmojicodeCompiler/Class.cpp -o EmojicodeCompiler/Class.o -c -Wall -std=c++14 -Ofast -iquote . -iquote EmojicodeReal-TimeEngine/ -iquote EmojicodeCompiler/ -DdefaultPackagesDirectory=\"/opt/emojicode/packages\"
g++ -c EmojicodeCompiler/EmojiTokenization.cpp -o EmojicodeCompiler/EmojiTokenization.o -c -Wall -std=c++14 -Ofast -iquote . -iquote EmojicodeReal-TimeEngine/ -iquote EmojicodeCompiler/ -DdefaultPackagesDirectory=\"/opt/emojicode/packages\"
g++ -c EmojicodeCompiler/PackageParser.cpp -o EmojicodeCompiler/PackageParser.o -c -Wall -std=c++14 -Ofast -iquote . -iquote EmojicodeReal-TimeEngine/ -iquote EmojicodeCompiler/ -DdefaultPackagesDirectory=\"/opt/emojicode/packages\"
g++ -c EmojicodeCompiler/StringPool.cpp -o EmojicodeCompiler/StringPool.o -c -Wall -std=c++14 -Ofast -iquote . -iquote EmojicodeReal-TimeEngine/ -iquote EmojicodeCompiler/ -DdefaultPackagesDirectory=\"/opt/emojicode/packages\"
g++ -c EmojicodeCompiler/CallableWriter.cpp -o EmojicodeCompiler/CallableWriter.o -c -Wall -std=c++14 -Ofast -iquote . -iquote EmojicodeReal-TimeEngine/ -iquote EmojicodeCompiler/ -DdefaultPackagesDirectory=\"/opt/emojicode/packages\"
g++ -c EmojicodeCompiler/Token.cpp -o EmojicodeCompiler/Token.o -c -Wall -std=c++14 -Ofast -iquote . -iquote EmojicodeReal-TimeEngine/ -iquote EmojicodeCompiler/ -DdefaultPackagesDirectory=\"/opt/emojicode/packages\"
g++ -c EmojicodeCompiler/DiscardingCallableWriter.cpp -o EmojicodeCompiler/DiscardingCallableWriter.o -c -Wall -std=c++14 -Ofast -iquote . -iquote EmojicodeReal-TimeEngine/ -iquote EmojicodeCompiler/ -DdefaultPackagesDirectory=\"/opt/emojicode/packages\"
g++ -c EmojicodeCompiler/Package.cpp -o EmojicodeCompiler/Package.o -c -Wall -std=c++14 -Ofast -iquote . -iquote EmojicodeReal-TimeEngine/ -iquote EmojicodeCompiler/ -DdefaultPackagesDirectory=\"/opt/emojicode/packages\"
g++ -c EmojicodeCompiler/Function.cpp -o EmojicodeCompiler/Function.o -c -Wall -std=c++14 -Ofast -iquote . -iquote EmojicodeReal-TimeEngine/ -iquote EmojicodeCompiler/ -DdefaultPackagesDirectory=\"/opt/emojicode/packages\"
EmojicodeCompiler/Function.cpp: In member function ‘void Function::checkPromises(Function*, const char*, Type)’:
EmojicodeCompiler/Function.cpp:73:27: warning: comparison between signed and unsigned integer expressions [-Wsign-compare]
         for (int i = 0; i < superFunction->arguments.size(); i++) {
                         ~~^~~~~~~~~~~~~~~~~~~~~~~~~~~~~~~~~
g++ -c EmojicodeCompiler/PackageReporter.cpp -o EmojicodeCompiler/PackageReporter.o -c -Wall -std=c++14 -Ofast -iquote . -iquote EmojicodeReal-TimeEngine/ -iquote EmojicodeCompiler/ -DdefaultPackagesDirectory=\"/opt/emojicode/packages\"
EmojicodeCompiler/PackageReporter.cpp: In function ‘void reportFunctionInformation(Function*, ReturnManner, bool, TypeContext)’:
EmojicodeCompiler/PackageReporter.cpp:108:23: warning: comparison between signed and unsigned integer expressions [-Wsign-compare]
     for (int i = 0; i < p->arguments.size(); i++) {
                     ~~^~~~~~~~~~~~~~~~~~~~~
EmojicodeCompiler/PackageReporter.cpp:115:29: warning: comparison between signed and unsigned integer expressions [-Wsign-compare]
         printf("}%s", i + 1 == p->arguments.size() ? "" : ",");
                       ~~~~~~^~~~~~~~~~~~~~~~~~~~~~
g++ -c EmojicodeCompiler/ValueType.cpp -o EmojicodeCompiler/ValueType.o -c -Wall -std=c++14 -Ofast -iquote . -iquote EmojicodeReal-TimeEngine/ -iquote EmojicodeCompiler/ -DdefaultPackagesDirectory=\"/opt/emojicode/packages\"
g++ -c EmojicodeCompiler/TypeDefinitionFunctional.cpp -o EmojicodeCompiler/TypeDefinitionFunctional.o -c -Wall -std=c++14 -Ofast -iquote . -iquote EmojicodeReal-TimeEngine/ -iquote EmojicodeCompiler/ -DdefaultPackagesDirectory=\"/opt/emojicode/packages\"
g++ -c EmojicodeCompiler/CodeGenerator.cpp -o EmojicodeCompiler/CodeGenerator.o -c -Wall -std=c++14 -Ofast -iquote . -iquote EmojicodeReal-TimeEngine/ -iquote EmojicodeCompiler/ -DdefaultPackagesDirectory=\"/opt/emojicode/packages\"
EmojicodeCompiler/CodeGenerator.cpp: In function ‘void writeClass(Type, Writer&)’:
EmojicodeCompiler/CodeGenerator.cpp:113:39: warning: comparison between signed and unsigned integer expressions [-Wsign-compare]
                     for (int i = 0; i < method->arguments.size(); i++) {
                                     ~~^~~~~~~~~~~~~~~~~~~~~~~~~~
g++ -c EmojicodeCompiler/VTIProvider.cpp -o EmojicodeCompiler/VTIProvider.o -c -Wall -std=c++14 -Ofast -iquote . -iquote EmojicodeReal-TimeEngine/ -iquote EmojicodeCompiler/ -DdefaultPackagesDirectory=\"/opt/emojicode/packages\"
cc -c utf8.c -o utf8.o
g++ EmojicodeCompiler/AbstractParser.o EmojicodeCompiler/Destination.o EmojicodeCompiler/main.o EmojicodeCompiler/Enum.o EmojicodeCompiler/Protocol.o EmojicodeCompiler/ScoperWithScope.o EmojicodeCompiler/Callable.o EmojicodeCompiler/CallableScoper.o EmojicodeCompiler/Type.o EmojicodeCompiler/CompilerErrorException.o EmojicodeCompiler/TypeDefinition.o EmojicodeCompiler/CapturingCallableScoper.o EmojicodeCompiler/CallableParserAndGenerator.o EmojicodeCompiler/Lexer.o EmojicodeCompiler/VariableNotFoundErrorException.o EmojicodeCompiler/CommonTypeFinder.o EmojicodeCompiler/Scoper.o EmojicodeCompiler/Scope.o EmojicodeCompiler/Variable.o EmojicodeCompiler/TypeContext.o EmojicodeCompiler/Writer.o EmojicodeCompiler/TokenStream.o EmojicodeCompiler/Class.o EmojicodeCompiler/EmojiTokenization.o EmojicodeCompiler/PackageParser.o EmojicodeCompiler/StringPool.o EmojicodeCompiler/CallableWriter.o EmojicodeCompiler/Token.o EmojicodeCompiler/DiscardingCallableWriter.o EmojicodeCompiler/Package.o EmojicodeCompiler/Function.o EmojicodeCompiler/PackageReporter.o EmojicodeCompiler/ValueType.o EmojicodeCompiler/TypeDefinitionFunctional.o EmojicodeCompiler/CodeGenerator.o EmojicodeCompiler/VTIProvider.o utf8.o -o builds/Emojicode-0.3-x86_64-redhat-linux/emojicodec 
cc -c EmojicodeReal-TimeEngine/Stack.c -o EmojicodeReal-TimeEngine/Stack.o -Ofast -iquote . -iquote EmojicodeReal-TimeEngine/ -iquote EmojicodeCompiler -std=c11 -Wall -Wno-unused-result -Wno-missing-braces -DheapSize=128000000 -DdefaultPackagesDirectory=\"/opt/emojicode/packages\"
cc -c EmojicodeReal-TimeEngine/EmojicodeDictionary.c -o EmojicodeReal-TimeEngine/EmojicodeDictionary.o -Ofast -iquote . -iquote EmojicodeReal-TimeEngine/ -iquote EmojicodeCompiler -std=c11 -Wall -Wno-unused-result -Wno-missing-braces -DheapSize=128000000 -DdefaultPackagesDirectory=\"/opt/emojicode/packages\"
cc -c EmojicodeReal-TimeEngine/Class.c -o EmojicodeReal-TimeEngine/Class.o -Ofast -iquote . -iquote EmojicodeReal-TimeEngine/ -iquote EmojicodeCompiler -std=c11 -Wall -Wno-unused-result -Wno-missing-braces -DheapSize=128000000 -DdefaultPackagesDirectory=\"/opt/emojicode/packages\"
cc -c EmojicodeReal-TimeEngine/standard.c -o EmojicodeReal-TimeEngine/standard.o -Ofast -iquote . -iquote EmojicodeReal-TimeEngine/ -iquote EmojicodeCompiler -std=c11 -Wall -Wno-unused-result -Wno-missing-braces -DheapSize=128000000 -DdefaultPackagesDirectory=\"/opt/emojicode/packages\"
EmojicodeReal-TimeEngine/standard.c: In function ‘systemSystem’:
EmojicodeReal-TimeEngine/standard.c:92:15: warning: implicit declaration of function ‘popen’ [-Wimplicit-function-declaration]
     FILE *f = popen(command, "r");
               ^~~~~
EmojicodeReal-TimeEngine/standard.c:92:15: warning: initialization makes pointer from integer without a cast [-Wint-conversion]
EmojicodeReal-TimeEngine/standard.c: In function ‘threadSleepMicroseconds’:
EmojicodeReal-TimeEngine/standard.c:153:5: warning: implicit declaration of function ‘usleep’ [-Wimplicit-function-declaration]
     usleep((unsigned int)stackGetVariable(0, thread).raw);
     ^~~~~~
cc -c EmojicodeReal-TimeEngine/EmojicodeString.c -o EmojicodeReal-TimeEngine/EmojicodeString.o -Ofast -iquote . -iquote EmojicodeReal-TimeEngine/ -iquote EmojicodeCompiler -std=c11 -Wall -Wno-unused-result -Wno-missing-braces -DheapSize=128000000 -DdefaultPackagesDirectory=\"/opt/emojicode/packages\"
cc -c EmojicodeReal-TimeEngine/Object.c -o EmojicodeReal-TimeEngine/Object.o -Ofast -iquote . -iquote EmojicodeReal-TimeEngine/ -iquote EmojicodeCompiler -std=c11 -Wall -Wno-unused-result -Wno-missing-braces -DheapSize=128000000 -DdefaultPackagesDirectory=\"/opt/emojicode/packages\"
cc -c EmojicodeReal-TimeEngine/JSON.c -o EmojicodeReal-TimeEngine/JSON.o -Ofast -iquote . -iquote EmojicodeReal-TimeEngine/ -iquote EmojicodeCompiler -std=c11 -Wall -Wno-unused-result -Wno-missing-braces -DheapSize=128000000 -DdefaultPackagesDirectory=\"/opt/emojicode/packages\"
cc -c EmojicodeReal-TimeEngine/Thread.c -o EmojicodeReal-TimeEngine/Thread.o -Ofast -iquote . -iquote EmojicodeReal-TimeEngine/ -iquote EmojicodeCompiler -std=c11 -Wall -Wno-unused-result -Wno-missing-braces -DheapSize=128000000 -DdefaultPackagesDirectory=\"/opt/emojicode/packages\"
cc -c EmojicodeReal-TimeEngine/Emojicode.c -o EmojicodeReal-TimeEngine/Emojicode.o -Ofast -iquote . -iquote EmojicodeReal-TimeEngine/ -iquote EmojicodeCompiler -std=c11 -Wall -Wno-unused-result -Wno-missing-braces -DheapSize=128000000 -DdefaultPackagesDirectory=\"/opt/emojicode/packages\"
EmojicodeReal-TimeEngine/Emojicode.c: In function ‘produce’:
EmojicodeReal-TimeEngine/Emojicode.c:731:9: warning: case value ‘70’ not in enumerated type ‘enum EmojicodeInstruction’ [-Wswitch]
         case 0x46: {
         ^~~~
EmojicodeReal-TimeEngine/Emojicode.c:738:9: warning: case value ‘71’ not in enumerated type ‘enum EmojicodeInstruction’ [-Wswitch]
         case 0x47: {
         ^~~~
EmojicodeReal-TimeEngine/Emojicode.c:745:9: warning: case value ‘80’ not in enumerated type ‘enum EmojicodeInstruction’ [-Wswitch]
         case 0x50: {
         ^~~~
EmojicodeReal-TimeEngine/Emojicode.c:766:9: warning: case value ‘81’ not in enumerated type ‘enum EmojicodeInstruction’ [-Wswitch]
         case 0x51: {
         ^~~~
EmojicodeReal-TimeEngine/Emojicode.c:782:9: warning: case value ‘82’ not in enumerated type ‘enum EmojicodeInstruction’ [-Wswitch]
         case 0x52: {
         ^~~~
EmojicodeReal-TimeEngine/Emojicode.c:955:9: warning: case value ‘101’ not in enumerated type ‘enum EmojicodeInstruction’ [-Wswitch]
         case 0x65: { //MARK: foreach for lists
         ^~~~
EmojicodeReal-TimeEngine/Emojicode.c:981:9: warning: case value ‘102’ not in enumerated type ‘enum EmojicodeInstruction’ [-Wswitch]
         case 0x66: {
         ^~~~
cc -c EmojicodeReal-TimeEngine/algorithms.c -o EmojicodeReal-TimeEngine/algorithms.o -Ofast -iquote . -iquote EmojicodeReal-TimeEngine/ -iquote EmojicodeCompiler -std=c11 -Wall -Wno-unused-result -Wno-missing-braces -DheapSize=128000000 -DdefaultPackagesDirectory=\"/opt/emojicode/packages\"
cc -c EmojicodeReal-TimeEngine/EmojicodeList.c -o EmojicodeReal-TimeEngine/EmojicodeList.o -Ofast -iquote . -iquote EmojicodeReal-TimeEngine/ -iquote EmojicodeCompiler -std=c11 -Wall -Wno-unused-result -Wno-missing-braces -DheapSize=128000000 -DdefaultPackagesDirectory=\"/opt/emojicode/packages\"
cc -c EmojicodeReal-TimeEngine/Reader.c -o EmojicodeReal-TimeEngine/Reader.o -Ofast -iquote . -iquote EmojicodeReal-TimeEngine/ -iquote EmojicodeCompiler -std=c11 -Wall -Wno-unused-result -Wno-missing-braces -DheapSize=128000000 -DdefaultPackagesDirectory=\"/opt/emojicode/packages\"
cc EmojicodeReal-TimeEngine/Stack.o EmojicodeReal-TimeEngine/EmojicodeDictionary.o EmojicodeReal-TimeEngine/Class.o EmojicodeReal-TimeEngine/standard.o EmojicodeReal-TimeEngine/EmojicodeString.o EmojicodeReal-TimeEngine/Object.o EmojicodeReal-TimeEngine/JSON.o EmojicodeReal-TimeEngine/Thread.o EmojicodeReal-TimeEngine/Emojicode.o EmojicodeReal-TimeEngine/algorithms.o EmojicodeReal-TimeEngine/EmojicodeList.o EmojicodeReal-TimeEngine/Reader.o utf8.o -o builds/Emojicode-0.3-x86_64-redhat-linux/emojicode -lm -ldl -lpthread -rdynamic
cc -Ofast -iquote EmojicodeReal-TimeEngine/ -std=c11 -Wno-unused-result -fPIC -c DefaultPackages/files/files.c -o DefaultPackages/files/files.o
cc -shared -fPIC DefaultPackages/files/files.o -o builds/Emojicode-0.3-x86_64-redhat-linux/packages/files/files.so -iquote DefaultPackages/files
cc -Ofast -iquote EmojicodeReal-TimeEngine/ -std=c11 -Wno-unused-result -fPIC -c DefaultPackages/sockets/sockets.c -o DefaultPackages/sockets/sockets.o
cc -shared -fPIC DefaultPackages/sockets/sockets.o -o builds/Emojicode-0.3-x86_64-redhat-linux/packages/sockets/sockets.so -iquote DefaultPackages/sockets
rm -f builds/Emojicode-0.3-x86_64-redhat-linux/install.sh
cp install.sh builds/Emojicode-0.3-x86_64-redhat-linux/install.sh
mkdir -p builds/Emojicode-0.3-x86_64-redhat-linux/packages/s
cp -f headers/s.emojic builds/Emojicode-0.3-x86_64-redhat-linux/packages/s/header.emojic
cp -f headers/files.emojic builds/Emojicode-0.3-x86_64-redhat-linux/packages/files/header.emojic; cp -f headers/sockets.emojic builds/Emojicode-0.3-x86_64-redhat-linux/packages/sockets/header.emojic;
rm -f builds/Emojicode-0.3-x86_64-redhat-linux/packages/files-v0; ln -s files builds/Emojicode-0.3-x86_64-redhat-linux/packages/files-v0; rm -f builds/Emojicode-0.3-x86_64-redhat-linux/packages/sockets-v0; ln -s sockets builds/Emojicode-0.3-x86_64-redhat-linux/packages/sockets-v0;
tar -czf builds/Emojicode-0.3-x86_64-redhat-linux.tar.gz -C builds Emojicode-0.3-x86_64-redhat-linux
