Sun Feb  5 02:05:37 UTC 2017
--2017-02-05 02:05:37--  ftp://www.cozx.com/pub/langs/focal-1.0.4.tar.gz
           => ‘focal-1.0.4.tar.gz’
Resolving www.cozx.com (www.cozx.com)... 192.169.142.211
Connecting to www.cozx.com (www.cozx.com)|192.169.142.211|:21... connected.
Logging in as anonymous ... Logged in!
==> SYST ... done.    ==> PWD ... done.
==> TYPE I ... done.  ==> CWD (1) /pub/langs ... done.
==> SIZE focal-1.0.4.tar.gz ... 43131
==> PASV ... done.    ==> RETR focal-1.0.4.tar.gz ... done.
Length: 43131 (42K) (unauthoritative)

     0K .......... .......... .......... .......... ..        100%  222K=0.2s

2017-02-05 02:05:39 (222 KB/s) - ‘focal-1.0.4.tar.gz’ saved [43131]

Making Linux on a x86_64
make[1]: Entering directory '/opt/focal-1.0.4'
gcc -O2 -DSYSVDIR -DSTRERROR -DANSICRT    -c -o focal.o focal.c
gcc -O2 -DSYSVDIR -DSTRERROR -DANSICRT    -c -o parser.o parser.c
gcc -O2 -DSYSVDIR -DSTRERROR -DANSICRT    -c -o screen.o screen.c
gcc -o focal -O2 -DSYSVDIR -DSTRERROR -DANSICRT  focal.o parser.o screen.o  -lm
make[1]: Leaving directory '/opt/focal-1.0.4'
