Sun Feb  5 02:05:53 UTC 2017
--2017-02-05 02:05:53--  http://www.catb.org/~esr/intercal/intercal-0.30.tar.gz
Resolving www.catb.org (www.catb.org)... 152.19.134.41
Connecting to www.catb.org (www.catb.org)|152.19.134.41|:80... connected.
HTTP request sent, awaiting response... 200 OK
Length: 930759 (909K) [application/x-gzip]
Saving to: ‘intercal-0.30.tar.gz’

     0K .......... .......... .......... .......... ..........  5% 1.03M 1s
    50K .......... .......... .......... .......... .......... 11% 2.13M 1s
   100K .......... .......... .......... .......... .......... 16% 16.8M 0s
   150K .......... .......... .......... .......... .......... 22% 1.99M 0s
   200K .......... .......... .......... .......... .......... 27% 66.7M 0s
   250K .......... .......... .......... .......... .......... 33% 2.16M 0s
   300K .......... .......... .......... .......... .......... 38% 57.9M 0s
   350K .......... .......... .......... .......... .......... 44% 2.49M 0s
   400K .......... .......... .......... .......... .......... 49% 15.2M 0s
   450K .......... .......... .......... .......... .......... 55% 2.56M 0s
   500K .......... .......... .......... .......... .......... 60% 11.5M 0s
   550K .......... .......... .......... .......... .......... 66% 51.7M 0s
   600K .......... .......... .......... .......... .......... 71% 2.68M 0s
   650K .......... .......... .......... .......... .......... 77% 11.2M 0s
   700K .......... .......... .......... .......... .......... 82% 37.0M 0s
   750K .......... .......... .......... .......... .......... 88% 36.6M 0s
   800K .......... .......... .......... .......... .......... 93% 2.89M 0s
   850K .......... .......... .......... .......... .......... 99% 12.4M 0s
   900K ........                                              100%  334M=0.2s

2017-02-05 02:05:55 (4.12 MB/s) - ‘intercal-0.30.tar.gz’ saved [930759/930759]

intercal-0.30/
intercal-0.30/HISTORY
intercal-0.30/control
intercal-0.30/COPYING
intercal-0.30/aclocal.m4
intercal-0.30/etc/
intercal-0.30/etc/interfuzz.pl
intercal-0.30/etc/IFFI/
intercal-0.30/etc/IFFI/IFFI.c
intercal-0.30/etc/IFFI/IFFI.h
intercal-0.30/etc/IFFI.spec
intercal-0.30/etc/cftoec.sh
intercal-0.30/etc/intercal.el
intercal-0.30/etc/intercal.vim
intercal-0.30/MANIFEST
intercal-0.30/doc/
intercal-0.30/doc/convickt.1
intercal-0.30/doc/fdl-1-2.txi
intercal-0.30/doc/Makefile
intercal-0.30/doc/ick.txi
intercal-0.30/doc/ick.info-2
intercal-0.30/doc/fixtoc.pl
intercal-0.30/doc/THEORY.txt
intercal-0.30/doc/tidy.cfg
intercal-0.30/doc/chipspec.txt
intercal-0.30/doc/ick.info
intercal-0.30/doc/ick.txt
intercal-0.30/doc/ick.info-1
intercal-0.30/doc/READ.ME
intercal-0.30/doc/fix83.pl
intercal-0.30/doc/intercal.mm
intercal-0.30/doc/ickstyle.css
intercal-0.30/doc/ick.1
intercal-0.30/configure.ac
intercal-0.30/src/
intercal-0.30/src/convickt.c
intercal-0.30/src/uncommon.c
intercal-0.30/src/ick.h
intercal-0.30/src/cooptsh.in
intercal-0.30/src/fiddle.c
intercal-0.30/src/feh.h
intercal-0.30/src/fiddle.h
intercal-0.30/src/bin2c.c
intercal-0.30/src/unravel.c
intercal-0.30/src/yuk.c
intercal-0.30/src/lexer.l
intercal-0.30/src/ick_lose.c
intercal-0.30/src/abcessh.in
intercal-0.30/src/ick_ec.c
intercal-0.30/src/uncommon.h
intercal-0.30/src/latin1.bin
intercal-0.30/src/oil.y
intercal-0.30/src/pick1.h
intercal-0.30/src/arrgghh.c
intercal-0.30/src/perpet.c
intercal-0.30/src/cesspool.c
intercal-0.30/src/baudot.bin
intercal-0.30/src/ick_lose.h
intercal-0.30/src/sizes.h
intercal-0.30/src/feh2.c
intercal-0.30/src/dekludge.c
intercal-0.30/src/atari.bin
intercal-0.30/src/numerals.c
intercal-0.30/src/ick_bool.h
intercal-0.30/src/pickwrap.c
intercal-0.30/src/ebcdic.bin
intercal-0.30/src/ick-wrap.c
intercal-0.30/src/ick_ec.h
intercal-0.30/src/oil.h
intercal-0.30/src/clc-cset.c
intercal-0.30/src/yuk.h
intercal-0.30/src/parser.y
intercal-0.30/src/idiotism.oil
intercal-0.30/src/pick2.h
intercal-0.30/NEWS
intercal-0.30/BUGS
intercal-0.30/prebuilt/
intercal-0.30/prebuilt/lexer.c
intercal-0.30/prebuilt/oil-oil.c
intercal-0.30/prebuilt/parser.h
intercal-0.30/prebuilt/parser.c
intercal-0.30/configure
intercal-0.30/buildaux/
intercal-0.30/buildaux/buildconfig
intercal-0.30/buildaux/bconfigh.in
intercal-0.30/buildaux/buildconfig.ac
intercal-0.30/buildaux/missing
intercal-0.30/buildaux/Makefile.am
intercal-0.30/buildaux/ylwrap
intercal-0.30/buildaux/install-sh
intercal-0.30/buildaux/hostmak.in
intercal-0.30/buildaux/configh.in
intercal-0.30/buildaux/Makefile.in
intercal-0.30/buildaux/depcomp
intercal-0.30/pit/
intercal-0.30/pit/blinkers
intercal-0.30/pit/rot13.i
intercal-0.30/pit/yapp.tst
intercal-0.30/pit/life.doc
intercal-0.30/pit/unlambda.tst
intercal-0.30/pit/beer.chk
intercal-0.30/pit/pi.chk
intercal-0.30/pit/CATALOG
intercal-0.30/pit/pi.doc
intercal-0.30/pit/ins.i
intercal-0.30/pit/sort.i
intercal-0.30/pit/primes.i
intercal-0.30/pit/life2.i
intercal-0.30/pit/flonck.doc
intercal-0.30/pit/pow.tst
intercal-0.30/pit/beer.doc
intercal-0.30/pit/.gitignore
intercal-0.30/pit/Makefile
intercal-0.30/pit/ins.doc
intercal-0.30/pit/explib/
intercal-0.30/pit/explib/ecto_b98.doc
intercal-0.30/pit/explib/syslibc.c
intercal-0.30/pit/explib/syslibc.doc
intercal-0.30/pit/explib/compunex.c
intercal-0.30/pit/explib/ecto_b98.c
intercal-0.30/pit/guess.i
intercal-0.30/pit/regresscheck
intercal-0.30/pit/hail_mary.3i
intercal-0.30/pit/unlambda.chk
intercal-0.30/pit/rot13b.chk
intercal-0.30/pit/fft.doc
intercal-0.30/pit/glider
intercal-0.30/pit/pass.chk
intercal-0.30/pit/flonck.tst
intercal-0.30/pit/rot13b.i
intercal-0.30/pit/pow.chk
intercal-0.30/pit/change.doc
intercal-0.30/pit/bubble.i
intercal-0.30/pit/interfunge.i
intercal-0.30/pit/bubble.chk
intercal-0.30/pit/bubble.tst
intercal-0.30/pit/gun
intercal-0.30/pit/iching.doc
intercal-0.30/pit/quine.i
intercal-0.30/pit/flonck.chk
intercal-0.30/pit/life2.doc
intercal-0.30/pit/interfunge.doc
intercal-0.30/pit/bubble.doc
intercal-0.30/pit/continuation.i
intercal-0.30/pit/fft-tophat.chk
intercal-0.30/pit/random.doc
intercal-0.30/pit/sample.i
intercal-0.30/pit/fft.i
intercal-0.30/pit/icat.chk
intercal-0.30/pit/sort.chk
intercal-0.30/pit/pi.i
intercal-0.30/pit/yapp.doc
intercal-0.30/pit/tpk.tst
intercal-0.30/pit/random2.i
intercal-0.30/pit/fft-delta.chk
intercal-0.30/pit/yapp.i
intercal-0.30/pit/hail_mary.doc
intercal-0.30/pit/tpk.i
intercal-0.30/pit/unlambda.i
intercal-0.30/pit/iching1.i
intercal-0.30/pit/pass.tst
intercal-0.30/pit/primes.doc
intercal-0.30/pit/t_tet
intercal-0.30/pit/continuation.doc
intercal-0.30/pit/life.i
intercal-0.30/pit/unlambda.doc
intercal-0.30/pit/change.i
intercal-0.30/pit/beer.i
intercal-0.30/pit/rot13.doc
intercal-0.30/pit/fft-delta.tst
intercal-0.30/pit/interfunge.chk
intercal-0.30/pit/sort.tst
intercal-0.30/pit/random.i
intercal-0.30/pit/iching2.i
intercal-0.30/pit/tests/
intercal-0.30/pit/tests/testcreate.chk
intercal-0.30/pit/tests/permute.doc
intercal-0.30/pit/tests/count.3i
intercal-0.30/pit/tests/permute.i
intercal-0.30/pit/tests/hello.i
intercal-0.30/pit/tests/hello.chk
intercal-0.30/pit/tests/pictest.i
intercal-0.30/pit/tests/testsplat.i
intercal-0.30/pit/tests/testlib2.i
intercal-0.30/pit/tests/sink.chk
intercal-0.30/pit/tests/ais2.i
intercal-0.30/pit/tests/ais1.i
intercal-0.30/pit/tests/testi18n.i
intercal-0.30/pit/tests/limits3.3i
intercal-0.30/pit/tests/iogerunds.i
intercal-0.30/pit/tests/arrtest.doc
intercal-0.30/pit/tests/ais1.chk
intercal-0.30/pit/tests/sink.i
intercal-0.30/pit/tests/test1.chk
intercal-0.30/pit/tests/testops3.3i
intercal-0.30/pit/tests/testonce.chk
intercal-0.30/pit/tests/iffit1.i
intercal-0.30/pit/tests/testops5.5i
intercal-0.30/pit/tests/sink.doc
intercal-0.30/pit/tests/count.doc
intercal-0.30/pit/tests/testcf.i
intercal-0.30/pit/tests/whileadd.chk
intercal-0.30/pit/tests/iogerunds.doc
intercal-0.30/pit/tests/onceagain.i
intercal-0.30/pit/tests/testcreate.i
intercal-0.30/pit/tests/whileadd.i
intercal-0.30/pit/tests/normaldist.i
intercal-0.30/pit/tests/permute.chk
intercal-0.30/pit/tests/knuth.i
intercal-0.30/pit/tests/testarray.i
intercal-0.30/pit/tests/arrtest.i
intercal-0.30/pit/tests/limits.i
intercal-0.30/pit/tests/compucome.i
intercal-0.30/pit/tests/iffit2.b98
intercal-0.30/pit/tests/ais2.tst
intercal-0.30/pit/tests/testsplat.chk
intercal-0.30/pit/tests/ais1.tst
intercal-0.30/pit/tests/iffit.doc
intercal-0.30/pit/tests/ais2.chk
intercal-0.30/pit/tests/ignorearray.chk
intercal-0.30/pit/tests/testonce.i
intercal-0.30/pit/tests/test16bit.i
intercal-0.30/pit/tests/onceagain.chk
intercal-0.30/pit/tests/version.4i
intercal-0.30/pit/tests/test2.chk
intercal-0.30/pit/tests/test2.doc
intercal-0.30/pit/tests/test2.tst
intercal-0.30/pit/tests/ignorret.i
intercal-0.30/pit/tests/ignorret.doc
intercal-0.30/pit/tests/count.chk
intercal-0.30/pit/tests/ignorret.chk
intercal-0.30/pit/tests/test1.i
intercal-0.30/pit/tests/version.doc
intercal-0.30/pit/tests/whileadd.tst
intercal-0.30/pit/tests/test2.i
intercal-0.30/pit/tests/ignorearray.i
intercal-0.30/pit/rot13.chk
intercal-0.30/pit/flonck.i
intercal-0.30/pit/lib/
intercal-0.30/pit/lib/plus.i
intercal-0.30/pit/lib/lib2.i
intercal-0.30/pit/lib/syslib5.5i
intercal-0.30/pit/lib/numio.i
intercal-0.30/pit/lib/syslib3-7.doc
intercal-0.30/pit/lib/syslib.i
intercal-0.30/pit/lib/numio.doc
intercal-0.30/pit/lib/1910.doc
intercal-0.30/pit/lib/syslib6.6i
intercal-0.30/pit/lib/syslib.doc
intercal-0.30/pit/lib/syslib3.3i
intercal-0.30/pit/lib/syslib7.7i
intercal-0.30/pit/lib/syslib-orig.i
intercal-0.30/pit/lib/floatlib.i
intercal-0.30/pit/lib/floatlib.doc
intercal-0.30/pit/lib/lib2.doc
intercal-0.30/pit/lib/syslib4.4i
intercal-0.30/pit/pow.i
intercal-0.30/pit/icat.i
intercal-0.30/pit/fft-tophat.tst
intercal-0.30/pit/rot13b.doc
intercal-0.30/pit/tpk.doc
intercal-0.30/pit/interfunge.tst
intercal-0.30/pit/tpk.chk
intercal-0.30/pit/pass.i
intercal-0.30/README
checking for a BSD-compatible install... /usr/bin/install -c
checking whether build environment is sane... yes
checking for a thread-safe mkdir -p... /usr/bin/mkdir -p
checking for gawk... gawk
checking whether make sets $(MAKE)... yes
checking how to create a pax tar archive... gnutar
checking for bison... bison -y
checking for gcc... gcc
checking whether the C compiler works... yes
checking for C compiler default output file name... a.out
checking for suffix of executables... 
checking whether we are cross compiling... no
checking for suffix of object files... o
checking whether we are using the GNU C compiler... yes
checking whether gcc accepts -g... yes
checking for gcc option to accept ISO C89... none needed
checking for style of include used by make... GNU
checking dependency style of gcc... gcc3
checking for ar... ar
checking the archiver (ar) interface... ar
checking for flex... flex
checking lex output file root... lex.yy
checking lex library... -lfl
checking whether yytext is a pointer... yes
checking for ranlib... ranlib
checking whether ln -s works... yes
checking for ar... (cached) ar
checking how to run the C preprocessor... gcc -E
checking for grep that handles long lines and -e... /usr/bin/grep
checking for egrep... /usr/bin/grep -E
checking for ANSI C header files... yes
checking for sys/types.h... yes
checking for sys/stat.h... yes
checking for stdlib.h... yes
checking for string.h... yes
checking for memory.h... yes
checking for strings.h... yes
checking for inttypes.h... yes
checking for stdint.h... yes
checking for unistd.h... yes
checking for stdbool.h that conforms to C99... yes
checking for _Bool... yes
checking sys/time.h usability... yes
checking sys/time.h presence... yes
checking for sys/time.h... yes
checking for unistd.h... (cached) yes
checking stdarg.h usability... yes
checking stdarg.h presence... yes
checking for stdarg.h... yes
checking for stdint.h... (cached) yes
checking for an ANSI C-conforming const... yes
checking for working volatile... yes
checking size of long long int... 8
checking size of sig_atomic_t... 4
checking whether time.h and sys/time.h may both be included... yes
checking whether #! works in shell scripts... yes
checking for size_t... yes
checking for uint16_t... yes
checking for uint32_t... yes
checking whether booleans can be passed via varargs... no
checking whether yyrestart() is needed... yes
checking for gettimeofday... yes
checking for gethrtime... no
checking for strdup... yes
checking for strtol... yes
checking for strtoul... yes
checking for snprintf... yes
checking for vsnprintf... yes
checking for isatty... yes
checking for clock_gettime... yes
configure: creating ./config.status
config.status: creating Makefile
config.status: creating coopt.sh
config.status: creating host.mak
config.status: creating abcess.h
config.status: creating config.h
config.status: executing depfiles commands
ln -s -f `test -f 'src/parser.y' || echo '../'`src/parser.y parser.y
\
/bin/sh ../buildaux/ylwrap `test -f 'parser.y' || echo '../'`parser.y y.tab.c parser.c y.tab.h parser.h y.output parser.output -- bison -y -d 
updating parser.h
ln -s -f `test -f 'src/ick-wrap.c' || echo '../'`src/ick-wrap.c ick-wrap.c
ln -s -f `test -f 'src/pickwrap.c' || echo '../'`src/pickwrap.c pickwrap.c
ln -s -f `test -f 'pit/lib/syslib.i' || echo '../'`pit/lib/syslib.i syslib.i
ln -s -f `test -f 'pit/lib/syslib.3i' || echo '../'`pit/lib/syslib3.3i syslib3.3i
ln -s -f `test -f 'pit/lib/syslib.4i' || echo '../'`pit/lib/syslib4.4i syslib4.4i
ln -s -f `test -f 'pit/lib/syslib.5i' || echo '../'`pit/lib/syslib5.5i syslib5.5i
ln -s -f `test -f 'pit/lib/syslib.6i' || echo '../'`pit/lib/syslib6.6i syslib6.6i
ln -s -f `test -f 'pit/lib/syslib.7i' || echo '../'`pit/lib/syslib7.7i syslib7.7i
ln -s -f `test -f 'pit/lib/floatlib.i' || echo '../'`pit/lib/floatlib.i floatlib.i
ln -s -f `test -f 'pit/explib/ecto_b98.c' || echo '../'`pit/explib/ecto_b98.c ecto_b98.c
ln -s -f `test -f 'src/ick_ec.h' || echo '../'`src/ick_ec.h ick_ec.h
ln -s -f `test -f 'src/fiddle.h' || echo '../'`src/fiddle.h fiddle.h
ln -s -f `test -f 'src/ick_bool.h' || echo '../'`src/ick_bool.h ick_bool.h
ln -s -f `test -f 'src/ick_lose.h' || echo '../'`src/ick_lose.h ick_lose.h
ln -s -f `test -f 'src/ick-ec.h' || echo '../'`src/yuk.h yuk.h
make  all-am
make[1]: Entering directory '/opt/intercal-0.30/bin'
gcc -DHAVE_CONFIG_H -I. -I..  -I../src  -DICKINCLUDEDIR=\"/usr/local/include/ick-0.29\" -DICKDATADIR=\"/usr/local/share/ick-0.29\" -DICKBINDIR=\"/usr/local/bin\" -DICKLIBDIR=\"/usr/local/lib\" -DYYDEBUG -DICK_HAVE_STDINT_H=1 -g -O2 -MT cesspool.o -MD -MP -MF .deps/cesspool.Tpo -c -o cesspool.o `test -f 'src/cesspool.c' || echo '../'`src/cesspool.c
mv -f .deps/cesspool.Tpo .deps/cesspool.Po
gcc -DHAVE_CONFIG_H -I. -I..  -I../src  -DICKINCLUDEDIR=\"/usr/local/include/ick-0.29\" -DICKDATADIR=\"/usr/local/share/ick-0.29\" -DICKBINDIR=\"/usr/local/bin\" -DICKLIBDIR=\"/usr/local/lib\" -DYYDEBUG -DICK_HAVE_STDINT_H=1 -g -O2 -MT numerals.o -MD -MP -MF .deps/numerals.Tpo -c -o numerals.o `test -f 'src/numerals.c' || echo '../'`src/numerals.c
mv -f .deps/numerals.Tpo .deps/numerals.Po
gcc -DHAVE_CONFIG_H -I. -I..  -I../src  -DICKINCLUDEDIR=\"/usr/local/include/ick-0.29\" -DICKDATADIR=\"/usr/local/share/ick-0.29\" -DICKBINDIR=\"/usr/local/bin\" -DICKLIBDIR=\"/usr/local/lib\" -DYYDEBUG -DICK_HAVE_STDINT_H=1 -g -O2 -MT ick_lose.o -MD -MP -MF .deps/ick_lose.Tpo -c -o ick_lose.o `test -f 'src/ick_lose.c' || echo '../'`src/ick_lose.c
mv -f .deps/ick_lose.Tpo .deps/ick_lose.Po
gcc -DHAVE_CONFIG_H -I. -I..  -I../src  -DICKINCLUDEDIR=\"/usr/local/include/ick-0.29\" -DICKDATADIR=\"/usr/local/share/ick-0.29\" -DICKBINDIR=\"/usr/local/bin\" -DICKLIBDIR=\"/usr/local/lib\" -DYYDEBUG -DICK_HAVE_STDINT_H=1 -g -O2 -MT fiddle.o -MD -MP -MF .deps/fiddle.Tpo -c -o fiddle.o `test -f 'src/fiddle.c' || echo '../'`src/fiddle.c
mv -f .deps/fiddle.Tpo .deps/fiddle.Po
gcc -DHAVE_CONFIG_H -I. -I..  -I../src  -DICKINCLUDEDIR=\"/usr/local/include/ick-0.29\" -DICKDATADIR=\"/usr/local/share/ick-0.29\" -DICKBINDIR=\"/usr/local/bin\" -DICKLIBDIR=\"/usr/local/lib\" -DYYDEBUG -DICK_HAVE_STDINT_H=1 -g -O2 -MT arrgghh.o -MD -MP -MF .deps/arrgghh.Tpo -c -o arrgghh.o `test -f 'src/arrgghh.c' || echo '../'`src/arrgghh.c
mv -f .deps/arrgghh.Tpo .deps/arrgghh.Po
gcc -DHAVE_CONFIG_H -I. -I..  -I../src  -DICKINCLUDEDIR=\"/usr/local/include/ick-0.29\" -DICKDATADIR=\"/usr/local/share/ick-0.29\" -DICKBINDIR=\"/usr/local/bin\" -DICKLIBDIR=\"/usr/local/lib\" -DYYDEBUG -DICK_HAVE_STDINT_H=1 -g -O2 -MT clc-cset.o -MD -MP -MF .deps/clc-cset.Tpo -c -o clc-cset.o `test -f 'src/clc-cset.c' || echo '../'`src/clc-cset.c
mv -f .deps/clc-cset.Tpo .deps/clc-cset.Po
gcc -DHAVE_CONFIG_H -I. -I..  -I../src  -DICKINCLUDEDIR=\"/usr/local/include/ick-0.29\" -DICKDATADIR=\"/usr/local/share/ick-0.29\" -DICKBINDIR=\"/usr/local/bin\" -DICKLIBDIR=\"/usr/local/lib\" -DYYDEBUG -DICK_HAVE_STDINT_H=1 -g -O2 -MT uncommon.o -MD -MP -MF .deps/uncommon.Tpo -c -o uncommon.o `test -f 'src/uncommon.c' || echo '../'`src/uncommon.c
mv -f .deps/uncommon.Tpo .deps/uncommon.Po
gcc -I. -I..  -g -O2   -o bin2c `test -f 'src/bin2c.c' || echo '../'`src/bin2c.c 
./bin2c ick_clc_cset_atari < `test -f 'src/atari.bin' || echo '../'`src/atari.bin > atari.c
gcc -DHAVE_CONFIG_H -I. -I..  -I../src  -DICKINCLUDEDIR=\"/usr/local/include/ick-0.29\" -DICKDATADIR=\"/usr/local/share/ick-0.29\" -DICKBINDIR=\"/usr/local/bin\" -DICKLIBDIR=\"/usr/local/lib\" -DYYDEBUG -DICK_HAVE_STDINT_H=1 -g -O2 -c atari.c
./bin2c ick_clc_cset_baudot < `test -f 'src/baudot.bin' || echo '../'`src/baudot.bin > baudot.c
gcc -DHAVE_CONFIG_H -I. -I..  -I../src  -DICKINCLUDEDIR=\"/usr/local/include/ick-0.29\" -DICKDATADIR=\"/usr/local/share/ick-0.29\" -DICKBINDIR=\"/usr/local/bin\" -DICKLIBDIR=\"/usr/local/lib\" -DYYDEBUG -DICK_HAVE_STDINT_H=1 -g -O2 -c baudot.c
./bin2c ick_clc_cset_ebcdic < `test -f 'src/ebcdic.bin' || echo '../'`src/ebcdic.bin > ebcdic.c
gcc -DHAVE_CONFIG_H -I. -I..  -I../src  -DICKINCLUDEDIR=\"/usr/local/include/ick-0.29\" -DICKDATADIR=\"/usr/local/share/ick-0.29\" -DICKBINDIR=\"/usr/local/bin\" -DICKLIBDIR=\"/usr/local/lib\" -DYYDEBUG -DICK_HAVE_STDINT_H=1 -g -O2 -c ebcdic.c
./bin2c ick_clc_cset_latin1 < `test -f 'src/latin1.bin' || echo '../'`src/latin1.bin > latin1.c
gcc -DHAVE_CONFIG_H -I. -I..  -I../src  -DICKINCLUDEDIR=\"/usr/local/include/ick-0.29\" -DICKDATADIR=\"/usr/local/share/ick-0.29\" -DICKBINDIR=\"/usr/local/bin\" -DICKLIBDIR=\"/usr/local/lib\" -DYYDEBUG -DICK_HAVE_STDINT_H=1 -g -O2 -c latin1.c
rm -f libick.a
ar cru libick.a cesspool.o numerals.o ick_lose.o fiddle.o arrgghh.o clc-cset.o uncommon.o atari.o baudot.o ebcdic.o latin1.o
ranlib libick.a
gcc -DHAVE_CONFIG_H -I. -I..  -I../src  -DICKINCLUDEDIR=\"/usr/local/include/ick-0.29\" -DICKDATADIR=\"/usr/local/share/ick-0.29\" -DICKBINDIR=\"/usr/local/bin\" -DICKLIBDIR=\"/usr/local/lib\" -DYYDEBUG -DICK_HAVE_STDINT_H=1 -g -O2 -MT unravel.o -MD -MP -MF .deps/unravel.Tpo -c -o unravel.o `test -f 'src/unravel.c' || echo '../'`src/unravel.c
mv -f .deps/unravel.Tpo .deps/unravel.Po
rm -f libickmt.a
ar cru libickmt.a cesspool.o numerals.o ick_lose.o fiddle.o arrgghh.o clc-cset.o uncommon.o unravel.o atari.o baudot.o ebcdic.o latin1.o
ranlib libickmt.a
gcc -DHAVE_CONFIG_H -I. -I..  -I../src  -DICKINCLUDEDIR=\"/usr/local/include/ick-0.29\" -DICKDATADIR=\"/usr/local/share/ick-0.29\" -DICKBINDIR=\"/usr/local/bin\" -DICKLIBDIR=\"/usr/local/lib\" -DYYDEBUG -DICK_HAVE_STDINT_H=1 -g -O2 -MT ick_ec.o -MD -MP -MF .deps/ick_ec.Tpo -c -o ick_ec.o `test -f 'src/ick_ec.c' || echo '../'`src/ick_ec.c
mv -f .deps/ick_ec.Tpo .deps/ick_ec.Po
rm -f libickec.a
ar cru libickec.a cesspool.o numerals.o ick_lose.o fiddle.o arrgghh.o clc-cset.o uncommon.o ick_ec.o atari.o baudot.o ebcdic.o latin1.o
ranlib libickec.a
gcc -DHAVE_CONFIG_H -I. -I..  -I../src  -DICKINCLUDEDIR=\"/usr/local/include/ick-0.29\" -DICKDATADIR=\"/usr/local/share/ick-0.29\" -DICKBINDIR=\"/usr/local/bin\" -DICKLIBDIR=\"/usr/local/lib\" -DYYDEBUG -DICK_HAVE_STDINT_H=1 -g -O2 -MT yuk.o -MD -MP -MF .deps/yuk.Tpo -c -o yuk.o `test -f 'src/yuk.c' || echo '../'`src/yuk.c
mv -f .deps/yuk.Tpo .deps/yuk.Po
rm -f libyuk.a
ar cru libyuk.a yuk.o 
ranlib libyuk.a
(test -f etc/libick_ecto_b98.a || test -f ../etc/libick_ecto_b98.a) && ln -s -f `test -f 'etc/libick_ecto_b98.a' || echo '../'`etc/libick_ecto_b98.a libick_ecto_b98.a
Makefile:1643: recipe for target 'libick_ecto_b98.a' failed
make[1]: [libick_ecto_b98.a] Error 1 (ignored)
\
 \
/bin/sh ../buildaux/ylwrap `test -f 'src/oil.y' || echo '../'`src/oil.y y.tab.c oil-oil.c y.tab.h oil-oil.h y.output oil-oil.output -- bison -y  
gcc -I. -I..  -g -O2   -o oil oil-oil.c 
./oil < `test -f 'src/idiotism.oil' || echo '../'`src/idiotism.oil
for oo in oilout*.c; do echo $oo; gcc -DHAVE_CONFIG_H -I. -I..  -I../src  -DICKINCLUDEDIR=\"/usr/local/include/ick-0.29\" -DICKDATADIR=\"/usr/local/share/ick-0.29\" -DICKBINDIR=\"/usr/local/bin\" -DICKLIBDIR=\"/usr/local/lib\" -DYYDEBUG -DICK_HAVE_STDINT_H=1 -g -O2 -c $oo; done
oilout00.c
oilout01.c
oilout02.c
oilout03.c
oilout04.c
oilout05.c
oilout06.c
oilout07.c
oilout08.c
oilout09.c
oilout0a.c
oilout0b.c
oilout0c.c
oilout0d.c
oilout0e.c
oilout0f.c
oilout-m.c
ar cru libidiot.a oilout*.o
ranlib libidiot.a
gcc -DHAVE_CONFIG_H -I. -I..  -I../src  -DICKINCLUDEDIR=\"/usr/local/include/ick-0.29\" -DICKDATADIR=\"/usr/local/share/ick-0.29\" -DICKBINDIR=\"/usr/local/bin\" -DICKLIBDIR=\"/usr/local/lib\" -DYYDEBUG -DICK_HAVE_STDINT_H=1 -g -O2 -MT feh2.o -MD -MP -MF .deps/feh2.Tpo -c -o feh2.o `test -f 'src/feh2.c' || echo '../'`src/feh2.c
mv -f .deps/feh2.Tpo .deps/feh2.Po
gcc -DHAVE_CONFIG_H -I. -I..  -I../src  -DICKINCLUDEDIR=\"/usr/local/include/ick-0.29\" -DICKDATADIR=\"/usr/local/share/ick-0.29\" -DICKBINDIR=\"/usr/local/bin\" -DICKLIBDIR=\"/usr/local/lib\" -DYYDEBUG -DICK_HAVE_STDINT_H=1 -g -O2 -MT dekludge.o -MD -MP -MF .deps/dekludge.Tpo -c -o dekludge.o `test -f 'src/dekludge.c' || echo '../'`src/dekludge.c
mv -f .deps/dekludge.Tpo .deps/dekludge.Po
gcc -DHAVE_CONFIG_H -I. -I..  -I../src  -DICKINCLUDEDIR=\"/usr/local/include/ick-0.29\" -DICKDATADIR=\"/usr/local/share/ick-0.29\" -DICKBINDIR=\"/usr/local/bin\" -DICKLIBDIR=\"/usr/local/lib\" -DYYDEBUG -DICK_HAVE_STDINT_H=1 -g -O2 -MT perpet.o -MD -MP -MF .deps/perpet.Tpo -c -o perpet.o `test -f 'src/perpet.c' || echo '../'`src/perpet.c
mv -f .deps/perpet.Tpo .deps/perpet.Po
gcc -DHAVE_CONFIG_H -I. -I..  -I../src  -DICKINCLUDEDIR=\"/usr/local/include/ick-0.29\" -DICKDATADIR=\"/usr/local/share/ick-0.29\" -DICKBINDIR=\"/usr/local/bin\" -DICKLIBDIR=\"/usr/local/lib\" -DYYDEBUG -DICK_HAVE_STDINT_H=1 -g -O2 -MT parser.o -MD -MP -MF .deps/parser.Tpo -c -o parser.o parser.c
mv -f .deps/parser.Tpo .deps/parser.Po
ln -s -f `test -f 'src/lexer.l' || echo '../'`src/lexer.l lexer.l
\
/bin/sh ../buildaux/ylwrap `test -f 'lexer.l' || echo '../'`lexer.l lex.yy.c lexer.c -- flex  
gcc -DHAVE_CONFIG_H -I. -I..  -I../src  -DICKINCLUDEDIR=\"/usr/local/include/ick-0.29\" -DICKDATADIR=\"/usr/local/share/ick-0.29\" -DICKBINDIR=\"/usr/local/bin\" -DICKLIBDIR=\"/usr/local/lib\" -DYYDEBUG -DICK_HAVE_STDINT_H=1 -g -O2 -MT lexer.o -MD -MP -MF .deps/lexer.Tpo -c -o lexer.o lexer.c
mv -f .deps/lexer.Tpo .deps/lexer.Po
gcc -DICKINCLUDEDIR=\"/usr/local/include/ick-0.29\" -DICKDATADIR=\"/usr/local/share/ick-0.29\" -DICKBINDIR=\"/usr/local/bin\" -DICKLIBDIR=\"/usr/local/lib\" -DYYDEBUG -DICK_HAVE_STDINT_H=1 -g -O2   -o ick feh2.o dekludge.o ick_lose.o fiddle.o perpet.o uncommon.o parser.o lexer.o libidiot.a 
gcc -DHAVE_CONFIG_H -I. -I..  -I../src  -DICKINCLUDEDIR=\"/usr/local/include/ick-0.29\" -DICKDATADIR=\"/usr/local/share/ick-0.29\" -DICKBINDIR=\"/usr/local/bin\" -DICKLIBDIR=\"/usr/local/lib\" -DYYDEBUG -DICK_HAVE_STDINT_H=1 -g -O2 -MT convickt.o -MD -MP -MF .deps/convickt.Tpo -c -o convickt.o `test -f 'src/convickt.c' || echo '../'`src/convickt.c
mv -f .deps/convickt.Tpo .deps/convickt.Po
gcc -DICKINCLUDEDIR=\"/usr/local/include/ick-0.29\" -DICKDATADIR=\"/usr/local/share/ick-0.29\" -DICKBINDIR=\"/usr/local/bin\" -DICKLIBDIR=\"/usr/local/lib\" -DYYDEBUG -DICK_HAVE_STDINT_H=1 -g -O2   -o convickt convickt.o clc-cset.o uncommon.o  
make[1]: Leaving directory '/opt/intercal-0.30/bin'
