Sun Feb  5 02:06:05 UTC 2017
--2017-02-05 02:06:05--  http://www.jsoftware.com/download/j805/install/j805_linux64.tar.gz
Resolving www.jsoftware.com (www.jsoftware.com)... 52.23.108.158
Connecting to www.jsoftware.com (www.jsoftware.com)|52.23.108.158|:80... connected.
HTTP request sent, awaiting response... 200 OK
Length: 2228848 (2.1M) [application/x-gzip]
Saving to: ‘j805_linux64.tar.gz’

     0K .......... .......... .......... .......... ..........  2% 3.17M 1s
    50K .......... .......... .......... .......... ..........  4% 6.62M 0s
   100K .......... .......... .......... .......... ..........  6% 93.8M 0s
   150K .......... .......... .......... .......... ..........  9% 82.0M 0s
   200K .......... .......... .......... .......... .......... 11% 6.77M 0s
   250K .......... .......... .......... .......... .......... 13%  123M 0s
   300K .......... .......... .......... .......... .......... 16%  121M 0s
   350K .......... .......... .......... .......... .......... 18% 94.0M 0s
   400K .......... .......... .......... .......... .......... 20% 7.86M 0s
   450K .......... .......... .......... .......... .......... 22%  106M 0s
   500K .......... .......... .......... .......... .......... 25%  137M 0s
   550K .......... .......... .......... .......... .......... 27%  119M 0s
   600K .......... .......... .......... .......... .......... 29% 66.6M 0s
   650K .......... .......... .......... .......... .......... 32% 86.9M 0s
   700K .......... .......... .......... .......... .......... 34% 59.1M 0s
   750K .......... .......... .......... .......... .......... 36%  138M 0s
   800K .......... .......... .......... .......... .......... 39% 13.1M 0s
   850K .......... .......... .......... .......... .......... 41% 83.8M 0s
   900K .......... .......... .......... .......... .......... 43%  121M 0s
   950K .......... .......... .......... .......... .......... 45%  132M 0s
  1000K .......... .......... .......... .......... .......... 48%  124M 0s
  1050K .......... .......... .......... .......... .......... 50% 88.7M 0s
  1100K .......... .......... .......... .......... .......... 52%  114M 0s
  1150K .......... .......... .......... .......... .......... 55%  129M 0s
  1200K .......... .......... .......... .......... .......... 57% 92.2M 0s
  1250K .......... .......... .......... .......... .......... 59%  120M 0s
  1300K .......... .......... .......... .......... .......... 62%  128M 0s
  1350K .......... .......... .......... .......... .......... 64%  107M 0s
  1400K .......... .......... .......... .......... .......... 66%  101M 0s
  1450K .......... .......... .......... .......... .......... 68% 4.96M 0s
  1500K .......... .......... .......... .......... .......... 71%  205M 0s
  1550K .......... .......... .......... .......... .......... 73%  478M 0s
  1600K .......... .......... .......... .......... .......... 75%  639M 0s
  1650K .......... .......... .......... .......... .......... 78%  623M 0s
  1700K .......... .......... .......... .......... .......... 80%  588M 0s
  1750K .......... .......... .......... .......... .......... 82%  291M 0s
  1800K .......... .......... .......... .......... .......... 84%  516M 0s
  1850K .......... .......... .......... .......... .......... 87%  634M 0s
  1900K .......... .......... .......... .......... .......... 89%  416M 0s
  1950K .......... .......... .......... .......... .......... 91%  392M 0s
  2000K .......... .......... .......... .......... .......... 94%  291M 0s
  2050K .......... .......... .......... .......... .......... 96%  434M 0s
  2100K .......... .......... .......... .......... .......... 98%  440M 0s
  2150K .......... .......... ......                          100%  302M=0.06s

2017-02-05 02:06:06 (33.8 MB/s) - ‘j805_linux64.tar.gz’ saved [2228848/2228848]

j64-805/
j64-805/bin/
j64-805/bin/jconsole
j64-805/bin/icons/
j64-805/bin/icons/jred.icns
j64-805/bin/icons/app.png
j64-805/bin/icons/jgreen.ico
j64-805/bin/icons/jyellow.icns
j64-805/bin/icons/jyellow.ico
j64-805/bin/icons/jred.ico
j64-805/bin/icons/jgray.icns
j64-805/bin/icons/favicon.ico
j64-805/bin/icons/jgray.ico
j64-805/bin/icons/jgray.png
j64-805/bin/icons/jyellow.png
j64-805/bin/icons/jred.png
j64-805/bin/icons/jgreen.png
j64-805/bin/icons/jblue.icns
j64-805/bin/icons/jblue.ico
j64-805/bin/icons/jblue.png
j64-805/bin/icons/jgreen.icns
j64-805/bin/profile.ijs
j64-805/bin/jhs
j64-805/bin/jbrk
j64-805/bin/installer.txt
j64-805/bin/libj.so
j64-805/bin/profilex_template.ijs
j64-805/jqt.sh
j64-805/updatejqt.sh
j64-805/readme.txt
j64-805/system/
j64-805/system/defs/
j64-805/system/defs/hostdefs_sunos.ijs
j64-805/system/defs/hostdefs_android_64.ijs
j64-805/system/defs/hostdefs_darwin.ijs
j64-805/system/defs/netdefs_darwin_64.ijs
j64-805/system/defs/netdefs_aix.ijs
j64-805/system/defs/hostdefs_win.ijs
j64-805/system/defs/hostdefs_linux_64.ijs
j64-805/system/defs/hostdefs_linux.ijs
j64-805/system/defs/netdefs_linux.ijs
j64-805/system/defs/netdefs_sunos.ijs
j64-805/system/defs/netdefs_darwin.ijs
j64-805/system/defs/netdefs_android_64.ijs
j64-805/system/defs/netdefs_android.ijs
j64-805/system/defs/hostdefs_aix.ijs
j64-805/system/defs/netdefs_win.ijs
j64-805/system/defs/netdefs_win_64.ijs
j64-805/system/defs/hostdefs_win_64.ijs
j64-805/system/defs/hostdefs_darwin_64.ijs
j64-805/system/defs/hostdefs_android.ijs
j64-805/system/defs/netdefs_linux_64.ijs
j64-805/system/util/
j64-805/system/util/project.ijs
j64-805/system/util/edit.png
j64-805/system/util/pp.ijs
j64-805/system/util/pacman.ijs
j64-805/system/util/pm.ijs
j64-805/system/util/scripts.ijs
j64-805/system/util/tar.ijs
j64-805/system/util/configure.ijs
j64-805/system/util/term.png
j64-805/system/util/boot.ijs
j64-805/system/util/edit.svg
j64-805/system/config/
j64-805/system/config/folders.cfg
j64-805/system/config/version.txt
j64-805/system/config/base.cfg
j64-805/system/main/
j64-805/system/main/stdlib.ijs
j64-805/system/main/regex.ijs
j64-805/system/main/socket.ijs
j64-805/system/main/task.ijs
j64-805/addons/
j64-805/addons/ide/
j64-805/addons/ide/jhs/
j64-805/addons/ide/jhs/jtable.ijs
j64-805/addons/ide/jhs/jijxaz.ijs
j64-805/addons/ide/jhs/jfiles.ijs
j64-805/addons/ide/jhs/d3.ijs
j64-805/addons/ide/jhs/jijsce.ijs
j64-805/addons/ide/jhs/jhelp.ijs
j64-805/addons/ide/jhs/jum.ijs
j64-805/addons/ide/jhs/utilh.ijs
j64-805/addons/ide/jhs/jgcp.ijs
j64-805/addons/ide/jhs/build.ijs
j64-805/addons/ide/jhs/jlogin.ijs
j64-805/addons/ide/jhs/jwatch.ijs
j64-805/addons/ide/jhs/jijs.ijs
j64-805/addons/ide/jhs/jijxmin.ijs
j64-805/addons/ide/jhs/readme.txt
j64-805/addons/ide/jhs/grep.exe
j64-805/addons/ide/jhs/utiljs.ijs
j64-805/addons/ide/jhs/jijsta.ijs
j64-805/addons/ide/jhs/jfif.ijs
j64-805/addons/ide/jhs/installer.ijs
j64-805/addons/ide/jhs/shortcut.ijs
j64-805/addons/ide/jhs/sp.ijs
j64-805/addons/ide/jhs/favicon.ico
j64-805/addons/ide/jhs/jijxdebug.ijs
j64-805/addons/ide/jhs/debug.ijs
j64-805/addons/ide/jhs/jijxipad.ijs
j64-805/addons/ide/jhs/jgc.ijs
j64-805/addons/ide/jhs/jdemo.ijs
j64-805/addons/ide/jhs/config/
j64-805/addons/ide/jhs/config/jhs_default.ijs
j64-805/addons/ide/jhs/config/jhs.cfg
j64-805/addons/ide/jhs/config/jhs65001.ijs
j64-805/addons/ide/jhs/jijx.ijs
j64-805/addons/ide/jhs/jd3.ijs
j64-805/addons/ide/jhs/jhs.jproj
j64-805/addons/ide/jhs/jfile.ijs
j64-805/addons/ide/jhs/manifest.ijs
j64-805/addons/ide/jhs/gpdemo.ijs
j64-805/addons/ide/jhs/js/
j64-805/addons/ide/jhs/js/jquery/
j64-805/addons/ide/jhs/js/jquery/handsontable.css
j64-805/addons/ide/jhs/js/jquery/json-patch-duplex.js.map
j64-805/addons/ide/jhs/js/jquery/handsontable.js
j64-805/addons/ide/jhs/js/jquery/smoothness/
j64-805/addons/ide/jhs/js/jquery/smoothness/jquery-ui.custom.css
j64-805/addons/ide/jhs/js/jquery/smoothness/images/
j64-805/addons/ide/jhs/js/jquery/smoothness/images/ui-icons_2e83ff_256x240.png
j64-805/addons/ide/jhs/js/jquery/smoothness/images/ui-icons_454545_256x240.png
j64-805/addons/ide/jhs/js/jquery/smoothness/images/ui-icons_888888_256x240.png
j64-805/addons/ide/jhs/js/jquery/smoothness/images/ui-bg_glass_75_dadada_1x400.png
j64-805/addons/ide/jhs/js/jquery/smoothness/images/ui-bg_glass_65_ffffff_1x400.png
j64-805/addons/ide/jhs/js/jquery/smoothness/images/ui-bg_flat_75_ffffff_40x100.png
j64-805/addons/ide/jhs/js/jquery/smoothness/images/ui-bg_flat_0_aaaaaa_40x100.png
j64-805/addons/ide/jhs/js/jquery/smoothness/images/animated-overlay.gif
j64-805/addons/ide/jhs/js/jquery/smoothness/images/ui-icons_222222_256x240.png
j64-805/addons/ide/jhs/js/jquery/smoothness/images/ui-icons_cd0a0a_256x240.png
j64-805/addons/ide/jhs/js/jquery/smoothness/images/ui-bg_highlight-soft_75_cccccc_1x100.png
j64-805/addons/ide/jhs/js/jquery/smoothness/images/ui-bg_glass_55_fbf9ee_1x400.png
j64-805/addons/ide/jhs/js/jquery/smoothness/images/ui-bg_glass_75_e6e6e6_1x400.png
j64-805/addons/ide/jhs/js/jquery/smoothness/images/ui-bg_glass_95_fef1ec_1x400.png
j64-805/addons/ide/jhs/js/jquery/jquery-2.0.3.min.js
j64-805/addons/ide/jhs/js/jquery/jquery-ui.min.js
j64-805/addons/ide/jhs/js/jquery/jquery-ui.css
j64-805/addons/ide/jhs/js/jquery/jquery-2.0.3.min.map
j64-805/addons/ide/jhs/js/webgl/
j64-805/addons/ide/jhs/js/webgl/glmatrix-min.js
j64-805/addons/ide/jhs/js/handsontable/
j64-805/addons/ide/jhs/js/handsontable/handsontable.full.min.css
j64-805/addons/ide/jhs/js/handsontable/handsontable.full.min.js
j64-805/addons/ide/jhs/js/jsoftware/
j64-805/addons/ide/jhs/js/jsoftware/d3_basic.js
j64-805/addons/ide/jhs/js/codemirror/
j64-805/addons/ide/jhs/js/codemirror/codemirror.4.2.css
j64-805/addons/ide/jhs/js/codemirror/codemirror.min.4.2.js
j64-805/addons/ide/jhs/js/codemirror/license.txt
j64-805/addons/ide/jhs/js/codemirror/util/
j64-805/addons/ide/jhs/js/codemirror/util/dialog.4.2.css
j64-805/addons/ide/jhs/js/codemirror/util/dialog.4.2.js
j64-805/addons/ide/jhs/js/codemirror/util/search.4.2.js
j64-805/addons/ide/jhs/js/codemirror/util/searchcursor.4.2.js
j64-805/addons/ide/jhs/js/codemirror/j/
j64-805/addons/ide/jhs/js/codemirror/j/j.4.2.js
j64-805/addons/ide/jhs/js/codemirror/j/jtheme.4.2.css
j64-805/addons/ide/jhs/js/d3/
j64-805/addons/ide/jhs/js/d3/d3.css
j64-805/addons/ide/jhs/js/d3/d3.min.js
j64-805/addons/ide/jhs/js/d3/license
j64-805/addons/ide/jhs/js/d3/d3.js
j64-805/addons/ide/jhs/js/d3/d3.v3.js
j64-805/addons/ide/jhs/js/d3/d3.v3.min.js
j64-805/addons/ide/jhs/js/jquery-1.5.1.min.js
j64-805/addons/ide/jhs/js/excanvas.js
j64-805/addons/ide/jhs/jijxalt.ijs
j64-805/addons/ide/jhs/core.ijs
j64-805/addons/ide/jhs/app/
j64-805/addons/ide/jhs/app/app3.ijs
j64-805/addons/ide/jhs/app/app6.ijs
j64-805/addons/ide/jhs/app/app5.ijs
j64-805/addons/ide/jhs/app/app4.ijs
j64-805/addons/ide/jhs/app/app1.ijs
j64-805/addons/ide/jhs/app/app2.ijs
j64-805/addons/ide/jhs/spx/
j64-805/addons/ide/jhs/spx/j3.ijs
j64-805/addons/ide/jhs/spx/spx.ijs
j64-805/addons/ide/jhs/spx/table.ijs
j64-805/addons/ide/jhs/spx/j1.ijs
j64-805/addons/ide/jhs/spx/spx_tour.ijs
j64-805/addons/ide/jhs/spx/plot.ijs
j64-805/addons/ide/jhs/spx/plot_tour.ijs
j64-805/addons/ide/jhs/spx/j2.ijs
j64-805/addons/ide/jhs/demo/
j64-805/addons/ide/jhs/demo/jdemo3.ijs
j64-805/addons/ide/jhs/demo/jdemo4.ijs
j64-805/addons/ide/jhs/demo/jdemo6.ijs
j64-805/addons/ide/jhs/demo/jdemogl1.ijs
j64-805/addons/ide/jhs/demo/jdemo11.ijs
j64-805/addons/ide/jhs/demo/jdemo5.ijs
j64-805/addons/ide/jhs/demo/jdemo2.ijs
j64-805/addons/ide/jhs/demo/jdemo10.ijs
j64-805/addons/ide/jhs/demo/jdemo1.ijs
j64-805/addons/ide/jhs/demo/jdemo7.ijs
j64-805/addons/ide/jhs/demo/jdemo8.ijs
j64-805/addons/ide/jhs/demo/jdemo9.ijs
j64-805/addons/ide/jhs/demo/jdemo13.ijs
j64-805/addons/ide/jhs/demo/jdemo12.ijs
j64-805/addons/ide/jhs/jbinfo.ijs
j64-805/addons/ide/jhs/jijsipad.ijs
j64-805/addons/ide/jhs/jgcplot.ijs
j64-805/addons/ide/jhs/spxdemo.ijs
j64-805/addons/ide/jhs/jijxh.ijs
j64-805/addons/ide/jhs/jal.ijs
j64-805/addons/ide/jhs/history.txt
j64-805/addons/ide/jhs/gnuplot.ijs
j64-805/addons/ide/jhs/jijxm.ijs
j64-805/addons/ide/jhs/jfilesrc.ijs
j64-805/jconsole.sh
j64-805/tools/
j64-805/tools/regex/
j64-805/tools/regex/libjpcre.so
j64-805/tools/regex/license.txt
