Sun Feb  5 02:06:33 UTC 2017
Cloning into 'kona'...
echo "#define KBUILD_DATE \"`date +%Y-%m-%d`\"" >src/kbuild.h
cc -g -pthread -O3    -c -o src/0.o src/0.c
src/0.c: In function ‘execute’:
src/0.c:905:24: warning: implicit declaration of function ‘wait’ [-Wimplicit-function-declaration]
     if(fWait) { while (wait(&status) != pid)  ; } } }
                        ^~~~
cc -g -pthread -O3    -c -o src/bswap.o src/bswap.c
cc -g -pthread -O3    -c -o src/c.o src/c.c
cc -g -pthread -O3    -c -o src/getline.o src/getline.c
cc -g -pthread -O3    -c -o src/mt.o src/mt.c
cc -g -pthread -O3    -c -o src/p.o src/p.c
src/p.c: In function ‘inKtreeR’:
src/p.c:403:21: warning: implicit declaration of function ‘lookupEntryOrCreate’ [-Wimplicit-function-declaration]
   if(create) { e=(K)lookupEntryOrCreate(p,k); P(!e,(K*)ME) }
                     ^~~~~~~~~~~~~~~~~~~
src/p.c:403:18: warning: cast to pointer from integer of different size [-Wint-to-pointer-cast]
   if(create) { e=(K)lookupEntryOrCreate(p,k); P(!e,(K*)ME) }
                  ^
src/p.c:405:52: warning: implicit declaration of function ‘EAP’ [-Wimplicit-function-declaration]
   if('.'==*t && (!t[1] || '.'==t[1])) { t++; p=(K*)EAP(e); }    //attribute dict
                                                    ^~~
src/p.c:405:48: warning: cast to pointer from integer of different size [-Wint-to-pointer-cast]
   if('.'==*t && (!t[1] || '.'==t[1])) { t++; p=(K*)EAP(e); }    //attribute dict
                                                ^
In file included from src/incs.h:39:0,
                 from src/p.c:1:
src/p.c: In function ‘capture’:
src/p.c:631:28: warning: implicit declaration of function ‘oerr’ [-Wimplicit-function-declaration]
                            oerr(); O("%s\n%c\n",u,'^');
                            ^
src/ts.h:68:24: note: in definition of macro ‘CS’
 #define CS(n,x) case n:x;break;
                        ^
cc -g -pthread -O3    -c -o src/r.o src/r.c
cc -g -pthread -O3    -c -o src/k.o src/k.c
cc -g -pthread -O3    -c -o src/kc.o src/kc.c
cc -g -pthread -O3    -c -o src/kx.o src/kx.c
src/kx.c: In function ‘ex1’:
src/kx.c:855:27: warning: implicit declaration of function ‘kdefClass’ [-Wimplicit-function-declaration]
   if(fll>0 && 2==kb->n && kdefClass(kV(kb)[0])){K z=kdef(kV(kb)[0]); cd(a); R z;}
                           ^~~~~~~~~
cc -g -pthread -O3    -c -o src/kg.o src/kg.c
cc -g -pthread -O3    -c -o src/km.o src/km.c
cc -g -pthread -O3    -c -o src/kn.o src/kn.c
src/kn.c: In function ‘read_tape’:
src/kn.c:157:52: warning: implicit declaration of function ‘oerr’ [-Wimplicit-function-declaration]
         K r=X(c); if(strcmp(errmsg,"undescribed")){oerr();GC;} I w=128; C bck[w];
                                                    ^~~~
cc -g -pthread -O3    -c -o src/ko.o src/ko.c
cc -g -pthread -O3    -c -o src/ks.o src/ks.c
cc -g -pthread -O3    -c -o src/v.o src/v.c
cc -g -pthread -O3    -c -o src/va.o src/va.c
cc -g -pthread -O3    -c -o src/vc.o src/vc.c
cc -g -pthread -O3    -c -o src/vd.o src/vd.c
cc -g -pthread -O3    -c -o src/vf.o src/vf.c
cc -g -pthread -O3    -c -o src/vg.o src/vg.c
cc -g -pthread -O3    -c -o src/vq.o src/vq.c
cc -g -pthread -O3    -c -o src/main.o src/main.c
cc -g -pthread -O3  src/0.o src/bswap.o src/c.o src/getline.o src/mt.o src/p.o src/r.o src/k.o src/kc.o src/kx.o src/kg.o src/km.o src/kn.o src/ko.o src/ks.o src/v.o src/va.o src/vc.o src/vd.o src/vf.o src/vg.o src/vq.o src/main.o -o k -lm -ldl
cc -g -pthread -O0 -g3 -DDEBUG -Wunused -Wreturn-type -Wimplicit-int  -c  -o src/0.t.o src/0.c
src/0.c: In function ‘execute’:
src/0.c:905:24: warning: implicit declaration of function ‘wait’ [-Wimplicit-function-declaration]
     if(fWait) { while (wait(&status) != pid)  ; } } }
                        ^~~~
cc -g -pthread -O0 -g3 -DDEBUG -Wunused -Wreturn-type -Wimplicit-int  -c  -o src/bswap.t.o src/bswap.c
cc -g -pthread -O0 -g3 -DDEBUG -Wunused -Wreturn-type -Wimplicit-int  -c  -o src/c.t.o src/c.c
cc -g -pthread -O0 -g3 -DDEBUG -Wunused -Wreturn-type -Wimplicit-int  -c  -o src/getline.t.o src/getline.c
cc -g -pthread -O0 -g3 -DDEBUG -Wunused -Wreturn-type -Wimplicit-int  -c  -o src/mt.t.o src/mt.c
cc -g -pthread -O0 -g3 -DDEBUG -Wunused -Wreturn-type -Wimplicit-int  -c  -o src/p.t.o src/p.c
src/p.c: In function ‘inKtreeR’:
src/p.c:403:21: warning: implicit declaration of function ‘lookupEntryOrCreate’ [-Wimplicit-function-declaration]
   if(create) { e=(K)lookupEntryOrCreate(p,k); P(!e,(K*)ME) }
                     ^~~~~~~~~~~~~~~~~~~
src/p.c:403:18: warning: cast to pointer from integer of different size [-Wint-to-pointer-cast]
   if(create) { e=(K)lookupEntryOrCreate(p,k); P(!e,(K*)ME) }
                  ^
src/p.c:405:52: warning: implicit declaration of function ‘EAP’ [-Wimplicit-function-declaration]
   if('.'==*t && (!t[1] || '.'==t[1])) { t++; p=(K*)EAP(e); }    //attribute dict
                                                    ^~~
src/p.c:405:48: warning: cast to pointer from integer of different size [-Wint-to-pointer-cast]
   if('.'==*t && (!t[1] || '.'==t[1])) { t++; p=(K*)EAP(e); }    //attribute dict
                                                ^
cc -g -pthread -O0 -g3 -DDEBUG -Wunused -Wreturn-type -Wimplicit-int  -c  -o src/r.t.o src/r.c
cc -g -pthread -O0 -g3 -DDEBUG -Wunused -Wreturn-type -Wimplicit-int  -c  -o src/k.t.o src/k.c
cc -g -pthread -O0 -g3 -DDEBUG -Wunused -Wreturn-type -Wimplicit-int  -c  -o src/kc.t.o src/kc.c
cc -g -pthread -O0 -g3 -DDEBUG -Wunused -Wreturn-type -Wimplicit-int  -c  -o src/kx.t.o src/kx.c
src/kx.c: In function ‘ex1’:
src/kx.c:855:27: warning: implicit declaration of function ‘kdefClass’ [-Wimplicit-function-declaration]
   if(fll>0 && 2==kb->n && kdefClass(kV(kb)[0])){K z=kdef(kV(kb)[0]); cd(a); R z;}
                           ^~~~~~~~~
cc -g -pthread -O0 -g3 -DDEBUG -Wunused -Wreturn-type -Wimplicit-int  -c  -o src/kg.t.o src/kg.c
cc -g -pthread -O0 -g3 -DDEBUG -Wunused -Wreturn-type -Wimplicit-int  -c  -o src/km.t.o src/km.c
cc -g -pthread -O0 -g3 -DDEBUG -Wunused -Wreturn-type -Wimplicit-int  -c  -o src/kn.t.o src/kn.c
src/kn.c: In function ‘read_tape’:
src/kn.c:157:52: warning: implicit declaration of function ‘oerr’ [-Wimplicit-function-declaration]
         K r=X(c); if(strcmp(errmsg,"undescribed")){oerr();GC;} I w=128; C bck[w];
                                                    ^~~~
cc -g -pthread -O0 -g3 -DDEBUG -Wunused -Wreturn-type -Wimplicit-int  -c  -o src/ko.t.o src/ko.c
cc -g -pthread -O0 -g3 -DDEBUG -Wunused -Wreturn-type -Wimplicit-int  -c  -o src/ks.t.o src/ks.c
cc -g -pthread -O0 -g3 -DDEBUG -Wunused -Wreturn-type -Wimplicit-int  -c  -o src/v.t.o src/v.c
cc -g -pthread -O0 -g3 -DDEBUG -Wunused -Wreturn-type -Wimplicit-int  -c  -o src/va.t.o src/va.c
cc -g -pthread -O0 -g3 -DDEBUG -Wunused -Wreturn-type -Wimplicit-int  -c  -o src/vc.t.o src/vc.c
cc -g -pthread -O0 -g3 -DDEBUG -Wunused -Wreturn-type -Wimplicit-int  -c  -o src/vd.t.o src/vd.c
cc -g -pthread -O0 -g3 -DDEBUG -Wunused -Wreturn-type -Wimplicit-int  -c  -o src/vf.t.o src/vf.c
cc -g -pthread -O0 -g3 -DDEBUG -Wunused -Wreturn-type -Wimplicit-int  -c  -o src/vg.t.o src/vg.c
cc -g -pthread -O0 -g3 -DDEBUG -Wunused -Wreturn-type -Wimplicit-int  -c  -o src/vq.t.o src/vq.c
cc -g -pthread -O0 -g3 -DDEBUG -Wunused -Wreturn-type -Wimplicit-int  -c  -o src/main.t.o src/main.c
cc -g -pthread -O0 -g3 -DDEBUG -Wunused -Wreturn-type -Wimplicit-int  -c  -o src/tests.t.o src/tests.c
cc -g -pthread -O0 -g3 -DDEBUG -Wunused -Wreturn-type -Wimplicit-int  src/0.t.o src/bswap.t.o src/c.t.o src/getline.t.o src/mt.t.o src/p.t.o src/r.t.o src/k.t.o src/kc.t.o src/kx.t.o src/kg.t.o src/km.t.o src/kn.t.o src/ko.t.o src/ks.t.o src/v.t.o src/va.t.o src/vc.t.o src/vd.t.o src/vf.t.o src/vg.t.o src/vq.t.o src/main.t.o src/tests.t.o -o k_test -lm -ldl
