Sun Feb  5 02:06:46 UTC 2017
--2017-02-05 02:06:46--  https://github.com/JetBrains/kotlin/releases/download/v1.0.6/kotlin-compiler-1.0.6.zip
Resolving github.com (github.com)... 192.30.253.113, 192.30.253.112
Connecting to github.com (github.com)|192.30.253.113|:443... connected.
HTTP request sent, awaiting response... 302 Found
Location: https://github-cloud.s3.amazonaws.com/releases/3432266/d446ec44-cc68-11e6-833a-13a8048b0a63.zip?X-Amz-Algorithm=AWS4-HMAC-SHA256&X-Amz-Credential=AKIAISTNZFOVBIJMK3TQ%2F20170205%2Fus-east-1%2Fs3%2Faws4_request&X-Amz-Date=20170205T020646Z&X-Amz-Expires=300&X-Amz-Signature=c1cbbafde805194900c1b8781432138c344088fb366f49dacce8cb6c09cf9052&X-Amz-SignedHeaders=host&actor_id=0&response-content-disposition=attachment%3B%20filename%3Dkotlin-compiler-1.0.6.zip&response-content-type=application%2Foctet-stream [following]
--2017-02-05 02:06:46--  https://github-cloud.s3.amazonaws.com/releases/3432266/d446ec44-cc68-11e6-833a-13a8048b0a63.zip?X-Amz-Algorithm=AWS4-HMAC-SHA256&X-Amz-Credential=AKIAISTNZFOVBIJMK3TQ%2F20170205%2Fus-east-1%2Fs3%2Faws4_request&X-Amz-Date=20170205T020646Z&X-Amz-Expires=300&X-Amz-Signature=c1cbbafde805194900c1b8781432138c344088fb366f49dacce8cb6c09cf9052&X-Amz-SignedHeaders=host&actor_id=0&response-content-disposition=attachment%3B%20filename%3Dkotlin-compiler-1.0.6.zip&response-content-type=application%2Foctet-stream
Resolving github-cloud.s3.amazonaws.com (github-cloud.s3.amazonaws.com)... 54.231.82.146
Connecting to github-cloud.s3.amazonaws.com (github-cloud.s3.amazonaws.com)|54.231.82.146|:443... connected.
HTTP request sent, awaiting response... 200 OK
Length: 23259091 (22M) [application/octet-stream]
Saving to: ‘kotlin-compiler-1.0.6.zip’

     0K .......... .......... .......... .......... ..........  0% 2.04M 11s
    50K .......... .......... .......... .......... ..........  0% 3.12M 9s
   100K .......... .......... .......... .......... ..........  0% 5.99M 7s
   150K .......... .......... .......... .......... ..........  0% 3.19M 7s
   200K .......... .......... .......... .......... ..........  1% 6.23M 6s
   250K .......... .......... .......... .......... ..........  1% 6.25M 6s
   300K .......... .......... .......... .......... ..........  1% 23.1M 5s
   350K .......... .......... .......... .......... ..........  1% 7.95M 5s
   400K .......... .......... .......... .......... ..........  1% 6.69M 5s
   450K .......... .......... .......... .......... ..........  2% 21.1M 4s
   500K .......... .......... .......... .......... ..........  2% 8.63M 4s
   550K .......... .......... .......... .......... ..........  2% 21.2M 4s
   600K .......... .......... .......... .......... ..........  2% 8.46M 4s
   650K .......... .......... .......... .......... ..........  3% 19.4M 4s
   700K .......... .......... .......... .......... ..........  3% 9.13M 3s
   750K .......... .......... .......... .......... ..........  3% 20.0M 3s
   800K .......... .......... .......... .......... ..........  3% 8.81M 3s
   850K .......... .......... .......... .......... ..........  3%  110M 3s
   900K .......... .......... .......... .......... ..........  4% 22.5M 3s
   950K .......... .......... .......... .......... ..........  4% 9.28M 3s
  1000K .......... .......... .......... .......... ..........  4% 85.7M 3s
  1050K .......... .......... .......... .......... ..........  4% 21.6M 3s
  1100K .......... .......... .......... .......... ..........  5% 9.74M 3s
  1150K .......... .......... .......... .......... ..........  5% 93.7M 3s
  1200K .......... .......... .......... .......... ..........  5% 19.5M 2s
  1250K .......... .......... .......... .......... ..........  5% 10.1M 2s
  1300K .......... .......... .......... .......... ..........  5%  129M 2s
  1350K .......... .......... .......... .......... ..........  6% 21.9M 2s
  1400K .......... .......... .......... .......... ..........  6% 85.2M 2s
  1450K .......... .......... .......... .......... ..........  6% 9.88M 2s
  1500K .......... .......... .......... .......... ..........  6% 92.0M 2s
  1550K .......... .......... .......... .......... ..........  7% 22.1M 2s
  1600K .......... .......... .......... .......... ..........  7% 88.9M 2s
  1650K .......... .......... .......... .......... ..........  7% 10.4M 2s
  1700K .......... .......... .......... .......... ..........  7%  115M 2s
  1750K .......... .......... .......... .......... ..........  7% 26.0M 2s
  1800K .......... .......... .......... .......... ..........  8% 88.0M 2s
  1850K .......... .......... .......... .......... ..........  8% 9.73M 2s
  1900K .......... .......... .......... .......... ..........  8%  121M 2s
  1950K .......... .......... .......... .......... ..........  8% 66.6M 2s
  2000K .......... .......... .......... .......... ..........  9% 32.7M 2s
  2050K .......... .......... .......... .......... ..........  9% 86.3M 2s
  2100K .......... .......... .......... .......... ..........  9% 10.0M 2s
  2150K .......... .......... .......... .......... ..........  9% 84.1M 2s
  2200K .......... .......... .......... .......... ..........  9% 92.7M 2s
  2250K .......... .......... .......... .......... .......... 10% 36.2M 2s
  2300K .......... .......... .......... .......... .......... 10% 89.5M 2s
  2350K .......... .......... .......... .......... .......... 10% 10.0M 2s
  2400K .......... .......... .......... .......... .......... 10% 81.7M 2s
  2450K .......... .......... .......... .......... .......... 11%  132M 2s
  2500K .......... .......... .......... .......... .......... 11% 37.0M 2s
  2550K .......... .......... .......... .......... .......... 11%  114M 1s
  2600K .......... .......... .......... .......... .......... 11%  137M 1s
  2650K .......... .......... .......... .......... .......... 11% 9.95M 1s
  2700K .......... .......... .......... .......... .......... 12% 94.3M 1s
  2750K .......... .......... .......... .......... .......... 12% 91.0M 1s
  2800K .......... .......... .......... .......... .......... 12% 49.0M 1s
  2850K .......... .......... .......... .......... .......... 12% 95.0M 1s
  2900K .......... .......... .......... .......... .......... 12% 80.8M 1s
  2950K .......... .......... .......... .......... .......... 13% 10.9M 1s
  3000K .......... .......... .......... .......... .......... 13% 89.7M 1s
  3050K .......... .......... .......... .......... .......... 13% 84.5M 1s
  3100K .......... .......... .......... .......... .......... 13% 89.2M 1s
  3150K .......... .......... .......... .......... .......... 14% 60.0M 1s
  3200K .......... .......... .......... .......... .......... 14% 99.3M 1s
  3250K .......... .......... .......... .......... .......... 14% 65.2M 1s
  3300K .......... .......... .......... .......... .......... 14% 10.9M 1s
  3350K .......... .......... .......... .......... .......... 14% 95.8M 1s
  3400K .......... .......... .......... .......... .......... 15%  105M 1s
  3450K .......... .......... .......... .......... .......... 15% 97.0M 1s
  3500K .......... .......... .......... .......... .......... 15% 72.3M 1s
  3550K .......... .......... .......... .......... .......... 15%  109M 1s
  3600K .......... .......... .......... .......... .......... 16% 47.8M 1s
  3650K .......... .......... .......... .......... .......... 16%  101M 1s
  3700K .......... .......... .......... .......... .......... 16% 12.2M 1s
  3750K .......... .......... .......... .......... .......... 16% 89.0M 1s
  3800K .......... .......... .......... .......... .......... 16% 83.6M 1s
  3850K .......... .......... .......... .......... .......... 17% 96.4M 1s
  3900K .......... .......... .......... .......... .......... 17% 64.2M 1s
  3950K .......... .......... .......... .......... .......... 17% 83.0M 1s
  4000K .......... .......... .......... .......... .......... 17% 95.4M 1s
  4050K .......... .......... .......... .......... .......... 18% 86.1M 1s
  4100K .......... .......... .......... .......... .......... 18% 14.8M 1s
  4150K .......... .......... .......... .......... .......... 18% 48.3M 1s
  4200K .......... .......... .......... .......... .......... 18% 76.7M 1s
  4250K .......... .......... .......... .......... .......... 18%  260M 1s
  4300K .......... .......... .......... .......... .......... 19% 63.9M 1s
  4350K .......... .......... .......... .......... .......... 19% 96.7M 1s
  4400K .......... .......... .......... .......... .......... 19% 87.2M 1s
  4450K .......... .......... .......... .......... .......... 19% 83.7M 1s
  4500K .......... .......... .......... .......... .......... 20% 91.6M 1s
  4550K .......... .......... .......... .......... .......... 20% 17.1M 1s
  4600K .......... .......... .......... .......... .......... 20% 65.2M 1s
  4650K .......... .......... .......... .......... .......... 20% 67.1M 1s
  4700K .......... .......... .......... .......... .......... 20% 88.5M 1s
  4750K .......... .......... .......... .......... .......... 21% 85.5M 1s
  4800K .......... .......... .......... .......... .......... 21% 87.3M 1s
  4850K .......... .......... .......... .......... .......... 21% 82.6M 1s
  4900K .......... .......... .......... .......... .......... 21% 88.3M 1s
  4950K .......... .......... .......... .......... .......... 22% 86.5M 1s
  5000K .......... .......... .......... .......... .......... 22% 90.1M 1s
  5050K .......... .......... .......... .......... .......... 22% 17.3M 1s
  5100K .......... .......... .......... .......... .......... 22% 74.7M 1s
  5150K .......... .......... .......... .......... .......... 22% 96.0M 1s
  5200K .......... .......... .......... .......... .......... 23% 83.5M 1s
  5250K .......... .......... .......... .......... .......... 23% 67.6M 1s
  5300K .......... .......... .......... .......... .......... 23% 86.0M 1s
  5350K .......... .......... .......... .......... .......... 23% 77.1M 1s
  5400K .......... .......... .......... .......... .......... 23% 96.6M 1s
  5450K .......... .......... .......... .......... .......... 24% 77.4M 1s
  5500K .......... .......... .......... .......... .......... 24%  104M 1s
  5550K .......... .......... .......... .......... .......... 24% 88.2M 1s
  5600K .......... .......... .......... .......... .......... 24% 23.4M 1s
  5650K .......... .......... .......... .......... .......... 25% 56.0M 1s
  5700K .......... .......... .......... .......... .......... 25%  104M 1s
  5750K .......... .......... .......... .......... .......... 25%  138M 1s
  5800K .......... .......... .......... .......... .......... 25% 66.5M 1s
  5850K .......... .......... .......... .......... .......... 25% 82.6M 1s
  5900K .......... .......... .......... .......... .......... 26% 88.2M 1s
  5950K .......... .......... .......... .......... .......... 26% 88.9M 1s
  6000K .......... .......... .......... .......... .......... 26%  118M 1s
  6050K .......... .......... .......... .......... .......... 26% 90.9M 1s
  6100K .......... .......... .......... .......... .......... 27% 87.9M 1s
  6150K .......... .......... .......... .......... .......... 27% 89.5M 1s
  6200K .......... .......... .......... .......... .......... 27% 28.8M 1s
  6250K .......... .......... .......... .......... .......... 27% 67.8M 1s
  6300K .......... .......... .......... .......... .......... 27%  122M 1s
  6350K .......... .......... .......... .......... .......... 28% 87.6M 1s
  6400K .......... .......... .......... .......... .......... 28% 81.5M 1s
  6450K .......... .......... .......... .......... .......... 28% 88.7M 1s
  6500K .......... .......... .......... .......... .......... 28% 86.6M 1s
  6550K .......... .......... .......... .......... .......... 29% 82.2M 1s
  6600K .......... .......... .......... .......... .......... 29% 89.8M 1s
  6650K .......... .......... .......... .......... .......... 29% 89.3M 1s
  6700K .......... .......... .......... .......... .......... 29% 87.5M 1s
  6750K .......... .......... .......... .......... .......... 29% 88.4M 1s
  6800K .......... .......... .......... .......... .......... 30% 85.0M 1s
  6850K .......... .......... .......... .......... .......... 30% 51.2M 1s
  6900K .......... .......... .......... .......... .......... 30% 88.6M 1s
  6950K .......... .......... .......... .......... .......... 30% 79.1M 1s
  7000K .......... .......... .......... .......... .......... 31% 69.4M 1s
  7050K .......... .......... .......... .......... .......... 31% 89.8M 1s
  7100K .......... .......... .......... .......... .......... 31% 86.5M 1s
  7150K .......... .......... .......... .......... .......... 31%  130M 1s
  7200K .......... .......... .......... .......... .......... 31% 85.1M 1s
  7250K .......... .......... .......... .......... .......... 32% 83.9M 1s
  7300K .......... .......... .......... .......... .......... 32% 86.0M 1s
  7350K .......... .......... .......... .......... .......... 32% 90.9M 1s
  7400K .......... .......... .......... .......... .......... 32% 89.0M 1s
  7450K .......... .......... .......... .......... .......... 33% 85.0M 1s
  7500K .......... .......... .......... .......... .......... 33% 89.4M 1s
  7550K .......... .......... .......... .......... .......... 33% 80.9M 1s
  7600K .......... .......... .......... .......... .......... 33% 82.3M 1s
  7650K .......... .......... .......... .......... .......... 33% 87.7M 1s
  7700K .......... .......... .......... .......... .......... 34% 84.7M 1s
  7750K .......... .......... .......... .......... .......... 34% 87.1M 1s
  7800K .......... .......... .......... .......... .......... 34% 67.5M 1s
  7850K .......... .......... .......... .......... .......... 34%  120M 1s
  7900K .......... .......... .......... .......... .......... 35% 94.1M 1s
  7950K .......... .......... .......... .......... .......... 35% 67.3M 1s
  8000K .......... .......... .......... .......... .......... 35%  113M 1s
  8050K .......... .......... .......... .......... .......... 35% 86.2M 1s
  8100K .......... .......... .......... .......... .......... 35%  126M 1s
  8150K .......... .......... .......... .......... .......... 36% 95.1M 1s
  8200K .......... .......... .......... .......... .......... 36% 87.4M 0s
  8250K .......... .......... .......... .......... .......... 36% 89.6M 0s
  8300K .......... .......... .......... .......... .......... 36%  128M 0s
  8350K .......... .......... .......... .......... .......... 36% 80.7M 0s
  8400K .......... .......... .......... .......... .......... 37%  131M 0s
  8450K .......... .......... .......... .......... .......... 37% 88.7M 0s
  8500K .......... .......... .......... .......... .......... 37% 83.7M 0s
  8550K .......... .......... .......... .......... .......... 37% 88.7M 0s
  8600K .......... .......... .......... .......... .......... 38% 63.4M 0s
  8650K .......... .......... .......... .......... .......... 38% 89.5M 0s
  8700K .......... .......... .......... .......... .......... 38%  139M 0s
  8750K .......... .......... .......... .......... .......... 38% 86.5M 0s
  8800K .......... .......... .......... .......... .......... 38%  101M 0s
  8850K .......... .......... .......... .......... .......... 39% 97.2M 0s
  8900K .......... .......... .......... .......... .......... 39% 86.2M 0s
  8950K .......... .......... .......... .......... .......... 39% 90.3M 0s
  9000K .......... .......... .......... .......... .......... 39% 83.9M 0s
  9050K .......... .......... .......... .......... .......... 40% 60.8M 0s
  9100K .......... .......... .......... .......... .......... 40%  158M 0s
  9150K .......... .......... .......... .......... .......... 40%  116M 0s
  9200K .......... .......... .......... .......... .......... 40% 97.8M 0s
  9250K .......... .......... .......... .......... .......... 40%  124M 0s
  9300K .......... .......... .......... .......... .......... 41% 89.4M 0s
  9350K .......... .......... .......... .......... .......... 41% 87.6M 0s
  9400K .......... .......... .......... .......... .......... 41% 66.1M 0s
  9450K .......... .......... .......... .......... .......... 41% 88.1M 0s
  9500K .......... .......... .......... .......... .......... 42% 84.1M 0s
  9550K .......... .......... .......... .......... .......... 42%  121M 0s
  9600K .......... .......... .......... .......... .......... 42% 84.4M 0s
  9650K .......... .......... .......... .......... .......... 42% 90.1M 0s
  9700K .......... .......... .......... .......... .......... 42% 87.8M 0s
  9750K .......... .......... .......... .......... .......... 43% 82.3M 0s
  9800K .......... .......... .......... .......... .......... 43% 94.3M 0s
  9850K .......... .......... .......... .......... .......... 43% 88.4M 0s
  9900K .......... .......... .......... .......... .......... 43% 86.4M 0s
  9950K .......... .......... .......... .......... .......... 44% 85.7M 0s
 10000K .......... .......... .......... .......... .......... 44% 83.0M 0s
 10050K .......... .......... .......... .......... .......... 44%  134M 0s
 10100K .......... .......... .......... .......... .......... 44% 81.9M 0s
 10150K .......... .......... .......... .......... .......... 44% 86.4M 0s
 10200K .......... .......... .......... .......... .......... 45% 80.6M 0s
 10250K .......... .......... .......... .......... .......... 45%  104M 0s
 10300K .......... .......... .......... .......... .......... 45% 82.8M 0s
 10350K .......... .......... .......... .......... .......... 45% 88.8M 0s
 10400K .......... .......... .......... .......... .......... 46%  124M 0s
 10450K .......... .......... .......... .......... .......... 46% 84.7M 0s
 10500K .......... .......... .......... .......... .......... 46% 86.9M 0s
 10550K .......... .......... .......... .......... .......... 46% 85.5M 0s
 10600K .......... .......... .......... .......... .......... 46% 63.4M 0s
 10650K .......... .......... .......... .......... .......... 47%  147M 0s
 10700K .......... .......... .......... .......... .......... 47% 90.5M 0s
 10750K .......... .......... .......... .......... .......... 47% 83.6M 0s
 10800K .......... .......... .......... .......... .......... 47% 85.7M 0s
 10850K .......... .......... .......... .......... .......... 47%  120M 0s
 10900K .......... .......... .......... .......... .......... 48% 91.9M 0s
 10950K .......... .......... .......... .......... .......... 48% 81.7M 0s
 11000K .......... .......... .......... .......... .......... 48% 70.6M 0s
 11050K .......... .......... .......... .......... .......... 48%  123M 0s
 11100K .......... .......... .......... .......... .......... 49% 68.2M 0s
 11150K .......... .......... .......... .......... .......... 49%  203M 0s
 11200K .......... .......... .......... .......... .......... 49% 62.9M 0s
 11250K .......... .......... .......... .......... .......... 49%  144M 0s
 11300K .......... .......... .......... .......... .......... 49% 87.1M 0s
 11350K .......... .......... .......... .......... .......... 50%  121M 0s
 11400K .......... .......... .......... .......... .......... 50% 68.5M 0s
 11450K .......... .......... .......... .......... .......... 50% 87.4M 0s
 11500K .......... .......... .......... .......... .......... 50%  127M 0s
 11550K .......... .......... .......... .......... .......... 51% 85.8M 0s
 11600K .......... .......... .......... .......... .......... 51% 82.6M 0s
 11650K .......... .......... .......... .......... .......... 51% 89.8M 0s
 11700K .......... .......... .......... .......... .......... 51% 84.0M 0s
 11750K .......... .......... .......... .......... .......... 51%  132M 0s
 11800K .......... .......... .......... .......... .......... 52% 70.0M 0s
 11850K .......... .......... .......... .......... .......... 52%  122M 0s
 11900K .......... .......... .......... .......... .......... 52% 88.2M 0s
 11950K .......... .......... .......... .......... .......... 52% 74.7M 0s
 12000K .......... .......... .......... .......... .......... 53%  144M 0s
 12050K .......... .......... .......... .......... .......... 53% 91.0M 0s
 12100K .......... .......... .......... .......... .......... 53% 87.3M 0s
 12150K .......... .......... .......... .......... .......... 53% 84.5M 0s
 12200K .......... .......... .......... .......... .......... 53% 93.8M 0s
 12250K .......... .......... .......... .......... .......... 54% 86.1M 0s
 12300K .......... .......... .......... .......... .......... 54% 85.0M 0s
 12350K .......... .......... .......... .......... .......... 54% 88.4M 0s
 12400K .......... .......... .......... .......... .......... 54%  118M 0s
 12450K .......... .......... .......... .......... .......... 55% 85.8M 0s
 12500K .......... .......... .......... .......... .......... 55% 92.1M 0s
 12550K .......... .......... .......... .......... .......... 55%  124M 0s
 12600K .......... .......... .......... .......... .......... 55% 66.9M 0s
 12650K .......... .......... .......... .......... .......... 55% 87.9M 0s
 12700K .......... .......... .......... .......... .......... 56%  129M 0s
 12750K .......... .......... .......... .......... .......... 56% 84.3M 0s
 12800K .......... .......... .......... .......... .......... 56%  128M 0s
 12850K .......... .......... .......... .......... .......... 56% 88.4M 0s
 12900K .......... .......... .......... .......... .......... 57%  127M 0s
 12950K .......... .......... .......... .......... .......... 57% 86.9M 0s
 13000K .......... .......... .......... .......... .......... 57% 65.6M 0s
 13050K .......... .......... .......... .......... .......... 57%  130M 0s
 13100K .......... .......... .......... .......... .......... 57% 89.7M 0s
 13150K .......... .......... .......... .......... .......... 58%  119M 0s
 13200K .......... .......... .......... .......... .......... 58% 88.5M 0s
 13250K .......... .......... .......... .......... .......... 58% 87.3M 0s
 13300K .......... .......... .......... .......... .......... 58% 85.7M 0s
 13350K .......... .......... .......... .......... .......... 58%  127M 0s
 13400K .......... .......... .......... .......... .......... 59% 66.8M 0s
 13450K .......... .......... .......... .......... .......... 59% 86.8M 0s
 13500K .......... .......... .......... .......... .......... 59%  123M 0s
 13550K .......... .......... .......... .......... .......... 59% 89.0M 0s
 13600K .......... .......... .......... .......... .......... 60% 84.7M 0s
 13650K .......... .......... .......... .......... .......... 60%  130M 0s
 13700K .......... .......... .......... .......... .......... 60% 85.3M 0s
 13750K .......... .......... .......... .......... .......... 60%  136M 0s
 13800K .......... .......... .......... .......... .......... 60% 82.9M 0s
 13850K .......... .......... .......... .......... .......... 61% 93.7M 0s
 13900K .......... .......... .......... .......... .......... 61% 86.2M 0s
 13950K .......... .......... .......... .......... .......... 61%  121M 0s
 14000K .......... .......... .......... .......... .......... 61% 88.0M 0s
 14050K .......... .......... .......... .......... .......... 62% 88.4M 0s
 14100K .......... .......... .......... .......... .......... 62%  123M 0s
 14150K .......... .......... .......... .......... .......... 62% 89.2M 0s
 14200K .......... .......... .......... .......... .......... 62% 85.8M 0s
 14250K .......... .......... .......... .......... .......... 62% 87.4M 0s
 14300K .......... .......... .......... .......... .......... 63%  126M 0s
 14350K .......... .......... .......... .......... .......... 63% 87.2M 0s
 14400K .......... .......... .......... .......... .......... 63% 84.3M 0s
 14450K .......... .......... .......... .......... .......... 63%  125M 0s
 14500K .......... .......... .......... .......... .......... 64% 88.4M 0s
 14550K .......... .......... .......... .......... .......... 64% 86.9M 0s
 14600K .......... .......... .......... .......... .......... 64% 92.2M 0s
 14650K .......... .......... .......... .......... .......... 64% 83.9M 0s
 14700K .......... .......... .......... .......... .......... 64%  138M 0s
 14750K .......... .......... .......... .......... .......... 65% 85.6M 0s
 14800K .......... .......... .......... .......... .......... 65% 77.9M 0s
 14850K .......... .......... .......... .......... .......... 65%  134M 0s
 14900K .......... .......... .......... .......... .......... 65%  129M 0s
 14950K .......... .......... .......... .......... .......... 66% 90.3M 0s
 15000K .......... .......... .......... .......... .......... 66% 88.1M 0s
 15050K .......... .......... .......... .......... .......... 66% 3.65M 0s
 15100K .......... .......... .......... .......... .......... 66%  219M 0s
 15150K .......... .......... .......... .......... .......... 66%  397M 0s
 15200K .......... .......... .......... .......... .......... 67% 52.0M 0s
 15250K .......... .......... .......... .......... .......... 67%  546M 0s
 15300K .......... .......... .......... .......... .......... 67%  440M 0s
 15350K .......... .......... .......... .......... .......... 67% 62.6M 0s
 15400K .......... .......... .......... .......... .......... 68%  216M 0s
 15450K .......... .......... .......... .......... .......... 68% 93.9M 0s
 15500K .......... .......... .......... .......... .......... 68%  516M 0s
 15550K .......... .......... .......... .......... .......... 68% 61.4M 0s
 15600K .......... .......... .......... .......... .......... 68%  182M 0s
 15650K .......... .......... .......... .......... .......... 69%  211M 0s
 15700K .......... .......... .......... .......... .......... 69%  358M 0s
 15750K .......... .......... .......... .......... .......... 69%  129M 0s
 15800K .......... .......... .......... .......... .......... 69%  468M 0s
 15850K .......... .......... .......... .......... .......... 70% 52.8M 0s
 15900K .......... .......... .......... .......... .......... 70%  497M 0s
 15950K .......... .......... .......... .......... .......... 70%  475M 0s
 16000K .......... .......... .......... .......... .......... 70% 62.9M 0s
 16050K .......... .......... .......... .......... .......... 70%  548M 0s
 16100K .......... .......... .......... .......... .......... 71% 92.6M 0s
 16150K .......... .......... .......... .......... .......... 71% 82.7M 0s
 16200K .......... .......... .......... .......... .......... 71%  409M 0s
 16250K .......... .......... .......... .......... .......... 71%  575M 0s
 16300K .......... .......... .......... .......... .......... 71% 30.6M 0s
 16350K .......... .......... .......... .......... .......... 72%  478M 0s
 16400K .......... .......... .......... .......... .......... 72%  405M 0s
 16450K .......... .......... .......... .......... .......... 72%  539M 0s
 16500K .......... .......... .......... .......... .......... 72%  500M 0s
 16550K .......... .......... .......... .......... .......... 73%  562M 0s
 16600K .......... .......... .......... .......... .......... 73%  433M 0s
 16650K .......... .......... .......... .......... .......... 73%  560M 0s
 16700K .......... .......... .......... .......... .......... 73%  503M 0s
 16750K .......... .......... .......... .......... .......... 73%  530M 0s
 16800K .......... .......... .......... .......... .......... 74%  496M 0s
 16850K .......... .......... .......... .......... .......... 74%  515M 0s
 16900K .......... .......... .......... .......... .......... 74%  450M 0s
 16950K .......... .......... .......... .......... .......... 74%  557M 0s
 17000K .......... .......... .......... .......... .......... 75%  457M 0s
 17050K .......... .......... .......... .......... .......... 75%  383M 0s
 17100K .......... .......... .......... .......... .......... 75%  412M 0s
 17150K .......... .......... .......... .......... .......... 75%  390M 0s
 17200K .......... .......... .......... .......... .......... 75%  580M 0s
 17250K .......... .......... .......... .......... .......... 76%  535M 0s
 17300K .......... .......... .......... .......... .......... 76%  552M 0s
 17350K .......... .......... .......... .......... .......... 76%  362M 0s
 17400K .......... .......... .......... .......... .......... 76%  340M 0s
 17450K .......... .......... .......... .......... .......... 77%  478M 0s
 17500K .......... .......... .......... .......... .......... 77% 58.8M 0s
 17550K .......... .......... .......... .......... .......... 77% 70.7M 0s
 17600K .......... .......... .......... .......... .......... 77% 94.2M 0s
 17650K .......... .......... .......... .......... .......... 77% 87.7M 0s
 17700K .......... .......... .......... .......... .......... 78%  124M 0s
 17750K .......... .......... .......... .......... .......... 78% 96.8M 0s
 17800K .......... .......... .......... .......... .......... 78%  121M 0s
 17850K .......... .......... .......... .......... .......... 78% 98.3M 0s
 17900K .......... .......... .......... .......... .......... 79% 85.9M 0s
 17950K .......... .......... .......... .......... .......... 79%  150M 0s
 18000K .......... .......... .......... .......... .......... 79% 91.6M 0s
 18050K .......... .......... .......... .......... .......... 79%  125M 0s
 18100K .......... .......... .......... .......... .......... 79% 98.6M 0s
 18150K .......... .......... .......... .......... .......... 80%  120M 0s
 18200K .......... .......... .......... .......... .......... 80% 96.5M 0s
 18250K .......... .......... .......... .......... .......... 80% 91.1M 0s
 18300K .......... .......... .......... .......... .......... 80% 91.7M 0s
 18350K .......... .......... .......... .......... .......... 81%  133M 0s
 18400K .......... .......... .......... .......... .......... 81% 91.3M 0s
 18450K .......... .......... .......... .......... .......... 81%  125M 0s
 18500K .......... .......... .......... .......... .......... 81% 89.3M 0s
 18550K .......... .......... .......... .......... .......... 81%  119M 0s
 18600K .......... .......... .......... .......... .......... 82% 94.7M 0s
 18650K .......... .......... .......... .......... .......... 82% 68.4M 0s
 18700K .......... .......... .......... .......... .......... 82%  132M 0s
 18750K .......... .......... .......... .......... .......... 82%  114M 0s
 18800K .......... .......... .......... .......... .......... 82% 91.9M 0s
 18850K .......... .......... .......... .......... .......... 83%  126M 0s
 18900K .......... .......... .......... .......... .......... 83%  124M 0s
 18950K .......... .......... .......... .......... .......... 83% 89.3M 0s
 19000K .......... .......... .......... .......... .......... 83% 88.8M 0s
 19050K .......... .......... .......... .......... .......... 84% 87.7M 0s
 19100K .......... .......... .......... .......... .......... 84%  135M 0s
 19150K .......... .......... .......... .......... .......... 84%  108M 0s
 19200K .......... .......... .......... .......... .......... 84% 95.8M 0s
 19250K .......... .......... .......... .......... .......... 84%  117M 0s
 19300K .......... .......... .......... .......... .......... 85% 94.0M 0s
 19350K .......... .......... .......... .......... .......... 85%  125M 0s
 19400K .......... .......... .......... .......... .......... 85% 89.1M 0s
 19450K .......... .......... .......... .......... .......... 85%  128M 0s
 19500K .......... .......... .......... .......... .......... 86% 87.6M 0s
 19550K .......... .......... .......... .......... .......... 86% 85.6M 0s
 19600K .......... .......... .......... .......... .......... 86%  126M 0s
 19650K .......... .......... .......... .......... .......... 86% 82.9M 0s
 19700K .......... .......... .......... .......... .......... 86%  119M 0s
 19750K .......... .......... .......... .......... .......... 87% 97.6M 0s
 19800K .......... .......... .......... .......... .......... 87% 86.0M 0s
 19850K .......... .......... .......... .......... .......... 87%  113M 0s
 19900K .......... .......... .......... .......... .......... 87% 96.1M 0s
 19950K .......... .......... .......... .......... .......... 88% 91.5M 0s
 20000K .......... .......... .......... .......... .......... 88%  118M 0s
 20050K .......... .......... .......... .......... .......... 88%  140M 0s
 20100K .......... .......... .......... .......... .......... 88%  107M 0s
 20150K .......... .......... .......... .......... .......... 88% 95.5M 0s
 20200K .......... .......... .......... .......... .......... 89% 91.0M 0s
 20250K .......... .......... .......... .......... .......... 89% 82.3M 0s
 20300K .......... .......... .......... .......... .......... 89%  131M 0s
 20350K .......... .......... .......... .......... .......... 89% 92.6M 0s
 20400K .......... .......... .......... .......... .......... 90%  125M 0s
 20450K .......... .......... .......... .......... .......... 90%  129M 0s
 20500K .......... .......... .......... .......... .......... 90% 82.1M 0s
 20550K .......... .......... .......... .......... .......... 90%  132M 0s
 20600K .......... .......... .......... .......... .......... 90% 88.3M 0s
 20650K .......... .......... .......... .......... .......... 91% 90.6M 0s
 20700K .......... .......... .......... .......... .......... 91%  123M 0s
 20750K .......... .......... .......... .......... .......... 91% 85.7M 0s
 20800K .......... .......... .......... .......... .......... 91% 90.1M 0s
 20850K .......... .......... .......... .......... .......... 92%  107M 0s
 20900K .......... .......... .......... .......... .......... 92%  149M 0s
 20950K .......... .......... .......... .......... .......... 92% 89.4M 0s
 21000K .......... .......... .......... .......... .......... 92%  128M 0s
 21050K .......... .......... .......... .......... .......... 92% 86.1M 0s
 21100K .......... .......... .......... .......... .......... 93% 87.7M 0s
 21150K .......... .......... .......... .......... .......... 93%  119M 0s
 21200K .......... .......... .......... .......... .......... 93% 92.2M 0s
 21250K .......... .......... .......... .......... .......... 93%  121M 0s
 21300K .......... .......... .......... .......... .......... 93% 19.7M 0s
 21350K .......... .......... .......... .......... .......... 94%  339M 0s
 21400K .......... .......... .......... .......... .......... 94%  553M 0s
 21450K .......... .......... .......... .......... .......... 94%  391M 0s
 21500K .......... .......... .......... .......... .......... 94%  529M 0s
 21550K .......... .......... .......... .......... .......... 95%  387M 0s
 21600K .......... .......... .......... .......... .......... 95% 95.8M 0s
 21650K .......... .......... .......... .......... .......... 95%  134M 0s
 21700K .......... .......... .......... .......... .......... 95%  120M 0s
 21750K .......... .......... .......... .......... .......... 95% 90.9M 0s
 21800K .......... .......... .......... .......... .......... 96% 84.5M 0s
 21850K .......... .......... .......... .......... .......... 96% 93.0M 0s
 21900K .......... .......... .......... .......... .......... 96% 86.6M 0s
 21950K .......... .......... .......... .......... .......... 96%  131M 0s
 22000K .......... .......... .......... .......... .......... 97%  130M 0s
 22050K .......... .......... .......... .......... .......... 97%  113M 0s
 22100K .......... .......... .......... .......... .......... 97% 91.3M 0s
 22150K .......... .......... .......... .......... .......... 97% 87.2M 0s
 22200K .......... .......... .......... .......... .......... 97%  133M 0s
 22250K .......... .......... .......... .......... .......... 98% 81.3M 0s
 22300K .......... .......... .......... .......... .......... 98% 91.7M 0s
 22350K .......... .......... .......... .......... .......... 98%  132M 0s
 22400K .......... .......... .......... .......... .......... 98% 86.0M 0s
 22450K .......... .......... .......... .......... .......... 99%  125M 0s
 22500K .......... .......... .......... .......... .......... 99% 85.4M 0s
 22550K .......... .......... .......... .......... .......... 99%  131M 0s
 22600K .......... .......... .......... .......... .......... 99% 91.9M 0s
 22650K .......... .......... .......... .......... .......... 99% 89.0M 0s
 22700K .......... ...                                        100%  741M=0.4s

2017-02-05 02:06:47 (51.5 MB/s) - ‘kotlin-compiler-1.0.6.zip’ saved [23259091/23259091]

Archive:  kotlin-compiler-1.0.6.zip
   creating: kotlinc/
   creating: kotlinc/bin/
   creating: kotlinc/lib/
   creating: kotlinc/license/
   creating: kotlinc/license/third_party/
  inflating: kotlinc/build.txt       
  inflating: kotlinc/lib/allopen-compiler-plugin.jar  
  inflating: kotlinc/lib/android-extensions-compiler.jar  
  inflating: kotlinc/lib/kotlin-annotation-processing.jar  
  inflating: kotlinc/lib/kotlin-ant.jar  
  inflating: kotlinc/lib/kotlin-build-common-test.jar  
  inflating: kotlinc/lib/kotlin-build-common.jar  
  inflating: kotlinc/lib/kotlin-compiler.jar  
  inflating: kotlinc/lib/kotlin-daemon-client.jar  
  inflating: kotlinc/lib/kotlin-jslib-sources.jar  
  inflating: kotlinc/lib/kotlin-jslib.jar  
  inflating: kotlinc/lib/kotlin-preloader.jar  
  inflating: kotlinc/lib/kotlin-reflect.jar  
  inflating: kotlinc/lib/kotlin-runner.jar  
  inflating: kotlinc/lib/kotlin-runtime-sources.jar  
  inflating: kotlinc/lib/kotlin-runtime.jar  
  inflating: kotlinc/lib/kotlin-test.jar  
  inflating: kotlinc/lib/noarg-compiler-plugin.jar  
  inflating: kotlinc/license/LICENSE.txt  
  inflating: kotlinc/license/NOTICE.txt  
  inflating: kotlinc/license/third_party/args4j_LICENSE.txt  
  inflating: kotlinc/license/third_party/asm_license.txt  
  inflating: kotlinc/license/third_party/closure-compiler_LICENSE.txt  
  inflating: kotlinc/license/third_party/dart_LICENSE.txt  
  inflating: kotlinc/license/third_party/jshashtable_license.txt  
  inflating: kotlinc/license/third_party/json_LICENSE.txt  
  inflating: kotlinc/license/third_party/maven_LICENSE.txt  
  inflating: kotlinc/license/third_party/pcollections_LICENSE.txt  
  inflating: kotlinc/license/third_party/prototype_license.txt  
  inflating: kotlinc/license/third_party/rhino_LICENSE.txt  
  inflating: kotlinc/bin/kotlin.bat  
  inflating: kotlinc/bin/kotlinc-js.bat  
  inflating: kotlinc/bin/kotlinc-jvm.bat  
  inflating: kotlinc/bin/kotlinc.bat  
  inflating: kotlinc/bin/kotlin      
  inflating: kotlinc/bin/kotlinc     
  inflating: kotlinc/bin/kotlinc-js  
  inflating: kotlinc/bin/kotlinc-jvm  
