Sun Feb  5 02:06:47 UTC 2017
Cloning into 'lily'...
-- The C compiler identification is GNU 6.3.1
-- The CXX compiler identification is GNU 6.3.1
-- Check for working C compiler: /usr/bin/cc
-- Check for working C compiler: /usr/bin/cc -- works
-- Detecting C compiler ABI info
-- Detecting C compiler ABI info - done
-- Detecting C compile features
-- Detecting C compile features - done
-- Check for working CXX compiler: /usr/bin/c++
-- Check for working CXX compiler: /usr/bin/c++ -- works
-- Detecting CXX compiler ABI info
-- Detecting CXX compiler ABI info - done
-- Detecting CXX compile features
-- Detecting CXX compile features - done
-- Configuring done
-- Generating done
-- Build files have been written to: /opt/lily
Scanning dependencies of target liblily_obj
[  3%] Building C object src/CMakeFiles/liblily_obj.dir/lily_alloc.c.o
[  6%] Building C object src/CMakeFiles/liblily_obj.dir/lily_api_value.c.o
[ 10%] Building C object src/CMakeFiles/liblily_obj.dir/lily_buffer_u16.c.o
[ 13%] Building C object src/CMakeFiles/liblily_obj.dir/lily_code_iter.c.o
[ 17%] Building C object src/CMakeFiles/liblily_obj.dir/lily_emitter.c.o
[ 20%] Building C object src/CMakeFiles/liblily_obj.dir/lily_expr.c.o
[ 24%] Building C object src/CMakeFiles/liblily_obj.dir/lily_generic_pool.c.o
[ 27%] Building C object src/CMakeFiles/liblily_obj.dir/lily_lexer.c.o
[ 31%] Building C object src/CMakeFiles/liblily_obj.dir/lily_library.c.o
[ 34%] Building C object src/CMakeFiles/liblily_obj.dir/lily_move.c.o
[ 37%] Building C object src/CMakeFiles/liblily_obj.dir/lily_msgbuf.c.o
[ 41%] Building C object src/CMakeFiles/liblily_obj.dir/lily_options.c.o
[ 44%] Building C object src/CMakeFiles/liblily_obj.dir/lily_parser.c.o
[ 48%] Building C object src/CMakeFiles/liblily_obj.dir/lily_pkg_builtin.c.o
[ 51%] Building C object src/CMakeFiles/liblily_obj.dir/lily_pkg_random.c.o
[ 55%] Building C object src/CMakeFiles/liblily_obj.dir/lily_pkg_sys.c.o
[ 58%] Building C object src/CMakeFiles/liblily_obj.dir/lily_pkg_time.c.o
[ 62%] Building C object src/CMakeFiles/liblily_obj.dir/lily_raiser.c.o
[ 65%] Building C object src/CMakeFiles/liblily_obj.dir/lily_string_pile.c.o
[ 68%] Building C object src/CMakeFiles/liblily_obj.dir/lily_symtab.c.o
[ 72%] Building C object src/CMakeFiles/liblily_obj.dir/lily_type_maker.c.o
[ 75%] Building C object src/CMakeFiles/liblily_obj.dir/lily_type_system.c.o
[ 79%] Building C object src/CMakeFiles/liblily_obj.dir/lily_utf8.c.o
[ 82%] Building C object src/CMakeFiles/liblily_obj.dir/lily_value_stack.c.o
[ 86%] Building C object src/CMakeFiles/liblily_obj.dir/lily_vm.c.o
[ 89%] Building C object src/CMakeFiles/liblily_obj.dir/st.c.o
[ 89%] Built target liblily_obj
Scanning dependencies of target liblily
[ 93%] Linking C shared library ../lib/liblily.so
[ 93%] Built target liblily
Scanning dependencies of target lily
[ 96%] Building C object run/CMakeFiles/lily.dir/lily.c.o
[100%] Linking C executable ../lily
[100%] Built target lily
