Sun Feb  5 02:06:54 UTC 2017
Cloning into 'lci'...
-- The C compiler identification is GNU 6.3.1
-- The CXX compiler identification is GNU 6.3.1
-- Check for working C compiler: /usr/bin/cc
-- Check for working C compiler: /usr/bin/cc -- works
-- Detecting C compiler ABI info
-- Detecting C compiler ABI info - done
-- Detecting C compile features
-- Detecting C compile features - done
-- Check for working CXX compiler: /usr/bin/c++
-- Check for working CXX compiler: /usr/bin/c++ -- works
-- Detecting CXX compiler ABI info
-- Detecting CXX compiler ABI info - done
-- Detecting CXX compile features
-- Detecting CXX compile features - done
-- Could NOT find Doxygen (missing:  DOXYGEN_EXECUTABLE) 
CMake Warning at CMakeLists.txt:59 (message):
  Couldn't find doxygen.  You won't be able to generate documentation now


-- Configuring done
-- Generating done
-- Build files have been written to: /opt/lci/bin
Scanning dependencies of target lci
[ 12%] Building C object CMakeFiles/lci.dir/interpreter.c.o
[ 25%] Building C object CMakeFiles/lci.dir/lexer.c.o
[ 37%] Building C object CMakeFiles/lci.dir/main.c.o
[ 50%] Building C object CMakeFiles/lci.dir/parser.c.o
[ 62%] Building C object CMakeFiles/lci.dir/tokenizer.c.o
[ 75%] Building C object CMakeFiles/lci.dir/unicode.c.o
[ 87%] Building C object CMakeFiles/lci.dir/error.c.o
[100%] Linking C executable lci
[100%] Built target lci
