Sun Feb  5 02:09:39 UTC 2017
--2017-02-05 02:09:39--  http://software-lab.de/picoLisp.tgz
Resolving software-lab.de (software-lab.de)... 81.169.145.86, 2a01:238:20a:202:1086::
Connecting to software-lab.de (software-lab.de)|81.169.145.86|:80... connected.
HTTP request sent, awaiting response... 200 OK
Length: 984178 (961K) [text/plain]
Saving to: ‘picoLisp.tgz’

     0K .......... .......... .......... .......... ..........  5%  127K 7s
    50K .......... .......... .......... .......... .......... 10%  501K 4s
   100K .......... .......... .......... .......... .......... 15%  254K 4s
   150K .......... .......... .......... .......... .......... 20%  507K 3s
   200K .......... .......... .......... .......... .......... 26%  249K 3s
   250K .......... .......... .......... .......... .......... 31%  255K 3s
   300K .......... .......... .......... .......... .......... 36%  503K 2s
   350K .......... .......... .......... .......... .......... 41%  254K 2s
   400K .......... .......... .......... .......... .......... 46%  278K 2s
   450K .......... .......... .......... .......... .......... 52%  426K 2s
   500K .......... .......... .......... .......... .......... 57%  256K 1s
   550K .......... .......... .......... .......... .......... 62%  501K 1s
   600K .......... .......... .......... .......... .......... 67%  252K 1s
   650K .......... .......... .......... .......... .......... 72%  252K 1s
   700K .......... .......... .......... .......... .......... 78%  502K 1s
   750K .......... .......... .......... .......... .......... 83%  255K 1s
   800K .......... .......... .......... .......... .......... 88%  501K 0s
   850K .......... .......... .......... .......... .......... 93%  254K 0s
   900K .......... .......... .......... .......... .......... 98%  256K 0s
   950K .......... .                                          100% 8.09M=3.3s

2017-02-05 02:09:43 (295 KB/s) - ‘picoLisp.tgz’ saved [984178/984178]

./mkAsm x86-64 ".linux" .s Linux base "" ../lib/map  version.l glob.l main.l gc.l apply.l flow.l sym.l subr.l big.l io.l db.l net.l err.l sys/x86-64.linux.code.l
as -o x86-64.linux.base.o x86-64.linux.base.s
cc -o ../bin/picolisp x86-64.linux.base.o -Wl,--no-as-needed -rdynamic -lc -lm -ldl 
strip ../bin/picolisp
./mkAsm x86-64 ".linux" .s Linux ext T ""  ext.l
as -o x86-64.linux.ext.o x86-64.linux.ext.s
cc -o ../lib/ext x86-64.linux.ext.o -shared -export-dynamic
strip ../lib/ext
./mkAsm x86-64 ".linux" .s Linux ht T ""  ht.l
as -o x86-64.linux.ht.o x86-64.linux.ht.s
cc -o ../lib/ht x86-64.linux.ht.o -shared -export-dynamic
strip ../lib/ht
