Sun Feb  5 02:11:00 UTC 2017
Cloning into 'PMA'...
-- The CXX compiler identification is GNU 6.3.1
-- Check for working CXX compiler: /usr/bin/c++
-- Check for working CXX compiler: /usr/bin/c++ -- works
-- Detecting CXX compiler ABI info
-- Detecting CXX compiler ABI info - done
-- Detecting CXX compile features
-- Detecting CXX compile features - done
-- Configuring done
-- Generating done
-- Build files have been written to: /opt/PMA/snails
Scanning dependencies of target snails_lib
[  7%] Building CXX object CMakeFiles/snails_lib.dir/compile.cpp.o
[ 15%] Building CXX object CMakeFiles/snails_lib.dir/encoding.cpp.o
[ 23%] Building CXX object CMakeFiles/snails_lib.dir/execute.cpp.o
[ 30%] Building CXX object CMakeFiles/snails_lib.dir/grid.cpp.o
[ 38%] Building CXX object CMakeFiles/snails_lib.dir/interpreter.cpp.o
[ 46%] Building CXX object CMakeFiles/snails_lib.dir/parse.cpp.o
[ 53%] Building CXX object CMakeFiles/snails_lib.dir/pattern.cpp.o
[ 61%] Building CXX object CMakeFiles/snails_lib.dir/state.cpp.o
[ 69%] Linking CXX static library libsnails_lib.a
[ 69%] Built target snails_lib
Scanning dependencies of target snails
[ 76%] Building CXX object CMakeFiles/snails.dir/main/main.cpp.o
[ 84%] Linking CXX executable snails
[ 84%] Built target snails
Scanning dependencies of target test_
[ 92%] Building CXX object CMakeFiles/test_.dir/test/test.cpp.o
[100%] Linking CXX executable test
[100%] Built target test_
