Sun Feb  5 02:11:14 UTC 2017
Cloning into 'WSpace'...
ghc -c -O -fvia-C Tokens.hs -o Tokens.o

on the commandline: warning:
    The -fvia-C flag does nothing; it will be removed in a future GHC release
ghc -c -O -fvia-C VM.hs -o VM.o

on the commandline: warning:
    The -fvia-C flag does nothing; it will be removed in a future GHC release

VM.hs:44:1: warning: [-Wtabs]
    Tab character found here, and in 29 further locations.
    Please use spaces instead.
ghc -c -O -fvia-C Input.hs -o Input.o

on the commandline: warning:
    The -fvia-C flag does nothing; it will be removed in a future GHC release

Input.hs:59:1: warning: [-Wtabs]
    Tab character found here, and in 21 further locations.
    Please use spaces instead.
ghc -c -O -fvia-C main.hs -o main.o

on the commandline: warning:
    The -fvia-C flag does nothing; it will be removed in a future GHC release

main.hs:36:1: warning: [-Wtabs]
    Tab character found here, and in three further locations.
    Please use spaces instead.
ghc -O -fvia-C main.o Input.o VM.o Tokens.o -o wspace

on the commandline: warning:
    The -fvia-C flag does nothing; it will be removed in a future GHC release
