-- Logs begin at Sun 2017-02-05 01:46:04 UTC, end at Sun 2017-02-05 02:12:46 UTC. --
Feb 05 01:46:31 arena.tryitonline.nz run-scripts[3795]: (stage1) starting 010-createswap
Feb 05 01:46:35 arena.tryitonline.nz run-scripts[3830]: (stage1) finished 010-createswap 4s {0}
Feb 05 01:46:35 arena.tryitonline.nz run-scripts[3832]: (stage1) starting 015-installselinux
Feb 05 01:47:07 arena.tryitonline.nz run-scripts[5051]: (stage1) finished 015-installselinux 32s {0}
Feb 05 01:47:07 arena.tryitonline.nz run-scripts[5053]: (stage1) starting 020-installrunonce
Feb 05 01:47:07 arena.tryitonline.nz run-scripts[5088]: (stage1) finished 020-installrunonce 0s {0}
Feb 05 01:47:07 arena.tryitonline.nz run-scripts[5090]: (stage1) starting 025-setcontinue
Feb 05 01:47:07 arena.tryitonline.nz run-scripts[5106]: (stage1) finished 025-setcontinue 0s {0}
-- Reboot --
Feb 05 01:47:49 arena.tryitonline.nz run-scripts[969]: (stage2) starting 005-setuprunner
Feb 05 01:47:50 arena.tryitonline.nz run-scripts[1051]: (stage2) finished 005-setuprunner 1s {0}
Feb 05 01:47:50 arena.tryitonline.nz run-scripts[1056]: (stage2) starting 010-clonearena
Feb 05 01:47:50 arena.tryitonline.nz run-scripts[1078]: (stage2) finished 010-clonearena 0s {0}
Feb 05 01:47:50 arena.tryitonline.nz run-scripts[1080]: (stage2) starting 015-configureselinux
Feb 05 01:47:54 arena.tryitonline.nz run-scripts[1159]: (stage2) finished 015-configureselinux 4s {0}
Feb 05 01:47:54 arena.tryitonline.nz run-scripts[1161]: (stage2) starting 020-configurednf
Feb 05 01:47:56 arena.tryitonline.nz run-scripts[1187]: (stage2) finished 020-configurednf 2s {0}
Feb 05 01:47:56 arena.tryitonline.nz run-scripts[1189]: (stage2) starting 025-updatednf
Feb 05 01:50:24 arena.tryitonline.nz run-scripts[3004]: (stage2) finished 025-updatednf 2m 28s {0}
Feb 05 01:50:24 arena.tryitonline.nz run-scripts[3006]: (stage2) starting 030-installdnf
Feb 05 01:55:39 arena.tryitonline.nz run-scripts[11632]: (stage2) finished 030-installdnf 5m 15s {0}
Feb 05 01:55:39 arena.tryitonline.nz run-scripts[11634]: (stage2) starting 035-installdmd
Feb 05 01:56:09 arena.tryitonline.nz run-scripts[12023]: (stage2) finished 035-installdmd 30s {0}
Feb 05 01:56:09 arena.tryitonline.nz run-scripts[12025]: (stage2) starting 040-installnpm
Feb 05 01:56:22 arena.tryitonline.nz run-scripts[12055]: (stage2) finished 040-installnpm 13s {0}
Feb 05 01:56:22 arena.tryitonline.nz run-scripts[12057]: (stage2) starting 045-installpython
Feb 05 01:56:56 arena.tryitonline.nz run-scripts[12207]: (stage2) finished 045-installpython 34s {0}
Feb 05 01:56:56 arena.tryitonline.nz run-scripts[12209]: (stage2) starting 050-installoctave
Feb 05 01:57:07 arena.tryitonline.nz run-scripts[12284]: (stage2) finished 050-installoctave 11s {0}
Feb 05 01:57:07 arena.tryitonline.nz run-scripts[12286]: (stage2) starting 055-patchmathics
Feb 05 01:57:07 arena.tryitonline.nz run-scripts[12301]: (stage2) finished 055-patchmathics 0s {0}
Feb 05 01:57:07 arena.tryitonline.nz run-scripts[12303]: (stage2) starting 060-isntallhaskell
Feb 05 01:57:30 arena.tryitonline.nz run-scripts[12376]: (stage2) finished 060-isntallhaskell 23s {0}
Feb 05 01:57:30 arena.tryitonline.nz run-scripts[12378]: (stage2) starting 065-installpowershell
Feb 05 01:57:41 arena.tryitonline.nz run-scripts[12609]: (stage2) finished 065-installpowershell 11s {0}
Feb 05 01:57:41 arena.tryitonline.nz run-scripts[12611]: (stage2) starting 070-setlimits
Feb 05 01:57:41 arena.tryitonline.nz run-scripts[12627]: (stage2) finished 070-setlimits 0s {0}
Feb 05 01:57:41 arena.tryitonline.nz run-scripts[12629]: (stage2) starting 075-installnode
Feb 05 01:57:42 arena.tryitonline.nz run-scripts[12648]: (stage2) finished 075-installnode 1s {0}
Feb 05 01:57:42 arena.tryitonline.nz run-scripts[12654]: (/TioSetup/arena/languages) starting 05AB1E
Feb 05 01:57:42 arena.tryitonline.nz run-scripts[12676]: (/TioSetup/arena/languages) finished 05AB1E 0s {0}
Feb 05 01:57:42 arena.tryitonline.nz run-scripts[12678]: (/TioSetup/arena/languages) starting 2sable
Feb 05 01:57:42 arena.tryitonline.nz run-scripts[12700]: (/TioSetup/arena/languages) finished 2sable 0s {0}
Feb 05 01:57:42 arena.tryitonline.nz run-scripts[12702]: (/TioSetup/arena/languages) starting 3var
Feb 05 01:57:43 arena.tryitonline.nz run-scripts[12730]: (/TioSetup/arena/languages) finished 3var 1s {0}
Feb 05 01:57:43 arena.tryitonline.nz run-scripts[12732]: (/TioSetup/arena/languages) starting 7
Feb 05 01:57:43 arena.tryitonline.nz run-scripts[12749]: (/TioSetup/arena/languages) finished 7 0s {0}
Feb 05 01:57:43 arena.tryitonline.nz run-scripts[12751]: (/TioSetup/arena/languages) starting 99
Feb 05 01:57:43 arena.tryitonline.nz run-scripts[12773]: (/TioSetup/arena/languages) finished 99 0s {0}
Feb 05 01:57:43 arena.tryitonline.nz run-scripts[12775]: (/TioSetup/arena/languages) starting a-pear-tree
Feb 05 01:57:43 arena.tryitonline.nz run-scripts[12792]: (/TioSetup/arena/languages) finished a-pear-tree 0s {0}
Feb 05 01:57:43 arena.tryitonline.nz run-scripts[12794]: (/TioSetup/arena/languages) starting actually
Feb 05 01:57:44 arena.tryitonline.nz run-scripts[12816]: (/TioSetup/arena/languages) finished actually 1s {0}
Feb 05 01:57:44 arena.tryitonline.nz run-scripts[12818]: (/TioSetup/arena/languages) starting apl-dyalog
Feb 05 01:57:44 arena.tryitonline.nz run-scripts[12838]: (/TioSetup/arena/languages) finished apl-dyalog 0s {1}
Feb 05 01:57:44 arena.tryitonline.nz run-scripts[12840]: (/TioSetup/arena/languages) starting apl-ngn
Feb 05 01:57:47 arena.tryitonline.nz run-scripts[12959]: (/TioSetup/arena/languages) finished apl-ngn 3s {0}
Feb 05 01:57:47 arena.tryitonline.nz run-scripts[12961]: (/TioSetup/arena/languages) starting arcyou
Feb 05 01:57:47 arena.tryitonline.nz run-scripts[12983]: (/TioSetup/arena/languages) finished arcyou 0s {0}
Feb 05 01:57:47 arena.tryitonline.nz run-scripts[12985]: (/TioSetup/arena/languages) starting arnoldc
Feb 05 01:57:47 arena.tryitonline.nz run-scripts[13002]: (/TioSetup/arena/languages) finished arnoldc 0s {0}
Feb 05 01:57:47 arena.tryitonline.nz run-scripts[13004]: (/TioSetup/arena/languages) starting aubergine
Feb 05 01:57:47 arena.tryitonline.nz run-scripts[13026]: (/TioSetup/arena/languages) finished aubergine 0s {0}
Feb 05 01:57:47 arena.tryitonline.nz run-scripts[13028]: (/TioSetup/arena/languages) starting axo
Feb 05 01:57:48 arena.tryitonline.nz run-scripts[13055]: (/TioSetup/arena/languages) finished axo 1s {0}
Feb 05 01:57:48 arena.tryitonline.nz run-scripts[13057]: (/TioSetup/arena/languages) starting beam
Feb 05 01:57:48 arena.tryitonline.nz run-scripts[13079]: (/TioSetup/arena/languages) finished beam 0s {0}
Feb 05 01:57:48 arena.tryitonline.nz run-scripts[13081]: (/TioSetup/arena/languages) starting beatnik
Feb 05 01:57:48 arena.tryitonline.nz run-scripts[13103]: (/TioSetup/arena/languages) finished beatnik 0s {0}
Feb 05 01:57:48 arena.tryitonline.nz run-scripts[13105]: (/TioSetup/arena/languages) starting beeswax
Feb 05 01:57:55 arena.tryitonline.nz run-scripts[13142]: (/TioSetup/arena/languages) finished beeswax 7s {0}
Feb 05 01:57:55 arena.tryitonline.nz run-scripts[13144]: (/TioSetup/arena/languages) starting befunge
Feb 05 01:57:56 arena.tryitonline.nz run-scripts[13182]: (/TioSetup/arena/languages) finished befunge 1s {0}
Feb 05 01:57:56 arena.tryitonline.nz run-scripts[13184]: (/TioSetup/arena/languages) starting befunge-98
Feb 05 01:57:56 arena.tryitonline.nz run-scripts[13235]: (/TioSetup/arena/languages) finished befunge-98 0s {0}
Feb 05 01:57:56 arena.tryitonline.nz run-scripts[13237]: (/TioSetup/arena/languages) starting blc
Feb 05 01:57:57 arena.tryitonline.nz run-scripts[13259]: (/TioSetup/arena/languages) finished blc 1s {0}
Feb 05 01:57:57 arena.tryitonline.nz run-scripts[13261]: (/TioSetup/arena/languages) starting brachylog
Feb 05 01:57:57 arena.tryitonline.nz run-scripts[13280]: (/TioSetup/arena/languages) finished brachylog 0s {0}
Feb 05 01:57:57 arena.tryitonline.nz run-scripts[13282]: (/TioSetup/arena/languages) starting brachylog2
Feb 05 01:57:57 arena.tryitonline.nz run-scripts[13304]: (/TioSetup/arena/languages) finished brachylog2 0s {0}
Feb 05 01:57:57 arena.tryitonline.nz run-scripts[13306]: (/TioSetup/arena/languages) starting brain-flak
Feb 05 01:57:57 arena.tryitonline.nz run-scripts[13328]: (/TioSetup/arena/languages) finished brain-flak 0s {0}
Feb 05 01:57:57 arena.tryitonline.nz run-scripts[13330]: (/TioSetup/arena/languages) starting brainfuck
Feb 05 01:57:58 arena.tryitonline.nz run-scripts[13352]: (/TioSetup/arena/languages) finished brainfuck 1s {0}
Feb 05 01:57:58 arena.tryitonline.nz run-scripts[13354]: (/TioSetup/arena/languages) starting brian-chuck
Feb 05 01:57:58 arena.tryitonline.nz run-scripts[13376]: (/TioSetup/arena/languages) finished brian-chuck 0s {0}
Feb 05 01:57:58 arena.tryitonline.nz run-scripts[13378]: (/TioSetup/arena/languages) starting bubblegum
Feb 05 01:57:58 arena.tryitonline.nz run-scripts[13400]: (/TioSetup/arena/languages) finished bubblegum 0s {0}
Feb 05 01:57:58 arena.tryitonline.nz run-scripts[13402]: (/TioSetup/arena/languages) starting c-tcc
Feb 05 01:58:13 arena.tryitonline.nz run-scripts[13525]: (/TioSetup/arena/languages) finished c-tcc 15s {0}
Feb 05 01:58:13 arena.tryitonline.nz run-scripts[13527]: (/TioSetup/arena/languages) starting carcoal
Feb 05 01:58:13 arena.tryitonline.nz run-scripts[13549]: (/TioSetup/arena/languages) finished carcoal 0s {0}
Feb 05 01:58:13 arena.tryitonline.nz run-scripts[13551]: (/TioSetup/arena/languages) starting cardinal
Feb 05 01:58:13 arena.tryitonline.nz run-scripts[13574]: (/TioSetup/arena/languages) finished cardinal 0s {0}
Feb 05 01:58:13 arena.tryitonline.nz run-scripts[13576]: (/TioSetup/arena/languages) starting chip
Feb 05 01:58:14 arena.tryitonline.nz run-scripts[13599]: (/TioSetup/arena/languages) finished chip 1s {0}
Feb 05 01:58:14 arena.tryitonline.nz run-scripts[13601]: (/TioSetup/arena/languages) starting cinnamon-gum
Feb 05 01:58:14 arena.tryitonline.nz run-scripts[13624]: (/TioSetup/arena/languages) finished cinnamon-gum 0s {0}
Feb 05 01:58:14 arena.tryitonline.nz run-scripts[13626]: (/TioSetup/arena/languages) starting cjam
Feb 05 01:58:18 arena.tryitonline.nz run-scripts[13706]: (/TioSetup/arena/languages) finished cjam 4s {0}
Feb 05 01:58:18 arena.tryitonline.nz run-scripts[13708]: (/TioSetup/arena/languages) starting convex
Feb 05 01:58:19 arena.tryitonline.nz run-scripts[13730]: (/TioSetup/arena/languages) finished convex 1s {0}
Feb 05 01:58:19 arena.tryitonline.nz run-scripts[13732]: (/TioSetup/arena/languages) starting cow
Feb 05 01:58:19 arena.tryitonline.nz run-scripts[13759]: (/TioSetup/arena/languages) finished cow 0s {0}
Feb 05 01:58:19 arena.tryitonline.nz run-scripts[13761]: (/TioSetup/arena/languages) starting cubix
Feb 05 01:58:19 arena.tryitonline.nz run-scripts[13783]: (/TioSetup/arena/languages) finished cubix 0s {0}
Feb 05 01:58:19 arena.tryitonline.nz run-scripts[13785]: (/TioSetup/arena/languages) starting cy
Feb 05 01:58:20 arena.tryitonline.nz run-scripts[13808]: (/TioSetup/arena/languages) finished cy 1s {0}
Feb 05 01:58:20 arena.tryitonline.nz run-scripts[13810]: (/TioSetup/arena/languages) starting delimit
Feb 05 01:58:21 arena.tryitonline.nz run-scripts[13842]: (/TioSetup/arena/languages) finished delimit 1s {0}
Feb 05 01:58:21 arena.tryitonline.nz run-scripts[13844]: (/TioSetup/arena/languages) starting detour
Feb 05 01:58:21 arena.tryitonline.nz run-scripts[13866]: (/TioSetup/arena/languages) finished detour 0s {0}
Feb 05 01:58:21 arena.tryitonline.nz run-scripts[13868]: (/TioSetup/arena/languages) starting element
Feb 05 01:58:21 arena.tryitonline.nz run-scripts[13890]: (/TioSetup/arena/languages) finished element 0s {0}
Feb 05 01:58:21 arena.tryitonline.nz run-scripts[13892]: (/TioSetup/arena/languages) starting emmental
Feb 05 01:58:23 arena.tryitonline.nz run-scripts[13939]: (/TioSetup/arena/languages) finished emmental 2s {0}
Feb 05 01:58:23 arena.tryitonline.nz run-scripts[13941]: (/TioSetup/arena/languages) starting emoji
Feb 05 01:58:23 arena.tryitonline.nz run-scripts[13963]: (/TioSetup/arena/languages) finished emoji 0s {0}
Feb 05 01:58:23 arena.tryitonline.nz run-scripts[13965]: (/TioSetup/arena/languages) starting emojicode
Feb 05 01:58:52 arena.tryitonline.nz run-scripts[14195]: (/TioSetup/arena/languages) finished emojicode 29s {0}
Feb 05 01:58:52 arena.tryitonline.nz run-scripts[14197]: (/TioSetup/arena/languages) starting eta
Feb 05 01:58:53 arena.tryitonline.nz run-scripts[14219]: (/TioSetup/arena/languages) finished eta 1s {0}
Feb 05 01:58:53 arena.tryitonline.nz run-scripts[14221]: (/TioSetup/arena/languages) starting evil
Feb 05 01:58:54 arena.tryitonline.nz run-scripts[14253]: (/TioSetup/arena/languages) finished evil 1s {0}
Feb 05 01:58:54 arena.tryitonline.nz run-scripts[14255]: (/TioSetup/arena/languages) starting factor
Feb 05 02:05:24 arena.tryitonline.nz run-scripts[15343]: (/TioSetup/arena/languages) finished factor 6m 30s {0}
Feb 05 02:05:24 arena.tryitonline.nz run-scripts[15345]: (/TioSetup/arena/languages) starting fernando
Feb 05 02:05:24 arena.tryitonline.nz run-scripts[15367]: (/TioSetup/arena/languages) finished fernando 0s {0}
Feb 05 02:05:24 arena.tryitonline.nz run-scripts[15369]: (/TioSetup/arena/languages) starting feu
Feb 05 02:05:24 arena.tryitonline.nz run-scripts[15391]: (/TioSetup/arena/languages) finished feu 0s {0}
Feb 05 02:05:24 arena.tryitonline.nz run-scripts[15393]: (/TioSetup/arena/languages) starting fish
Feb 05 02:05:24 arena.tryitonline.nz run-scripts[15415]: (/TioSetup/arena/languages) finished fish 0s {0}
Feb 05 02:05:24 arena.tryitonline.nz run-scripts[15417]: (/TioSetup/arena/languages) starting fission
Feb 05 02:05:37 arena.tryitonline.nz run-scripts[15485]: (/TioSetup/arena/languages) finished fission 13s {0}
Feb 05 02:05:37 arena.tryitonline.nz run-scripts[15487]: (/TioSetup/arena/languages) starting focal
Feb 05 02:05:39 arena.tryitonline.nz run-scripts[15525]: (/TioSetup/arena/languages) finished focal 2s {0}
Feb 05 02:05:39 arena.tryitonline.nz run-scripts[15527]: (/TioSetup/arena/languages) starting foo
Feb 05 02:05:40 arena.tryitonline.nz run-scripts[15552]: (/TioSetup/arena/languages) finished foo 1s {0}
Feb 05 02:05:40 arena.tryitonline.nz run-scripts[15554]: (/TioSetup/arena/languages) starting forte
Feb 05 02:05:40 arena.tryitonline.nz run-scripts[15576]: (/TioSetup/arena/languages) finished forte 0s {0}
Feb 05 02:05:40 arena.tryitonline.nz run-scripts[15578]: (/TioSetup/arena/languages) starting fourier
Feb 05 02:05:40 arena.tryitonline.nz run-scripts[15600]: (/TioSetup/arena/languages) finished fourier 0s {0}
Feb 05 02:05:40 arena.tryitonline.nz run-scripts[15602]: (/TioSetup/arena/languages) starting glypho
Feb 05 02:05:41 arena.tryitonline.nz run-scripts[15634]: (/TioSetup/arena/languages) finished glypho 1s {0}
Feb 05 02:05:41 arena.tryitonline.nz run-scripts[15636]: (/TioSetup/arena/languages) starting golfscript
Feb 05 02:05:41 arena.tryitonline.nz run-scripts[15654]: (/TioSetup/arena/languages) finished golfscript 0s {0}
Feb 05 02:05:41 arena.tryitonline.nz run-scripts[15656]: (/TioSetup/arena/languages) starting grass
Feb 05 02:05:42 arena.tryitonline.nz run-scripts[15673]: (/TioSetup/arena/languages) finished grass 1s {0}
Feb 05 02:05:42 arena.tryitonline.nz run-scripts[15675]: (/TioSetup/arena/languages) starting grime
Feb 05 02:05:53 arena.tryitonline.nz run-scripts[15727]: (/TioSetup/arena/languages) finished grime 11s {0}
Feb 05 02:05:53 arena.tryitonline.nz run-scripts[15729]: (/TioSetup/arena/languages) starting gs2
Feb 05 02:05:53 arena.tryitonline.nz run-scripts[15751]: (/TioSetup/arena/languages) finished gs2 0s {0}
Feb 05 02:05:53 arena.tryitonline.nz run-scripts[15753]: (/TioSetup/arena/languages) starting haystack
Feb 05 02:05:53 arena.tryitonline.nz run-scripts[15775]: (/TioSetup/arena/languages) finished haystack 0s {0}
Feb 05 02:05:53 arena.tryitonline.nz run-scripts[15777]: (/TioSetup/arena/languages) starting hexagony
Feb 05 02:05:53 arena.tryitonline.nz run-scripts[15799]: (/TioSetup/arena/languages) finished hexagony 0s {0}
Feb 05 02:05:53 arena.tryitonline.nz run-scripts[15801]: (/TioSetup/arena/languages) starting intercal
Feb 05 02:06:05 arena.tryitonline.nz run-scripts[17265]: (/TioSetup/arena/languages) finished intercal 12s {0}
Feb 05 02:06:05 arena.tryitonline.nz run-scripts[17267]: (/TioSetup/arena/languages) starting j
Feb 05 02:06:06 arena.tryitonline.nz run-scripts[17286]: (/TioSetup/arena/languages) finished j 1s {0}
Feb 05 02:06:06 arena.tryitonline.nz run-scripts[17288]: (/TioSetup/arena/languages) starting japt
Feb 05 02:06:06 arena.tryitonline.nz run-scripts[17310]: (/TioSetup/arena/languages) finished japt 0s {0}
Feb 05 02:06:06 arena.tryitonline.nz run-scripts[17312]: (/TioSetup/arena/languages) starting javascript-node
Feb 05 02:06:07 arena.tryitonline.nz run-scripts[17331]: (/TioSetup/arena/languages) finished javascript-node 1s {0}
Feb 05 02:06:07 arena.tryitonline.nz run-scripts[17333]: (/TioSetup/arena/languages) starting jelly
Feb 05 02:06:07 arena.tryitonline.nz run-scripts[17355]: (/TioSetup/arena/languages) finished jelly 0s {0}
Feb 05 02:06:07 arena.tryitonline.nz run-scripts[17357]: (/TioSetup/arena/languages) starting jellyfish
Feb 05 02:06:07 arena.tryitonline.nz run-scripts[17379]: (/TioSetup/arena/languages) finished jellyfish 0s {0}
Feb 05 02:06:07 arena.tryitonline.nz run-scripts[17381]: (/TioSetup/arena/languages) starting joy
Feb 05 02:06:27 arena.tryitonline.nz run-scripts[17403]: (/TioSetup/arena/languages) finished joy 20s {0}
Feb 05 02:06:27 arena.tryitonline.nz run-scripts[17405]: (/TioSetup/arena/languages) starting julia
Feb 05 02:06:29 arena.tryitonline.nz run-scripts[17424]: (/TioSetup/arena/languages) finished julia 2s {0}
Feb 05 02:06:29 arena.tryitonline.nz run-scripts[17426]: (/TioSetup/arena/languages) starting julia5
Feb 05 02:06:33 arena.tryitonline.nz run-scripts[17445]: (/TioSetup/arena/languages) finished julia5 4s {0}
Feb 05 02:06:33 arena.tryitonline.nz run-scripts[17447]: (/TioSetup/arena/languages) starting k-kona
Feb 05 02:06:46 arena.tryitonline.nz run-scripts[17629]: (/TioSetup/arena/languages) finished k-kona 13s {0}
Feb 05 02:06:46 arena.tryitonline.nz run-scripts[17631]: (/TioSetup/arena/languages) starting kotlin
Feb 05 02:06:47 arena.tryitonline.nz run-scripts[17649]: (/TioSetup/arena/languages) finished kotlin 1s {0}
Feb 05 02:06:47 arena.tryitonline.nz run-scripts[17651]: (/TioSetup/arena/languages) starting labirynth
Feb 05 02:06:47 arena.tryitonline.nz run-scripts[17673]: (/TioSetup/arena/languages) finished labirynth 0s {0}
Feb 05 02:06:47 arena.tryitonline.nz run-scripts[17675]: (/TioSetup/arena/languages) starting lily
Feb 05 02:06:54 arena.tryitonline.nz run-scripts[17991]: (/TioSetup/arena/languages) finished lily 7s {0}
Feb 05 02:06:54 arena.tryitonline.nz run-scripts[17993]: (/TioSetup/arena/languages) starting logicode
Feb 05 02:06:54 arena.tryitonline.nz run-scripts[18017]: (/TioSetup/arena/languages) finished logicode 0s {0}
Feb 05 02:06:54 arena.tryitonline.nz run-scripts[18019]: (/TioSetup/arena/languages) starting lolcode
Feb 05 02:06:57 arena.tryitonline.nz run-scripts[18213]: (/TioSetup/arena/languages) finished lolcode 3s {0}
Feb 05 02:06:57 arena.tryitonline.nz run-scripts[18215]: (/TioSetup/arena/languages) starting m
Feb 05 02:06:57 arena.tryitonline.nz run-scripts[18237]: (/TioSetup/arena/languages) finished m 0s {0}
Feb 05 02:06:57 arena.tryitonline.nz run-scripts[18239]: (/TioSetup/arena/languages) starting malbolge
Feb 05 02:06:57 arena.tryitonline.nz run-scripts[18266]: (/TioSetup/arena/languages) finished malbolge 0s {0}
Feb 05 02:06:57 arena.tryitonline.nz run-scripts[18268]: (/TioSetup/arena/languages) starting mariolang
Feb 05 02:06:58 arena.tryitonline.nz run-scripts[18294]: (/TioSetup/arena/languages) finished mariolang 1s {0}
Feb 05 02:06:58 arena.tryitonline.nz run-scripts[18296]: (/TioSetup/arena/languages) starting matl
Feb 05 02:06:59 arena.tryitonline.nz run-scripts[18318]: (/TioSetup/arena/languages) finished matl 1s {0}
Feb 05 02:06:59 arena.tryitonline.nz run-scripts[18320]: (/TioSetup/arena/languages) starting maverick
Feb 05 02:07:02 arena.tryitonline.nz run-scripts[18359]: (/TioSetup/arena/languages) finished maverick 3s {0}
Feb 05 02:07:02 arena.tryitonline.nz run-scripts[18361]: (/TioSetup/arena/languages) starting minkolang
Feb 05 02:07:03 arena.tryitonline.nz run-scripts[18383]: (/TioSetup/arena/languages) finished minkolang 1s {0}
Feb 05 02:07:03 arena.tryitonline.nz run-scripts[18385]: (/TioSetup/arena/languages) starting numerwang
Feb 05 02:07:04 arena.tryitonline.nz run-scripts[18417]: (/TioSetup/arena/languages) finished numerwang 1s {0}
Feb 05 02:07:04 arena.tryitonline.nz run-scripts[18419]: (/TioSetup/arena/languages) starting oasis
Feb 05 02:07:04 arena.tryitonline.nz run-scripts[18441]: (/TioSetup/arena/languages) finished oasis 0s {0}
Feb 05 02:07:04 arena.tryitonline.nz run-scripts[18443]: (/TioSetup/arena/languages) starting parenthetic
Feb 05 02:07:04 arena.tryitonline.nz run-scripts[18465]: (/TioSetup/arena/languages) finished parenthetic 0s {0}
Feb 05 02:07:04 arena.tryitonline.nz run-scripts[18467]: (/TioSetup/arena/languages) starting pari-gp
Feb 05 02:09:39 arena.tryitonline.nz run-scripts[19812]: (/TioSetup/arena/languages) finished pari-gp 2m 35s {0}
Feb 05 02:09:39 arena.tryitonline.nz run-scripts[19814]: (/TioSetup/arena/languages) starting pbrain
Feb 05 02:09:39 arena.tryitonline.nz run-scripts[19841]: (/TioSetup/arena/languages) finished pbrain 0s {0}
Feb 05 02:09:39 arena.tryitonline.nz run-scripts[19843]: (/TioSetup/arena/languages) starting picolisp
Feb 05 02:09:47 arena.tryitonline.nz run-scripts[19897]: (/TioSetup/arena/languages) finished picolisp 8s {0}
Feb 05 02:09:47 arena.tryitonline.nz run-scripts[19899]: (/TioSetup/arena/languages) starting pip
Feb 05 02:09:47 arena.tryitonline.nz run-scripts[19921]: (/TioSetup/arena/languages) finished pip 0s {0}
Feb 05 02:09:47 arena.tryitonline.nz run-scripts[19923]: (/TioSetup/arena/languages) starting pl
Feb 05 02:09:48 arena.tryitonline.nz run-scripts[19945]: (/TioSetup/arena/languages) finished pl 1s {0}
Feb 05 02:09:48 arena.tryitonline.nz run-scripts[19947]: (/TioSetup/arena/languages) starting prelude
Feb 05 02:09:48 arena.tryitonline.nz run-scripts[19969]: (/TioSetup/arena/languages) finished prelude 0s {0}
Feb 05 02:09:48 arena.tryitonline.nz run-scripts[19971]: (/TioSetup/arena/languages) starting purple
Feb 05 02:09:48 arena.tryitonline.nz run-scripts[19993]: (/TioSetup/arena/languages) finished purple 0s {0}
Feb 05 02:09:48 arena.tryitonline.nz run-scripts[19995]: (/TioSetup/arena/languages) starting pushy
Feb 05 02:09:48 arena.tryitonline.nz run-scripts[20017]: (/TioSetup/arena/languages) finished pushy 0s {0}
Feb 05 02:09:48 arena.tryitonline.nz run-scripts[20019]: (/TioSetup/arena/languages) starting pylons
Feb 05 02:09:48 arena.tryitonline.nz run-scripts[20041]: (/TioSetup/arena/languages) finished pylons 0s {0}
Feb 05 02:09:48 arena.tryitonline.nz run-scripts[20043]: (/TioSetup/arena/languages) starting pyramid-scheme
Feb 05 02:09:48 arena.tryitonline.nz run-scripts[20065]: (/TioSetup/arena/languages) finished pyramid-scheme 0s {0}
Feb 05 02:09:48 arena.tryitonline.nz run-scripts[20067]: (/TioSetup/arena/languages) starting pyth
Feb 05 02:09:49 arena.tryitonline.nz run-scripts[20089]: (/TioSetup/arena/languages) finished pyth 1s {0}
Feb 05 02:09:49 arena.tryitonline.nz run-scripts[20091]: (/TioSetup/arena/languages) starting racket
Feb 05 02:09:55 arena.tryitonline.nz run-scripts[20129]: (/TioSetup/arena/languages) finished racket 6s {0}
Feb 05 02:09:55 arena.tryitonline.nz run-scripts[20131]: (/TioSetup/arena/languages) starting rail
Feb 05 02:10:01 arena.tryitonline.nz run-scripts[20182]: (/TioSetup/arena/languages) finished rail 6s {0}
Feb 05 02:10:01 arena.tryitonline.nz run-scripts[20184]: (/TioSetup/arena/languages) starting reticular
Feb 05 02:10:01 arena.tryitonline.nz run-scripts[20206]: (/TioSetup/arena/languages) finished reticular 0s {0}
Feb 05 02:10:01 arena.tryitonline.nz run-scripts[20208]: (/TioSetup/arena/languages) starting retina
Feb 05 02:10:01 arena.tryitonline.nz run-scripts[20230]: (/TioSetup/arena/languages) finished retina 0s {0}
Feb 05 02:10:01 arena.tryitonline.nz run-scripts[20232]: (/TioSetup/arena/languages) starting rotor
Feb 05 02:10:02 arena.tryitonline.nz run-scripts[20254]: (/TioSetup/arena/languages) finished rotor 1s {0}
Feb 05 02:10:02 arena.tryitonline.nz run-scripts[20256]: (/TioSetup/arena/languages) starting rprogn
Feb 05 02:10:03 arena.tryitonline.nz run-scripts[20278]: (/TioSetup/arena/languages) finished rprogn 1s {0}
Feb 05 02:10:03 arena.tryitonline.nz run-scripts[20280]: (/TioSetup/arena/languages) starting rprogn2
Feb 05 02:10:03 arena.tryitonline.nz run-scripts[20302]: (/TioSetup/arena/languages) finished rprogn2 0s {0}
Feb 05 02:10:03 arena.tryitonline.nz run-scripts[20304]: (/TioSetup/arena/languages) starting scheme-chez
Feb 05 02:10:55 arena.tryitonline.nz run-scripts[21543]: (/TioSetup/arena/languages) finished scheme-chez 52s {0}
Feb 05 02:10:55 arena.tryitonline.nz run-scripts[21545]: (/TioSetup/arena/languages) starting seriously
Feb 05 02:10:56 arena.tryitonline.nz run-scripts[21568]: (/TioSetup/arena/languages) finished seriously 1s {0}
Feb 05 02:10:56 arena.tryitonline.nz run-scripts[21570]: (/TioSetup/arena/languages) starting sesos
Feb 05 02:10:56 arena.tryitonline.nz run-scripts[21592]: (/TioSetup/arena/languages) finished sesos 0s {0}
Feb 05 02:10:56 arena.tryitonline.nz run-scripts[21594]: (/TioSetup/arena/languages) starting shapescript
Feb 05 02:10:56 arena.tryitonline.nz run-scripts[21616]: (/TioSetup/arena/languages) finished shapescript 0s {0}
Feb 05 02:10:56 arena.tryitonline.nz run-scripts[21618]: (/TioSetup/arena/languages) starting shtriped
Feb 05 02:10:56 arena.tryitonline.nz run-scripts[21640]: (/TioSetup/arena/languages) finished shtriped 0s {0}
Feb 05 02:10:56 arena.tryitonline.nz run-scripts[21642]: (/TioSetup/arena/languages) starting silos
Feb 05 02:10:58 arena.tryitonline.nz run-scripts[21674]: (/TioSetup/arena/languages) finished silos 2s {0}
Feb 05 02:10:58 arena.tryitonline.nz run-scripts[21676]: (/TioSetup/arena/languages) starting slashes
Feb 05 02:10:58 arena.tryitonline.nz run-scripts[21698]: (/TioSetup/arena/languages) finished slashes 0s {0}
Feb 05 02:10:58 arena.tryitonline.nz run-scripts[21700]: (/TioSetup/arena/languages) starting smbf
Feb 05 02:11:00 arena.tryitonline.nz run-scripts[21722]: (/TioSetup/arena/languages) finished smbf 1s {0}
Feb 05 02:11:00 arena.tryitonline.nz run-scripts[21724]: (/TioSetup/arena/languages) starting snails
Feb 05 02:11:04 arena.tryitonline.nz run-scripts[21889]: (/TioSetup/arena/languages) finished snails 4s {0}
Feb 05 02:11:04 arena.tryitonline.nz run-scripts[21891]: (/TioSetup/arena/languages) starting snowman
Feb 05 02:11:07 arena.tryitonline.nz run-scripts[21921]: (/TioSetup/arena/languages) finished snowman 3s {0}
Feb 05 02:11:07 arena.tryitonline.nz run-scripts[21923]: (/TioSetup/arena/languages) starting somme
Feb 05 02:11:08 arena.tryitonline.nz run-scripts[21945]: (/TioSetup/arena/languages) finished somme 1s {0}
Feb 05 02:11:08 arena.tryitonline.nz run-scripts[21947]: (/TioSetup/arena/languages) starting stackcats
Feb 05 02:11:08 arena.tryitonline.nz run-scripts[21969]: (/TioSetup/arena/languages) finished stackcats 0s {0}
Feb 05 02:11:08 arena.tryitonline.nz run-scripts[21971]: (/TioSetup/arena/languages) starting stacked
Feb 05 02:11:08 arena.tryitonline.nz run-scripts[21993]: (/TioSetup/arena/languages) finished stacked 0s {0}
Feb 05 02:11:08 arena.tryitonline.nz run-scripts[21995]: (/TioSetup/arena/languages) starting starry
Feb 05 02:11:08 arena.tryitonline.nz run-scripts[22017]: (/TioSetup/arena/languages) finished starry 0s {0}
Feb 05 02:11:08 arena.tryitonline.nz run-scripts[22019]: (/TioSetup/arena/languages) starting straw
Feb 05 02:11:08 arena.tryitonline.nz run-scripts[22041]: (/TioSetup/arena/languages) finished straw 0s {0}
Feb 05 02:11:08 arena.tryitonline.nz run-scripts[22043]: (/TioSetup/arena/languages) starting taxi
Feb 05 02:11:09 arena.tryitonline.nz run-scripts[22070]: (/TioSetup/arena/languages) finished taxi 1s {0}
Feb 05 02:11:09 arena.tryitonline.nz run-scripts[22072]: (/TioSetup/arena/languages) starting templates
Feb 05 02:11:10 arena.tryitonline.nz run-scripts[22094]: (/TioSetup/arena/languages) finished templates 1s {0}
Feb 05 02:11:10 arena.tryitonline.nz run-scripts[22096]: (/TioSetup/arena/languages) starting threead
Feb 05 02:11:10 arena.tryitonline.nz run-scripts[22118]: (/TioSetup/arena/languages) finished threead 0s {0}
Feb 05 02:11:10 arena.tryitonline.nz run-scripts[22120]: (/TioSetup/arena/languages) starting thue
Feb 05 02:11:10 arena.tryitonline.nz run-scripts[22149]: (/TioSetup/arena/languages) finished thue 0s {0}
Feb 05 02:11:10 arena.tryitonline.nz run-scripts[22151]: (/TioSetup/arena/languages) starting thutu
Feb 05 02:11:10 arena.tryitonline.nz run-scripts[22176]: (/TioSetup/arena/languages) finished thutu 0s {0}
Feb 05 02:11:10 arena.tryitonline.nz run-scripts[22178]: (/TioSetup/arena/languages) starting tinylisp
Feb 05 02:11:10 arena.tryitonline.nz run-scripts[22200]: (/TioSetup/arena/languages) finished tinylisp 0s {0}
Feb 05 02:11:10 arena.tryitonline.nz run-scripts[22202]: (/TioSetup/arena/languages) starting transcript
Feb 05 02:11:11 arena.tryitonline.nz run-scripts[22224]: (/TioSetup/arena/languages) finished transcript 1s {0}
Feb 05 02:11:11 arena.tryitonline.nz run-scripts[22226]: (/TioSetup/arena/languages) starting trigger
Feb 05 02:11:11 arena.tryitonline.nz run-scripts[22248]: (/TioSetup/arena/languages) finished trigger 0s {0}
Feb 05 02:11:11 arena.tryitonline.nz run-scripts[22250]: (/TioSetup/arena/languages) starting trumpscript
Feb 05 02:11:11 arena.tryitonline.nz run-scripts[22272]: (/TioSetup/arena/languages) finished trumpscript 0s {0}
Feb 05 02:11:11 arena.tryitonline.nz run-scripts[22274]: (/TioSetup/arena/languages) starting turtled
Feb 05 02:11:11 arena.tryitonline.nz run-scripts[22296]: (/TioSetup/arena/languages) finished turtled 0s {0}
Feb 05 02:11:11 arena.tryitonline.nz run-scripts[22298]: (/TioSetup/arena/languages) starting ubasic
Feb 05 02:11:12 arena.tryitonline.nz run-scripts[22345]: (/TioSetup/arena/languages) finished ubasic 1s {0}
Feb 05 02:11:12 arena.tryitonline.nz run-scripts[22347]: (/TioSetup/arena/languages) starting underload
Feb 05 02:11:12 arena.tryitonline.nz run-scripts[22377]: (/TioSetup/arena/languages) finished underload 0s {0}
Feb 05 02:11:12 arena.tryitonline.nz run-scripts[22379]: (/TioSetup/arena/languages) starting unlambda
Feb 05 02:11:13 arena.tryitonline.nz run-scripts[22403]: (/TioSetup/arena/languages) finished unlambda 1s {0}
Feb 05 02:11:13 arena.tryitonline.nz run-scripts[22405]: (/TioSetup/arena/languages) starting v
Feb 05 02:11:13 arena.tryitonline.nz run-scripts[22427]: (/TioSetup/arena/languages) finished v 0s {0}
Feb 05 02:11:13 arena.tryitonline.nz run-scripts[22429]: (/TioSetup/arena/languages) starting vitsy
Feb 05 02:11:14 arena.tryitonline.nz run-scripts[22451]: (/TioSetup/arena/languages) finished vitsy 1s {0}
Feb 05 02:11:14 arena.tryitonline.nz run-scripts[22453]: (/TioSetup/arena/languages) starting whirl
Feb 05 02:11:14 arena.tryitonline.nz run-scripts[22480]: (/TioSetup/arena/languages) finished whirl 0s {0}
Feb 05 02:11:14 arena.tryitonline.nz run-scripts[22482]: (/TioSetup/arena/languages) starting whitespace
Feb 05 02:11:17 arena.tryitonline.nz run-scripts[22551]: (/TioSetup/arena/languages) finished whitespace 3s {0}
Feb 05 02:11:17 arena.tryitonline.nz run-scripts[22553]: (/TioSetup/arena/languages) starting woefully
Feb 05 02:11:17 arena.tryitonline.nz run-scripts[22575]: (/TioSetup/arena/languages) finished woefully 0s {0}
Feb 05 02:11:17 arena.tryitonline.nz run-scripts[22577]: (/TioSetup/arena/languages) starting yup
Feb 05 02:11:17 arena.tryitonline.nz run-scripts[22599]: (/TioSetup/arena/languages) finished yup 0s {0}
Feb 05 02:11:17 arena.tryitonline.nz run-scripts[22604]: (private) starting 010-custom
Feb 05 02:11:31 arena.tryitonline.nz run-scripts[22654]: (private) finished 010-custom 14s {0}
